"D:/CyclistVR/CyclistVR.uproject" 1
"../../../Engine/Plugins/2D/Paper2D/Paper2D.uplugin" 2
"../../../Engine/Plugins/Blendables/LightPropagationVolume/LightPropagationVolume.uplugin" 3
"../../../Engine/Plugins/Developer/BlankPlugin/BlankPlugin.uplugin" 4
"../../../Engine/Plugins/Developer/CodeLiteSourceCodeAccess/CodeLiteSourceCodeAccess.uplugin" 5
"../../../Engine/Plugins/Developer/GitSourceControl/GitSourceControl.uplugin" 6
"../../../Engine/Plugins/Developer/KDevelopSourceCodeAccess/KDevelopSourceCodeAccess.uplugin" 7
"../../../Engine/Plugins/Developer/NullSourceCodeAccess/NullSourceCodeAccess.uplugin" 8
"../../../Engine/Plugins/Developer/OneSkyLocalizationService/OneSkyLocalizationService.uplugin" 9
"../../../Engine/Plugins/Developer/PerforceSourceControl/PerforceSourceControl.uplugin" 10
"../../../Engine/Plugins/Developer/SubversionSourceControl/SubversionSourceControl.uplugin" 11
"../../../Engine/Plugins/Developer/UObjectPlugin/UObjectPlugin.uplugin" 12
"../../../Engine/Plugins/Developer/VisualStudioSourceCodeAccess/VisualStudioSourceCodeAccess.uplugin" 13
"../../../Engine/Plugins/Developer/XCodeSourceCodeAccess/XCodeSourceCodeAccess.uplugin" 14
"../../../Engine/Plugins/Editor/EpicSurvey/EpicSurvey.uplugin" 15
"../../../Engine/Plugins/Editor/MacGraphicsSwitching/MacGraphicsSwitching.uplugin" 16
"../../../Engine/Plugins/Editor/PluginBrowser/PluginBrowser.uplugin" 17
"../../../Engine/Plugins/Editor/SpeedTreeImporter/SpeedTreeImporter.uplugin" 18
"../../../Engine/Plugins/Editor/SuperSearchEditor/SuperSearchEditor.uplugin" 19
"../../../Engine/Plugins/Experimental/BlueprintStats/BlueprintStats.uplugin" 20
"../../../Engine/Plugins/Experimental/CharacterAI/CharacterAI.uplugin" 21
"../../../Engine/Plugins/Experimental/CodeEditor/CodeEditor.uplugin" 22
"../../../Engine/Plugins/Experimental/CodeView/CodeView.uplugin" 23
"../../../Engine/Plugins/Experimental/HTML5Networking/HTML5Networking.uplugin" 24
"../../../Engine/Plugins/Experimental/LiveEditor/LiveEditor.uplugin" 25
"../../../Engine/Plugins/Experimental/OSVR/OSVR.uplugin" 26
"../../../Engine/Plugins/Experimental/Phya/Phya.uplugin" 27
"../../../Engine/Plugins/Experimental/SignificanceManager/SignificanceManager.uplugin" 28
"../../../Engine/Plugins/Experimental/SimpleHMD/SimpleHMD.uplugin" 29
"../../../Engine/Plugins/Experimental/StereoPanorama/StereoPanorama.uplugin" 30
"../../../Engine/Plugins/Experimental/StructBox/StructBox.uplugin" 31
"../../../Engine/Plugins/Media/AndroidMedia/AndroidMedia.uplugin" 32
"../../../Engine/Plugins/Media/AvfMedia/AvfMedia.uplugin" 33
"../../../Engine/Plugins/Media/MediaPlayerEditor/MediaPlayerEditor.uplugin" 34
"../../../Engine/Plugins/Media/WmfMedia/WmfMedia.uplugin" 35
"../../../Engine/Plugins/Messaging/MessagingDebugger/MessagingDebugger.uplugin" 36
"../../../Engine/Plugins/Messaging/UdpMessaging/UdpMessaging.uplugin" 37
"../../../Engine/Plugins/MovieScene/LevelSequenceEditor/LevelSequenceEditor.uplugin" 38
"../../../Engine/Plugins/MovieScene/MatineeToLevelSequence/MatineeToLevelSequence.uplugin" 39
"../../../Engine/Plugins/NetcodeUnitTest/NetcodeUnitTest/NetcodeUnitTest.uplugin" 40
"../../../Engine/Plugins/NetcodeUnitTest/NUTUnrealEngine4/NUTUnrealEngine4.uplugin" 41
"../../../Engine/Plugins/Runtime/Advertising/IOSTapJoy/IOSTapJoy.uplugin" 42
"../../../Engine/Plugins/Runtime/Analytics/AnalyticsBlueprintLibrary/AnalyticsBlueprintLibrary.uplugin" 43
"../../../Engine/Plugins/Runtime/Analytics/AnalyticsMulticast/AnalyticsMulticast.uplugin" 44
"../../../Engine/Plugins/Runtime/Analytics/Apsalar/Apsalar.uplugin" 45
"../../../Engine/Plugins/Runtime/Analytics/FileLogging/FileLogging.uplugin" 46
"../../../Engine/Plugins/Runtime/Analytics/Flurry/Flurry.uplugin" 47
"../../../Engine/Plugins/Runtime/AndroidDeviceProfileSelector/AndroidDeviceProfileSelector.uplugin" 48
"../../../Engine/Plugins/Runtime/AndroidMoviePlayer/AndroidMoviePlayer.uplugin" 49
"../../../Engine/Plugins/Runtime/AppleMoviePlayer/AppleMoviePlayer.uplugin" 50
"../../../Engine/Plugins/Runtime/ArchVisCharacter/ArchVisCharacter.uplugin" 51
"../../../Engine/Plugins/Runtime/CableComponent/CableComponent.uplugin" 52
"../../../Engine/Plugins/Runtime/CustomMeshComponent/CustomMeshComponent.uplugin" 53
"../../../Engine/Plugins/Runtime/ExampleDeviceProfileSelector/ExampleDeviceProfileSelector.uplugin" 54
"../../../Engine/Plugins/Runtime/GearVR/GearVR.uplugin" 55
"../../../Engine/Plugins/Runtime/GoogleVR/GoogleVRController/GoogleVRController.uplugin" 56
"../../../Engine/Plugins/Runtime/GoogleVR/GoogleVRHMD/GoogleVRHMD.uplugin" 57
"../../../Engine/Plugins/Runtime/IOSDeviceProfileSelector/IOSDeviceProfileSelector.uplugin" 58
"../../../Engine/Plugins/Runtime/LeapMotion/LeapMotion.uplugin" 59
"../../../Engine/Plugins/Runtime/LinuxDeviceProfileSelector/LinuxDeviceProfileSelector.uplugin" 60
"../../../Engine/Plugins/Runtime/LiveEditorListenServer/LiveEditorListenServer.uplugin" 61
"../../../Engine/Plugins/Runtime/OculusAudio/OculusAudio.uplugin" 62
"../../../Engine/Plugins/Runtime/OculusInput/OculusInput.uplugin" 63
"../../../Engine/Plugins/Runtime/OculusLibrary/OculusLibrary.uplugin" 64
"../../../Engine/Plugins/Runtime/OculusRift/OculusRift.uplugin" 65
"../../../Engine/Plugins/Runtime/PacketHandlers/CompressionComponents/Oodle/Oodle.uplugin" 66
"../../../Engine/Plugins/Runtime/ProceduralMeshComponent/ProceduralMeshComponent.uplugin" 67
"../../../Engine/Plugins/Runtime/SoundMod/SoundMod.uplugin" 68
"../../../Engine/Plugins/Runtime/SoundVisualizations/SoundVisualizations.uplugin" 69
"../../../Engine/Plugins/Runtime/Steam/SteamController/SteamController.uplugin" 70
"../../../Engine/Plugins/Runtime/Steam/SteamVR/SteamVR.uplugin" 71
"../../../Engine/Plugins/Runtime/WebBrowserWidget/WebBrowserWidget.uplugin" 72
"../../../Engine/Plugins/Runtime/WindowsDeviceProfileSelector/WindowsDeviceProfileSelector.uplugin" 73
"../../../Engine/Plugins/Runtime/WindowsMoviePlayer/WindowsMoviePlayer.uplugin" 74
"../../../Engine/Plugins/ScriptPlugin/ScriptPlugin.uplugin" 75
"../../../Engine/Plugins/Slate/SlateRemote/SlateRemote.uplugin" 76
"..\..\..\Engine\Content\Internationalization\icudt53l\cnvalias.icu" 77
"..\..\..\Engine\Content\Internationalization\icudt53l\res_index.res" 78
"..\..\..\Engine\Content\Internationalization\icudt53l\en_US_POSIX.res" 79
"..\..\..\Engine\Content\Internationalization\icudt53l\pool.res" 80
"..\..\..\Engine\Content\Internationalization\icudt53l\en_US.res" 81
"..\..\..\Engine\Content\Internationalization\icudt53l\en.res" 82
"..\..\..\Engine\Content\Internationalization\icudt53l\root.res" 83
"..\..\..\Engine\Content\Internationalization\icudt53l\lang\pt.res" 84
"..\..\..\Engine\Content\Internationalization\icudt53l\lang\pool.res" 85
"..\..\..\Engine\Content\Internationalization\icudt53l\lang\root.res" 86
"..\..\..\Engine\Content\Internationalization\icudt53l\region\pt.res" 87
"..\..\..\Engine\Content\Internationalization\icudt53l\region\pool.res" 88
"..\..\..\Engine\Content\Internationalization\icudt53l\region\root.res" 89
"..\..\..\Engine\Content\Internationalization\icudt53l\lang\en.res" 90
"..\..\..\Engine\Content\Internationalization\icudt53l\region\en.res" 91
"..\..\..\Engine\Content\Internationalization\icudt53l\pt_BR.res" 92
"..\..\..\Engine\Content\Internationalization\icudt53l\pt.res" 93
"C:/Users/Aluno/AppData/Local/UnrealEngine/4.12/Saved/Config/Windows/Manifest.ini" 94
"../../../Engine/Config/Base.ini" 95
"../../../Engine/Config/BaseEngine.ini" 96
"D:/CyclistVR/Config/DefaultEngine.ini" 97
"../../../Engine/Config/Windows/WindowsEngine.ini" 98
"C:/Users/Aluno/AppData/Local/Unreal Engine/Engine/Config/UserEngine.ini" 99
"D:/CyclistVR/Saved/Config/Windows/Engine.ini" 100
"D:/CyclistVR/Intermediate/Config/CoalescedSourceConfigs/Engine.ini" 101
"../../../Engine/Config/BaseGame.ini" 102
"D:/CyclistVR/Config/DefaultGame.ini" 103
"D:/CyclistVR/Saved/Config/Windows/Game.ini" 104
"D:/CyclistVR/Intermediate/Config/CoalescedSourceConfigs/Game.ini" 105
"../../../Engine/Config/BaseInput.ini" 106
"D:/CyclistVR/Config/DefaultInput.ini" 107
"D:/CyclistVR/Saved/Config/Windows/Input.ini" 108
"D:/CyclistVR/Intermediate/Config/CoalescedSourceConfigs/Input.ini" 109
"../../../Engine/Config/BaseEditor.ini" 110
"D:/CyclistVR/Config/DefaultEditor.ini" 111
"D:/CyclistVR/Saved/Config/Windows/Editor.ini" 112
"D:/CyclistVR/Intermediate/Config/CoalescedSourceConfigs/Editor.ini" 113
"../../../Engine/Config/BaseEditorPerProjectUserSettings.ini" 114
"D:/CyclistVR/Saved/Config/Windows/EditorPerProjectUserSettings.ini" 115
"D:/CyclistVR/Intermediate/Config/CoalescedSourceConfigs/EditorPerProjectUserSettings.ini" 116
"../../../Engine/Config/BaseEditorSettings.ini" 117
"C:/Users/Aluno/AppData/Local/UnrealEngine/4.12/Saved/Config/Windows/EditorSettings.ini" 118
"D:/CyclistVR/Intermediate/Config/CoalescedSourceConfigs/EditorSettings.ini" 119
"../../../Engine/Config/BaseEditorLayout.ini" 120
"C:/Users/Aluno/AppData/Local/UnrealEngine/4.12/Saved/Config/Windows/EditorLayout.ini" 121
"D:/CyclistVR/Intermediate/Config/CoalescedSourceConfigs/EditorLayout.ini" 122
"../../../Engine/Config/BaseEditorKeyBindings.ini" 123
"C:/Users/Aluno/AppData/Local/UnrealEngine/4.12/Saved/Config/Windows/EditorKeyBindings.ini" 124
"D:/CyclistVR/Intermediate/Config/CoalescedSourceConfigs/EditorKeyBindings.ini" 125
"../../../Engine/Config/BaseCompat.ini" 126
"D:/CyclistVR/Saved/Config/Windows/Compat.ini" 127
"D:/CyclistVR/Intermediate/Config/CoalescedSourceConfigs/Compat.ini" 128
"../../../Engine/Config/BaseLightmass.ini" 129
"D:/CyclistVR/Saved/Config/Windows/Lightmass.ini" 130
"D:/CyclistVR/Intermediate/Config/CoalescedSourceConfigs/Lightmass.ini" 131
"../../../Engine/Config/BaseScalability.ini" 132
"D:/CyclistVR/Saved/Config/Windows/Scalability.ini" 133
"D:/CyclistVR/Intermediate/Config/CoalescedSourceConfigs/Scalability.ini" 134
"../../../Engine/Config/BaseHardware.ini" 135
"D:/CyclistVR/Saved/Config/Windows/Hardware.ini" 136
"D:/CyclistVR/Intermediate/Config/CoalescedSourceConfigs/Hardware.ini" 137
"D:/CyclistVR/Saved/Config/Windows/GameUserSettings.ini" 138
"D:/CyclistVR/Intermediate/Config/CoalescedSourceConfigs/GameUserSettings.ini" 139
"../../../Engine/Config/BaseDeviceProfiles.ini" 140
"D:/CyclistVR/Saved/Config/Windows/DeviceProfiles.ini" 141
"D:/CyclistVR/Intermediate/Config/CoalescedSourceConfigs/DeviceProfiles.ini" 142
"../../../Engine/Config/ConsoleVariables.ini" 143
"..\..\..\Engine\Content\Internationalization\icudt53l\ar.res" 144
"..\..\..\Engine\Content\Internationalization\icudt53l\lang\ar.res" 145
"..\..\..\Engine\Content\Internationalization\icudt53l\es.res" 146
"..\..\..\Engine\Content\Internationalization\icudt53l\lang\es.res" 147
"..\..\..\Engine\Content\Internationalization\icudt53l\ja.res" 148
"..\..\..\Engine\Content\Internationalization\icudt53l\lang\ja.res" 149
"..\..\..\Engine\Content\Internationalization\icudt53l\ko.res" 150
"..\..\..\Engine\Content\Internationalization\icudt53l\lang\ko.res" 151
"..\..\..\Engine\Content\Internationalization\icudt53l\zh_CN.res" 152
"..\..\..\Engine\Content\Internationalization\icudt53l\zh_Hans_CN.res" 153
"..\..\..\Engine\Content\Internationalization\icudt53l\zh_Hans.res" 154
"..\..\..\Engine\Content\Internationalization\icudt53l\zh.res" 155
"..\..\..\Engine\Content\Internationalization\icudt53l\lang\zh_CN.res" 156
"..\..\..\Engine\Content\Internationalization\icudt53l\lang\zh_Hans_CN.res" 157
"..\..\..\Engine\Content\Internationalization\icudt53l\lang\zh_Hans.res" 158
"..\..\..\Engine\Content\Internationalization\icudt53l\lang\zh.res" 159
"..\..\..\Engine\Content\Internationalization\icudt53l\region\zh_CN.res" 160
"..\..\..\Engine\Content\Internationalization\icudt53l\region\zh_Hans_CN.res" 161
"..\..\..\Engine\Content\Internationalization\icudt53l\region\zh_Hans.res" 162
"..\..\..\Engine\Content\Internationalization\icudt53l\region\zh.res" 163
"C:/Program Files (x86)/Epic Games/4.12/Engine/Content/Localization/Engine/en/Engine.locres" 164
"C:/Program Files (x86)/Epic Games/4.12/Engine/Content/Localization/Editor/en/Editor.locres" 165
"C:/Program Files (x86)/Epic Games/4.12/Engine/Content/Localization/EditorTutorials/en/EditorTutorials.locres" 166
"C:/Program Files (x86)/Epic Games/4.12/Engine/Content/Localization/Keywords/en/Keywords.locres" 167
"C:/Program Files (x86)/Epic Games/4.12/Engine/Content/Localization/Category/en/Category.locres" 168
"C:/Program Files (x86)/Epic Games/4.12/Engine/Content/Localization/ToolTips/en/ToolTips.locres" 169
"C:/Program Files (x86)/Epic Games/4.12/Engine/Content/Localization/PropertyNames/en/PropertyNames.locres" 170
"../../../Engine/Content/Slate/Fonts/Roboto-Regular.ttf" 171
"../../../Engine/Content/Slate/Fonts/DroidSansMono.ttf" 172
"../../../Engine/Content/Slate/Fonts/Roboto-Bold.ttf" 173
"../../../Engine/Content/Slate/Fonts/Roboto-Light.ttf" 174
"C:/Program Files (x86)/Epic Games/4.12/Engine/Binaries/Win64/../../../Engine/Shaders/VectorFieldVisualizationVertexFactory.usf" 175
"C:/Program Files (x86)/Epic Games/4.12/Engine/Binaries/Win64/../../../Engine/Shaders/VertexFactoryCommon.usf" 176
"C:/Program Files (x86)/Epic Games/4.12/Engine/Binaries/Win64/../../../Engine/Shaders/Common.usf" 177
"C:/Program Files (x86)/Epic Games/4.12/Engine/Binaries/Win64/../../../Engine/Shaders/MetalCommon.usf" 178
"C:/Program Files (x86)/Epic Games/4.12/Engine/Binaries/Win64/../../../Engine/Shaders/VulkanCommon.usf" 179
"C:/Program Files (x86)/Epic Games/4.12/Engine/Binaries/Win64/../../../Engine/Shaders/ShaderVersion.usf" 180
"C:/Program Files (x86)/Epic Games/4.12/Engine/Binaries/Win64/../../../Engine/Shaders/CommonViewUniformBuffer.usf" 181
"C:/Program Files (x86)/Epic Games/4.12/Engine/Binaries/Win64/../../../Engine/Shaders/InstancedStereo.usf" 182
"C:/Program Files (x86)/Epic Games/4.12/Engine/Binaries/Win64/../../../Engine/Shaders/Definitions.usf" 183
"C:/Program Files (x86)/Epic Games/4.12/Engine/Binaries/Win64/../../../Engine/Shaders/Random.usf" 184
"C:/Program Files (x86)/Epic Games/4.12/Engine/Binaries/Win64/../../../Engine/Shaders/ParticleSpriteVertexFactory.usf" 185
"C:/Program Files (x86)/Epic Games/4.12/Engine/Binaries/Win64/../../../Engine/Shaders/ParticleVertexFactoryCommon.usf" 186
"C:/Program Files (x86)/Epic Games/4.12/Engine/Binaries/Win64/../../../Engine/Shaders/ParticleGPUSpriteVertexFactory.usf" 187
"C:/Program Files (x86)/Epic Games/4.12/Engine/Binaries/Win64/../../../Engine/Shaders/ParticleBeamTrailVertexFactory.usf" 188
"C:/Program Files (x86)/Epic Games/4.12/Engine/Binaries/Win64/../../../Engine/Shaders/MeshParticleVertexFactory.usf" 189
"C:/Program Files (x86)/Epic Games/4.12/Engine/Binaries/Win64/../../../Engine/Shaders/LocalVertexFactory.usf" 190
"C:/Program Files (x86)/Epic Games/4.12/Engine/Binaries/Win64/../../../Engine/Shaders/LocalVertexFactoryCommon.usf" 191
"C:/Program Files (x86)/Epic Games/4.12/Engine/Binaries/Win64/../../../Engine/Shaders/GpuSkinCommon.usf" 192
"C:/Program Files (x86)/Epic Games/4.12/Engine/Binaries/Win64/../../../Engine/Shaders/GpuSkinVertexFactory.usf" 193
"C:/Program Files (x86)/Epic Games/4.12/Engine/Binaries/Win64/../../../Engine/Shaders/LandscapeVertexFactory.usf" 194
"C:/Program Files (x86)/Epic Games/4.12/Engine/Binaries/Win64/../../../Engine/Shaders/SlateElementPixelShader.usf" 195
"C:/Program Files (x86)/Epic Games/4.12/Engine/Binaries/Win64/../../../Engine/Shaders/GammaCorrectionCommon.usf" 196
"C:/Program Files (x86)/Epic Games/4.12/Engine/Binaries/Win64/../../../Engine/Shaders/SlateShaderCommon.usf" 197
"C:/Program Files (x86)/Epic Games/4.12/Engine/Binaries/Win64/../../../Engine/Shaders/MaterialTemplate.usf" 198
"C:/Program Files (x86)/Epic Games/4.12/Engine/Binaries/Win64/../../../Engine/Shaders/DepthOfFieldCommon.usf" 199
"C:/Program Files (x86)/Epic Games/4.12/Engine/Binaries/Win64/../../../Engine/Shaders/CircleDOFCommon.usf" 200
"C:/Program Files (x86)/Epic Games/4.12/Engine/Binaries/Win64/../../../Engine/Shaders/GlobalDistanceFieldShared.usf" 201
"C:/Program Files (x86)/Epic Games/4.12/Engine/Binaries/Win64/../../../Engine/Shaders/SpeedTreeCommon.usf" 202
"C:/Program Files (x86)/Epic Games/4.12/Engine/Binaries/Win64/../../../Engine/Shaders/MinMaterialTexCoords.usf" 203
"C:/Program Files (x86)/Epic Games/4.12/Engine/Binaries/Win64/../../../Engine/Shaders/AtmosphereCommon.usf" 204
"C:/Program Files (x86)/Epic Games/4.12/Engine/Binaries/Win64/../../../Engine/Shaders/PaniniProjection.usf" 205
"C:/Program Files (x86)/Epic Games/4.12/Engine/Binaries/Win64/../../../Engine/Shaders/EyeAdaptationCommon.usf" 206
"C:/Program Files (x86)/Epic Games/4.12/Engine/Binaries/Win64/../../../Engine/Shaders/PostProcessCommon.usf" 207
"C:/Program Files (x86)/Epic Games/4.12/Engine/Binaries/Win64/../../../Engine/Shaders/DeferredShadingCommon.usf" 208
"C:/Program Files (x86)/Epic Games/4.12/Engine/Binaries/Win64/../../../Engine/Shaders/LightAccumulator.usf" 209
"C:/Program Files (x86)/Epic Games/4.12/Engine/Binaries/Win64/../../../Engine/Shaders/SlateVertexShader.usf" 210
"C:/Program Files (x86)/Epic Games/4.12/Engine/Binaries/Win64/../../../Engine/Shaders/VectorFieldCompositeShaders.usf" 211
"C:/Program Files (x86)/Epic Games/4.12/Engine/Binaries/Win64/../../../Engine/Shaders/UpdateTextureShaders.usf" 212
"C:/Program Files (x86)/Epic Games/4.12/Engine/Binaries/Win64/../../../Engine/Shaders/SimpleElementColorChannelMaskPixelShader.usf" 213
"C:/Program Files (x86)/Epic Games/4.12/Engine/Binaries/Win64/../../../Engine/Shaders/SimpleElementPixelShader.usf" 214
"C:/Program Files (x86)/Epic Games/4.12/Engine/Binaries/Win64/../../../Engine/Shaders/ColorUtils.usf" 215
"C:/Program Files (x86)/Epic Games/4.12/Engine/Binaries/Win64/../../../Engine/Shaders/IESLightProfilesCommon.usf" 216
"C:/Program Files (x86)/Epic Games/4.12/Engine/Binaries/Win64/../../../Engine/Shaders/SimpleElementHitProxyPixelShader.usf" 217
"C:/Program Files (x86)/Epic Games/4.12/Engine/Binaries/Win64/../../../Engine/Shaders/SimpleElementVertexShader.usf" 218
"C:/Program Files (x86)/Epic Games/4.12/Engine/Binaries/Win64/../../../Engine/Shaders/ScreenVertexShader.usf" 219
"C:/Program Files (x86)/Epic Games/4.12/Engine/Binaries/Win64/../../../Engine/Shaders/ScreenPixelShader.usf" 220
"C:/Program Files (x86)/Epic Games/4.12/Engine/Binaries/Win64/../../../Engine/Shaders/ParticleSortKeyGen.usf" 221
"C:/Program Files (x86)/Epic Games/4.12/Engine/Binaries/Win64/../../../Engine/Shaders/ParticleBoundsShader.usf" 222
"C:/Program Files (x86)/Epic Games/4.12/Engine/Binaries/Win64/../../../Engine/Shaders/ParticleSimVisualizeShader.usf" 223
"C:/Program Files (x86)/Epic Games/4.12/Engine/Binaries/Win64/../../../Engine/Shaders/ParticleInjectionShader.usf" 224
"C:/Program Files (x86)/Epic Games/4.12/Engine/Binaries/Win64/../../../Engine/Shaders/ParticleSimulationShader.usf" 225
"C:/Program Files (x86)/Epic Games/4.12/Engine/Binaries/Win64/../../../Engine/Shaders/ParticleCurveInjectionShader.usf" 226
"C:/Program Files (x86)/Epic Games/4.12/Engine/Binaries/Win64/../../../Engine/Shaders/RadixSortShaders.usf" 227
"C:/Program Files (x86)/Epic Games/4.12/Engine/Binaries/Win64/../../../Engine/Shaders/RecomputeTangentsPerVertexPass.usf" 228
"C:/Program Files (x86)/Epic Games/4.12/Engine/Binaries/Win64/../../../Engine/Shaders/RecomputeTangentsCommon.usf" 229
"C:/Program Files (x86)/Epic Games/4.12/Engine/Binaries/Win64/../../../Engine/Shaders/RecomputeTangentsPerTrianglePass.usf" 230
"C:/Program Files (x86)/Epic Games/4.12/Engine/Binaries/Win64/../../../Engine/Shaders/FastMath.usf" 231
"C:/Program Files (x86)/Epic Games/4.12/Engine/Binaries/Win64/../../../Engine/Shaders/GpuSkinCacheComputeShader.usf" 232
"C:/Program Files (x86)/Epic Games/4.12/Engine/Binaries/Win64/../../../Engine/Shaders/NullPixelShader.usf" 233
"C:/Program Files (x86)/Epic Games/4.12/Engine/Binaries/Win64/../../../Engine/Shaders/LandscapeGrassWeight.usf" 234
"C:/Program Files (x86)/Epic Games/4.12/Engine/Binaries/Win64/../../../Engine/Shaders/SimpleElementTexture2DPreviewPixelShader.usf" 235
"C:/Program Files (x86)/Epic Games/4.12/Engine/Binaries/Win64/../../../Engine/Shaders/SimpleElementNormalMapPixelShader.usf" 236
"C:/Program Files (x86)/Epic Games/4.12/Engine/Binaries/Win64/../../../Engine/Shaders/meshpaintdilatepixelshader.usf" 237
"C:/Program Files (x86)/Epic Games/4.12/Engine/Binaries/Win64/../../../Engine/Shaders/meshpaintdilatevertexshader.usf" 238
"C:/Program Files (x86)/Epic Games/4.12/Engine/Binaries/Win64/../../../Engine/Shaders/MeshPaintPixelShader.usf" 239
"C:/Program Files (x86)/Epic Games/4.12/Engine/Binaries/Win64/../../../Engine/Shaders/MeshPaintVertexShader.usf" 240
"C:/Program Files (x86)/Epic Games/4.12/Engine/Binaries/Win64/../../../Engine/Shaders/VertexDensityShader.usf" 241
"C:/Program Files (x86)/Epic Games/4.12/Engine/Binaries/Win64/../../../Engine/Shaders/VelocityShader.usf" 242
"C:/Program Files (x86)/Epic Games/4.12/Engine/Binaries/Win64/../../../Engine/Shaders/VelocityCommon.usf" 243
"C:/Program Files (x86)/Epic Games/4.12/Engine/Binaries/Win64/../../../Engine/Shaders/Tessellation.usf" 244
"C:/Program Files (x86)/Epic Games/4.12/Engine/Binaries/Win64/../../../Engine/Shaders/FlatTessellation.usf" 245
"C:/Program Files (x86)/Epic Games/4.12/Engine/Binaries/Win64/../../../Engine/Shaders/PNTriangles.usf" 246
"C:/Program Files (x86)/Epic Games/4.12/Engine/Binaries/Win64/../../../Engine/Shaders/TranslucentLightingShaders.usf" 247
"C:/Program Files (x86)/Epic Games/4.12/Engine/Binaries/Win64/../../../Engine/Shaders/SHCommon.usf" 248
"C:/Program Files (x86)/Epic Games/4.12/Engine/Binaries/Win64/../../../Engine/Shaders/ShadowProjectionCommon.usf" 249
"C:/Program Files (x86)/Epic Games/4.12/Engine/Binaries/Win64/../../../Engine/Shaders/CubemapCommon.usf" 250
"C:/Program Files (x86)/Epic Games/4.12/Engine/Binaries/Win64/../../../Engine/Shaders/TranslucentLightInjectionShaders.usf" 251
"C:/Program Files (x86)/Epic Games/4.12/Engine/Binaries/Win64/../../../Engine/Shaders/DynamicLightingCommon.usf" 252
"C:/Program Files (x86)/Epic Games/4.12/Engine/Binaries/Win64/../../../Engine/Shaders/LightFunctionCommon.usf" 253
"C:/Program Files (x86)/Epic Games/4.12/Engine/Binaries/Win64/../../../Engine/Shaders/TranslucentShadowDepthShaders.usf" 254
"C:/Program Files (x86)/Epic Games/4.12/Engine/Binaries/Win64/../../../Engine/Shaders/ShadowDepthCommon.usf" 255
"C:/Program Files (x86)/Epic Games/4.12/Engine/Binaries/Win64/../../../Engine/Shaders/TiledDeferredLightShaders.usf" 256
"C:/Program Files (x86)/Epic Games/4.12/Engine/Binaries/Win64/../../../Engine/Shaders/DeferredLightingCommon.usf" 257
"C:/Program Files (x86)/Epic Games/4.12/Engine/Binaries/Win64/../../../Engine/Shaders/BRDF.usf" 258
"C:/Program Files (x86)/Epic Games/4.12/Engine/Binaries/Win64/../../../Engine/Shaders/MonteCarlo.usf" 259
"C:/Program Files (x86)/Epic Games/4.12/Engine/Binaries/Win64/../../../Engine/Shaders/ShadingModels.usf" 260
"C:/Program Files (x86)/Epic Games/4.12/Engine/Binaries/Win64/../../../Engine/Shaders/SurfelTree.usf" 261
"C:/Program Files (x86)/Epic Games/4.12/Engine/Binaries/Win64/../../../Engine/Shaders/DistanceFieldLightingShared.usf" 262
"C:/Program Files (x86)/Epic Games/4.12/Engine/Binaries/Win64/../../../Engine/Shaders/SurfelMaterialShared.usf" 263
"C:/Program Files (x86)/Epic Games/4.12/Engine/Binaries/Win64/../../../Engine/Shaders/DistanceFieldAOShared.usf" 264
"C:/Program Files (x86)/Epic Games/4.12/Engine/Binaries/Win64/../../../Engine/Shaders/ShadowProjectionPixelShader.usf" 265
"C:/Program Files (x86)/Epic Games/4.12/Engine/Binaries/Win64/../../../Engine/Shaders/ShadowFilteringCommon.usf" 266
"C:/Program Files (x86)/Epic Games/4.12/Engine/Binaries/Win64/../../../Engine/Shaders/ShadowProjectionVertexShader.usf" 267
"C:/Program Files (x86)/Epic Games/4.12/Engine/Binaries/Win64/../../../Engine/Shaders/ShadowDepthPixelShader.usf" 268
"C:/Program Files (x86)/Epic Games/4.12/Engine/Binaries/Win64/../../../Engine/Shaders/LPVWriteVplCommon.usf" 269
"C:/Program Files (x86)/Epic Games/4.12/Engine/Binaries/Win64/../../../Engine/Shaders/LPVWriteCommon.usf" 270
"C:/Program Files (x86)/Epic Games/4.12/Engine/Binaries/Win64/../../../Engine/Shaders/LPVCommon.usf" 271
"C:/Program Files (x86)/Epic Games/4.12/Engine/Binaries/Win64/../../../Engine/Shaders/ShadowDepthVertexShader.usf" 272
"C:/Program Files (x86)/Epic Games/4.12/Engine/Binaries/Win64/../../../Engine/Shaders/QuadComplexityAccumulatePixelShader.usf" 273
"C:/Program Files (x86)/Epic Games/4.12/Engine/Binaries/Win64/../../../Engine/Shaders/QuadOverdraw.usf" 274
"C:/Program Files (x86)/Epic Games/4.12/Engine/Binaries/Win64/../../../Engine/Shaders/DebugViewModeCommon.usf" 275
"C:/Program Files (x86)/Epic Games/4.12/Engine/Binaries/Win64/../../../Engine/Shaders/ShaderComplexityAccumulatePixelShader.usf" 276
"C:/Program Files (x86)/Epic Games/4.12/Engine/Binaries/Win64/../../../Engine/Shaders/HZBOcclusion.usf" 277
"C:/Program Files (x86)/Epic Games/4.12/Engine/Binaries/Win64/../../../Engine/Shaders/OcclusionQueryVertexShader.usf" 278
"C:/Program Files (x86)/Epic Games/4.12/Engine/Binaries/Win64/../../../Engine/Shaders/HitProxyPixelShader.usf" 279
"C:/Program Files (x86)/Epic Games/4.12/Engine/Binaries/Win64/../../../Engine/Shaders/HitProxyVertexShader.usf" 280
"C:/Program Files (x86)/Epic Games/4.12/Engine/Binaries/Win64/../../../Engine/Shaders/ReflectionEnvironmentShaders.usf" 281
"C:/Program Files (x86)/Epic Games/4.12/Engine/Binaries/Win64/../../../Engine/Shaders/ReflectionEnvironmentShared.usf" 282
"C:/Program Files (x86)/Epic Games/4.12/Engine/Binaries/Win64/../../../Engine/Shaders/SkyLightingShared.usf" 283
"C:/Program Files (x86)/Epic Games/4.12/Engine/Binaries/Win64/../../../Engine/Shaders/ReflectionEnvironmentComputeShaders.usf" 284
"C:/Program Files (x86)/Epic Games/4.12/Engine/Binaries/Win64/../../../Engine/Shaders/PrimitiveDistanceAccuracyPixelShader.usf" 285
"C:/Program Files (x86)/Epic Games/4.12/Engine/Binaries/Win64/../../../Engine/Shaders/PreCullTriangles.usf" 286
"C:/Program Files (x86)/Epic Games/4.12/Engine/Binaries/Win64/../../../Engine/Shaders/VisualizeTexture.usf" 287
"C:/Program Files (x86)/Epic Games/4.12/Engine/Binaries/Win64/../../../Engine/Shaders/VisualizeShadingModels.usf" 288
"C:/Program Files (x86)/Epic Games/4.12/Engine/Binaries/Win64/../../../Engine/Shaders/PostProcessHistogramCommon.usf" 289
"C:/Program Files (x86)/Epic Games/4.12/Engine/Binaries/Win64/../../../Engine/Shaders/ScreenSpaceReflections.usf" 290
"C:/Program Files (x86)/Epic Games/4.12/Engine/Binaries/Win64/../../../Engine/Shaders/ScreenSpaceRayCast.usf" 291
"C:/Program Files (x86)/Epic Games/4.12/Engine/Binaries/Win64/../../../Engine/Shaders/FilterVertexShader.usf" 292
"C:/Program Files (x86)/Epic Games/4.12/Engine/Binaries/Win64/../../../Engine/Shaders/FilterPixelShader.usf" 293
"C:/Program Files (x86)/Epic Games/4.12/Engine/Binaries/Win64/../../../Engine/Shaders/PostProcessVisualizeHDR.usf" 294
"C:/Program Files (x86)/Epic Games/4.12/Engine/Binaries/Win64/../../../Engine/Shaders/TonemapCommon.usf" 295
"C:/Program Files (x86)/Epic Games/4.12/Engine/Binaries/Win64/../../../Engine/Shaders/ACES.usf" 296
"C:/Program Files (x86)/Epic Games/4.12/Engine/Binaries/Win64/../../../Engine/Shaders/MiniFontCommon.usf" 297
"C:/Program Files (x86)/Epic Games/4.12/Engine/Binaries/Win64/../../../Engine/Shaders/ShaderComplexityApplyPixelShader.usf" 298
"C:/Program Files (x86)/Epic Games/4.12/Engine/Binaries/Win64/../../../Engine/Shaders/PostProcessVisualizeBuffer.usf" 299
"C:/Program Files (x86)/Epic Games/4.12/Engine/Binaries/Win64/../../../Engine/Shaders/PostProcessUpscale.usf" 300
"C:/Program Files (x86)/Epic Games/4.12/Engine/Binaries/Win64/../../../Engine/Shaders/PostProcessTonemap.usf" 301
"C:/Program Files (x86)/Epic Games/4.12/Engine/Binaries/Win64/../../../Engine/Shaders/PostProcessTestImage.usf" 302
"C:/Program Files (x86)/Epic Games/4.12/Engine/Binaries/Win64/../../../Engine/Shaders/PostProcessTemporalAA.usf" 303
"C:/Program Files (x86)/Epic Games/4.12/Engine/Binaries/Win64/../../../Engine/Shaders/PostProcessTemporalCommon.usf" 304
"C:/Program Files (x86)/Epic Games/4.12/Engine/Binaries/Win64/../../../Engine/Shaders/PostProcessSubsurface.usf" 305
"C:/Program Files (x86)/Epic Games/4.12/Engine/Binaries/Win64/../../../Engine/Shaders/SeparableSSS.usf" 306
"C:/Program Files (x86)/Epic Games/4.12/Engine/Binaries/Win64/../../../Engine/Shaders/PostProcessSelectionOutline.usf" 307
"C:/Program Files (x86)/Epic Games/4.12/Engine/Binaries/Win64/../../../Engine/Shaders/PostProcessNoiseBlur.usf" 308
"C:/Program Files (x86)/Epic Games/4.12/Engine/Binaries/Win64/../../../Engine/Shaders/PostProcessMotionBlur.usf" 309
"C:/Program Files (x86)/Epic Games/4.12/Engine/Binaries/Win64/../../../Engine/Shaders/PostProcessVelocityFlatten.usf" 310
"C:/Program Files (x86)/Epic Games/4.12/Engine/Binaries/Win64/../../../Engine/Shaders/PostProcessMobile.usf" 311
"C:/Program Files (x86)/Epic Games/4.12/Engine/Binaries/Win64/../../../Engine/Shaders/PostProcessMaterialShaders.usf" 312
"C:/Program Files (x86)/Epic Games/4.12/Engine/Binaries/Win64/../../../Engine/Shaders/PostProcessLensFlares.usf" 313
"C:/Program Files (x86)/Epic Games/4.12/Engine/Binaries/Win64/../../../Engine/Shaders/PostProcessLensBlur.usf" 314
"C:/Program Files (x86)/Epic Games/4.12/Engine/Binaries/Win64/../../../Engine/Shaders/PostProcessBloom.usf" 315
"C:/Program Files (x86)/Epic Games/4.12/Engine/Binaries/Win64/../../../Engine/Shaders/PostProcessHMD.usf" 316
"C:/Program Files (x86)/Epic Games/4.12/Engine/Binaries/Win64/../../../Engine/Shaders/PostProcessHistogramReduce.usf" 317
"C:/Program Files (x86)/Epic Games/4.12/Engine/Binaries/Win64/../../../Engine/Shaders/PostProcessHistogram.usf" 318
"C:/Program Files (x86)/Epic Games/4.12/Engine/Binaries/Win64/../../../Engine/Shaders/PostProcessHierarchical.usf" 319
"C:/Program Files (x86)/Epic Games/4.12/Engine/Binaries/Win64/../../../Engine/Shaders/PostProcessGBufferHints.usf" 320
"C:/Program Files (x86)/Epic Games/4.12/Engine/Binaries/Win64/../../../Engine/Shaders/PostProcessEyeAdaptation.usf" 321
"C:/Program Files (x86)/Epic Games/4.12/Engine/Binaries/Win64/../../../Engine/Shaders/PostProcessDownsample.usf" 322
"C:/Program Files (x86)/Epic Games/4.12/Engine/Binaries/Win64/../../../Engine/Shaders/PostProcessDOF.usf" 323
"C:/Program Files (x86)/Epic Games/4.12/Engine/Binaries/Win64/../../../Engine/Shaders/PostProcessCompositeEditorPrimitives.usf" 324
"C:/Program Files (x86)/Epic Games/4.12/Engine/Binaries/Win64/../../../Engine/Shaders/PostProcessCombineLUTs.usf" 325
"C:/Program Files (x86)/Epic Games/4.12/Engine/Binaries/Win64/../../../Engine/Shaders/PostProcessCircleDOF.usf" 326
"C:/Program Files (x86)/Epic Games/4.12/Engine/Binaries/Win64/../../../Engine/Shaders/PostProcessBusyWait.usf" 327
"C:/Program Files (x86)/Epic Games/4.12/Engine/Binaries/Win64/../../../Engine/Shaders/PostProcessPassThrough.usf" 328
"C:/Program Files (x86)/Epic Games/4.12/Engine/Binaries/Win64/../../../Engine/Shaders/PostProcessBokehDOF.usf" 329
"C:/Program Files (x86)/Epic Games/4.12/Engine/Binaries/Win64/../../../Engine/Shaders/SeparateTranslucency.usf" 330
"C:/Program Files (x86)/Epic Games/4.12/Engine/Binaries/Win64/../../../Engine/Shaders/PostProcessVisualizeDOF.usf" 331
"C:/Program Files (x86)/Epic Games/4.12/Engine/Binaries/Win64/../../../Engine/Shaders/FXAAShader.usf" 332
"C:/Program Files (x86)/Epic Games/4.12/Engine/Binaries/Win64/../../../Engine/Shaders/Fxaa3_11.usf" 333
"C:/Program Files (x86)/Epic Games/4.12/Engine/Binaries/Win64/../../../Engine/Shaders/PlanarReflectionShaders.usf" 334
"C:/Program Files (x86)/Epic Games/4.12/Engine/Binaries/Win64/../../../Engine/Shaders/PlanarReflectionShared.usf" 335
"C:/Program Files (x86)/Epic Games/4.12/Engine/Binaries/Win64/../../../Engine/Shaders/MeshTexCoordSizeAccuracyPixelShader.usf" 336
"C:/Program Files (x86)/Epic Games/4.12/Engine/Binaries/Win64/../../../Engine/Shaders/MaterialTexCoordScalesPixelShader.usf" 337
"C:/Program Files (x86)/Epic Games/4.12/Engine/Binaries/Win64/../../../Engine/Shaders/LightShaftShader.usf" 338
"C:/Program Files (x86)/Epic Games/4.12/Engine/Binaries/Win64/../../../Engine/Shaders/StationaryLightOverlapShaders.usf" 339
"C:/Program Files (x86)/Epic Games/4.12/Engine/Binaries/Win64/../../../Engine/Shaders/DeferredLightPixelShaders.usf" 340
"C:/Program Files (x86)/Epic Games/4.12/Engine/Binaries/Win64/../../../Engine/Shaders/DeferredLightVertexShaders.usf" 341
"C:/Program Files (x86)/Epic Games/4.12/Engine/Binaries/Win64/../../../Engine/Shaders/LPVVisualise.usf" 342
"C:/Program Files (x86)/Epic Games/4.12/Engine/Binaries/Win64/../../../Engine/Shaders/LPVGeometryVolumeCommon.usf" 343
"C:/Program Files (x86)/Epic Games/4.12/Engine/Binaries/Win64/../../../Engine/Shaders/LPVDirectLightInject.usf" 344
"C:/Program Files (x86)/Epic Games/4.12/Engine/Binaries/Win64/../../../Engine/Shaders/LPVPropagate.usf" 345
"C:/Program Files (x86)/Epic Games/4.12/Engine/Binaries/Win64/../../../Engine/Shaders/LPVPacking.usf" 346
"C:/Program Files (x86)/Epic Games/4.12/Engine/Binaries/Win64/../../../Engine/Shaders/LPVBuildGeometryVolume.usf" 347
"C:/Program Files (x86)/Epic Games/4.12/Engine/Binaries/Win64/../../../Engine/Shaders/LpvDirectionalOcclusion.usf" 348
"C:/Program Files (x86)/Epic Games/4.12/Engine/Binaries/Win64/../../../Engine/Shaders/LPVInject_AccumulateVplLists.usf" 349
"C:/Program Files (x86)/Epic Games/4.12/Engine/Binaries/Win64/../../../Engine/Shaders/LPVInject_GenerateVplLists.usf" 350
"C:/Program Files (x86)/Epic Games/4.12/Engine/Binaries/Win64/../../../Engine/Shaders/LPVClearLists.usf" 351
"C:/Program Files (x86)/Epic Games/4.12/Engine/Binaries/Win64/../../../Engine/Shaders/LPVClear.usf" 352
"C:/Program Files (x86)/Epic Games/4.12/Engine/Binaries/Win64/../../../Engine/Shaders/LightMapDensityShader.usf" 353
"C:/Program Files (x86)/Epic Games/4.12/Engine/Binaries/Win64/../../../Engine/Shaders/LightFunctionPixelShader.usf" 354
"C:/Program Files (x86)/Epic Games/4.12/Engine/Binaries/Win64/../../../Engine/Shaders/LightFunctionVertexShader.usf" 355
"C:/Program Files (x86)/Epic Games/4.12/Engine/Binaries/Win64/../../../Engine/Shaders/HeightfieldLighting.usf" 356
"C:/Program Files (x86)/Epic Games/4.12/Engine/Binaries/Win64/../../../Engine/Shaders/DistanceFieldShadowingShared.usf" 357
"C:/Program Files (x86)/Epic Games/4.12/Engine/Binaries/Win64/../../../Engine/Shaders/HeightfieldLightingShared.usf" 358
"C:/Program Files (x86)/Epic Games/4.12/Engine/Binaries/Win64/../../../Engine/Shaders/HdrCustomResolveShaders.usf" 359
"C:/Program Files (x86)/Epic Games/4.12/Engine/Binaries/Win64/../../../Engine/Shaders/GPUBenchmark.usf" 360
"C:/Program Files (x86)/Epic Games/4.12/Engine/Binaries/Win64/../../../Engine/Shaders/GlobalDistanceField.usf" 361
"C:/Program Files (x86)/Epic Games/4.12/Engine/Binaries/Win64/../../../Engine/Shaders/GammaCorrection.usf" 362
"C:/Program Files (x86)/Epic Games/4.12/Engine/Binaries/Win64/../../../Engine/Shaders/BasePassForForwardShadingPixelShader.usf" 363
"C:/Program Files (x86)/Epic Games/4.12/Engine/Binaries/Win64/../../../Engine/Shaders/BasePassForForwardShadingCommon.usf" 364
"C:/Program Files (x86)/Epic Games/4.12/Engine/Binaries/Win64/../../../Engine/Shaders/LightmapCommon.usf" 365
"C:/Program Files (x86)/Epic Games/4.12/Engine/Binaries/Win64/../../../Engine/Shaders/BasePassForForwardShadingVertexShader.usf" 366
"C:/Program Files (x86)/Epic Games/4.12/Engine/Binaries/Win64/../../../Engine/Shaders/HeightFogCommon.usf" 367
"C:/Program Files (x86)/Epic Games/4.12/Engine/Binaries/Win64/../../../Engine/Shaders/HeightFogPixelShader.usf" 368
"C:/Program Files (x86)/Epic Games/4.12/Engine/Binaries/Win64/../../../Engine/Shaders/HeightFogVertexShader.usf" 369
"C:/Program Files (x86)/Epic Games/4.12/Engine/Binaries/Win64/../../../Engine/Shaders/DistortAccumulatePS.usf" 370
"C:/Program Files (x86)/Epic Games/4.12/Engine/Binaries/Win64/../../../Engine/Shaders/DistortAccumulateVS.usf" 371
"C:/Program Files (x86)/Epic Games/4.12/Engine/Binaries/Win64/../../../Engine/Shaders/DistortApplyScreenPS.usf" 372
"C:/Program Files (x86)/Epic Games/4.12/Engine/Binaries/Win64/../../../Engine/Shaders/DistanceFieldSurfaceCacheLighting.usf" 373
"C:/Program Files (x86)/Epic Games/4.12/Engine/Binaries/Win64/../../../Engine/Shaders/SkyLighting.usf" 374
"C:/Program Files (x86)/Epic Games/4.12/Engine/Binaries/Win64/../../../Engine/Shaders/DistanceFieldSurfaceCacheLightingCompute.usf" 375
"C:/Program Files (x86)/Epic Games/4.12/Engine/Binaries/Win64/../../../Engine/Shaders/DistanceFieldSpecularOcclusion.usf" 376
"C:/Program Files (x86)/Epic Games/4.12/Engine/Binaries/Win64/../../../Engine/Shaders/DistanceFieldShadowing.usf" 377
"C:/Program Files (x86)/Epic Games/4.12/Engine/Binaries/Win64/../../../Engine/Shaders/DistanceFieldScreenGridLighting.usf" 378
"C:/Program Files (x86)/Epic Games/4.12/Engine/Binaries/Win64/../../../Engine/Shaders/DistanceFieldLightingPost.usf" 379
"C:/Program Files (x86)/Epic Games/4.12/Engine/Binaries/Win64/../../../Engine/Shaders/DistanceFieldGlobalIllumination.usf" 380
"C:/Program Files (x86)/Epic Games/4.12/Engine/Binaries/Win64/../../../Engine/Shaders/DepthOnlyPixelShader.usf" 381
"C:/Program Files (x86)/Epic Games/4.12/Engine/Binaries/Win64/../../../Engine/Shaders/DepthOnlyVertexShader.usf" 382
"C:/Program Files (x86)/Epic Games/4.12/Engine/Binaries/Win64/../../../Engine/Shaders/PositionOnlyDepthVertexShader.usf" 383
"C:/Program Files (x86)/Epic Games/4.12/Engine/Binaries/Win64/../../../Engine/Shaders/DownsampleDepthPixelShader.usf" 384
"C:/Program Files (x86)/Epic Games/4.12/Engine/Binaries/Win64/../../../Engine/Shaders/DitheredTransitionStencil.usf" 385
"C:/Program Files (x86)/Epic Games/4.12/Engine/Binaries/Win64/../../../Engine/Shaders/DeferredDecal.usf" 386
"C:/Program Files (x86)/Epic Games/4.12/Engine/Binaries/Win64/../../../Engine/Shaders/MissingShaderPixelShader.usf" 387
"C:/Program Files (x86)/Epic Games/4.12/Engine/Binaries/Win64/../../../Engine/Shaders/DebugviewModeVertexShader.usf" 388
"C:/Program Files (x86)/Epic Games/4.12/Engine/Binaries/Win64/../../../Engine/Shaders/EvaluateSurfelMaterial.usf" 389
"C:/Program Files (x86)/Epic Games/4.12/Engine/Binaries/Win64/../../../Engine/Shaders/ConvertToUniformMesh.usf" 390
"C:/Program Files (x86)/Epic Games/4.12/Engine/Binaries/Win64/../../../Engine/Shaders/PostProcessLpvIndirect.usf" 391
"C:/Program Files (x86)/Epic Games/4.12/Engine/Binaries/Win64/../../../Engine/Shaders/LPVFinalPass.usf" 392
"C:/Program Files (x86)/Epic Games/4.12/Engine/Binaries/Win64/../../../Engine/Shaders/PostProcessAmbientOcclusion.usf" 393
"C:/Program Files (x86)/Epic Games/4.12/Engine/Binaries/Win64/../../../Engine/Shaders/PostProcessAmbient.usf" 394
"C:/Program Files (x86)/Epic Games/4.12/Engine/Binaries/Win64/../../../Engine/Shaders/CapsuleShadowShaders.usf" 395
"C:/Program Files (x86)/Epic Games/4.12/Engine/Binaries/Win64/../../../Engine/Shaders/BasePassPixelShader.usf" 396
"C:/Program Files (x86)/Epic Games/4.12/Engine/Binaries/Win64/../../../Engine/Shaders/BasePassCommon.usf" 397
"C:/Program Files (x86)/Epic Games/4.12/Engine/Binaries/Win64/../../../Engine/Shaders/ForEachLight.usf" 398
"C:/Program Files (x86)/Epic Games/4.12/Engine/Binaries/Win64/../../../Engine/Shaders/BasePassVertexShader.usf" 399
"C:/Program Files (x86)/Epic Games/4.12/Engine/Binaries/Win64/../../../Engine/Shaders/BasePassVertexCommon.usf" 400
"C:/Program Files (x86)/Epic Games/4.12/Engine/Binaries/Win64/../../../Engine/Shaders/BasePassTessellationShaders.usf" 401
"C:/Program Files (x86)/Epic Games/4.12/Engine/Binaries/Win64/../../../Engine/Shaders/AtmospherePrecomputeInscatter.usf" 402
"C:/Program Files (x86)/Epic Games/4.12/Engine/Binaries/Win64/../../../Engine/Shaders/AtmospherePrecomputeCommon.usf" 403
"C:/Program Files (x86)/Epic Games/4.12/Engine/Binaries/Win64/../../../Engine/Shaders/AtmospherePrecompute.usf" 404
"C:/Program Files (x86)/Epic Games/4.12/Engine/Binaries/Win64/../../../Engine/Shaders/AtmosphericFogShader.usf" 405
"C:/Program Files (x86)/Epic Games/4.12/Engine/Binaries/Win64/../../../Engine/Shaders/ResolveVertexShader.usf" 406
"C:/Program Files (x86)/Epic Games/4.12/Engine/Binaries/Win64/../../../Engine/Shaders/ResolvePixelShader.usf" 407
"C:/Program Files (x86)/Epic Games/4.12/Engine/Binaries/Win64/../../../Engine/Shaders/OneColorShader.usf" 408
"C:/Program Files (x86)/Epic Games/4.12/Engine/Binaries/Win64/../../../Engine/Shaders/MediaShaders.usf" 409
"C:/Program Files (x86)/Epic Games/4.12/Engine/Binaries/Win64/../../../Engine/Shaders/ClearReplacementShaders.usf" 410
"C:/Users/Aluno/AppData/Local/UnrealEngine/4.12/DerivedDataCache/Boot.ddc" 411
"../../../Engine/DerivedDataCache/Compressed.ddp" 412
"../../../Engine/Content/EditorResources/S_Actor.uasset" 413
"../../../Engine/Config/Android/AndroidEngine.ini" 414
"../../../Engine/Config/IOS/IOSEngine.ini" 415
"../../../Engine/Config/Linux/LinuxEngine.ini" 416
"../../../Engine/Content/EngineFonts/Roboto.uasset" 417
"../../../Engine/Content/EngineMaterials/Widget3DPassThrough_Translucent.uasset" 418
"../../../Engine/Content/EngineMaterials/Widget3DPassThrough.uasset" 419
"../../../Engine/Content/Functions/Engine_MaterialFunctions01/Texturing/ScaleUVsByCenter.uasset" 420
"../../../Engine/Content/Functions/Engine_MaterialFunctions02/Utility/BreakOutFloat2Components.uasset" 421
"../../../Engine/Content/Functions/Engine_MaterialFunctions02/ScreenResolution.uasset" 422
"../../../Engine/Content/Functions/Engine_MaterialFunctions02/Texturing/ScreenAlignedUVs.uasset" 423
"../../../Engine/Content/EngineResources/WhiteSquareTexture.uasset" 424
"../../../Engine/Content/Functions/Engine_MaterialFunctions01/Shading/PowerToRoughness.uasset" 425
"../../../Engine/Content/Functions/Engine_MaterialFunctions01/Shading/ConvertFromDiffSpec.uasset" 426
"../../../Engine/Content/EngineMaterials/WorldGridMaterial.uasset" 427
"../../../Engine/Content/Functions/Engine_MaterialFunctions01/Opacity/CameraDepthFade.uasset" 428
"../../../Engine/Content/EngineMaterials/T_Default_Material_Grid_M.uasset" 429
"../../../Engine/Content/EngineMaterials/T_Default_Material_Grid_N.uasset" 430
"../../../Engine/Content/EngineMaterials/DefaultDeferredDecalMaterial.uasset" 431
"../../../Engine/Content/EngineMaterials/DefaultDiffuse.uasset" 432
"../../../Engine/Content/EngineMaterials/DefaultLightFunctionMaterial.uasset" 433
"../../../Engine/Content/EngineMaterials/DefaultPostProcessMaterial.uasset" 434
"../../../Engine/Content/EngineResources/DefaultTexture.uasset" 435
"../../../Engine/Content/EngineMaterials/Widget3DPassThrough_Translucent_OneSided.uasset" 436
"../../../Engine/Content/EngineMaterials/Widget3DPassThrough_Opaque.uasset" 437
"../../../Engine/Content/EngineMaterials/Widget3DPassThrough_Opaque_OneSided.uasset" 438
"../../../Engine/Content/EngineMaterials/Widget3DPassThrough_Masked.uasset" 439
"../../../Engine/Content/EngineMaterials/Widget3DPassThrough_Masked_OneSided.uasset" 440
"D:/CyclistVR/Saved/Config/Windows/TemplateDefs.ini" 441
"D:/CyclistVR/Intermediate/Config/CoalescedSourceConfigs/TemplateDefs.ini" 442
"../../../Engine/Content/EngineResources/AICON-Red.uasset" 443
"../../../Engine/Content/EngineResources/AICON-Green.uasset" 444
"D:/CyclistVR/Saved/Config/Windows/GameplayTags.ini" 445
"D:/CyclistVR/Intermediate/Config/CoalescedSourceConfigs/GameplayTags.ini" 446
"../../../Engine/Content/Maps/Templates/Thumbnails/Default.uasset" 447
"../../../Engine/Content/Maps/Templates/Thumbnails/VR-Basic.uasset" 448
"../../../Engine/Content/EditorMaterials/ParticleSystems/PSysThumbnail_NoImage.uasset" 449
"../../../Engine/Content/EditorMaterials/ParticleSystems/PSysThumbnail_OOD.uasset" 450
"../../../Engine/Content/EditorLandscapeResources/DataLayer.uasset" 451
"../../../Engine/Content/EngineDamageTypes/DmgTypeBP_Environmental.uasset" 452
"..\..\..\Engine\Content\Internationalization\icudt53l\numberingSystems.res" 453
"..\..\..\Engine\Content\Internationalization\icudt53l\curr\supplementalData.res" 454
"..\..\..\Engine\Content\Internationalization\icudt53l\curr\pool.res" 455
"..\..\..\Engine\Content\Internationalization\icudt53l\curr\en.res" 456
"..\..\..\Engine\Content\Internationalization\icudt53l\curr\root.res" 457
"../../../Engine/Content/EngineMeshes/Sphere.uasset" 458
"../../../Engine/Content/EngineFonts/RobotoDistanceField.uasset" 459
"../../../Engine/Content/EngineMaterials/DefaultTextMaterialOpaque.uasset" 460
"../../../Engine/Content/EditorResources/S_Trigger.uasset" 461
"../../../Engine/Content/EngineResources/GradientTexture0.uasset" 462
"../../../Engine/Content/EngineResources/Black.uasset" 463
"../../../Engine/Content/EditorMaterials/MatineeGroups/MAT_Groups_Float.uasset" 464
"../../../Engine/Content/EditorMaterials/MatineeGroups/MAT_Groups_Director.uasset" 465
"../../../Engine/Content/EditorMaterials/MatineeGroups/MAT_Groups_Event.uasset" 466
"../../../Engine/Content/EditorMaterials/MatineeGroups/MAT_Groups_Anim.uasset" 467
"../../../Engine/Content/EditorMaterials/MatineeGroups/MAT_Groups_Fade.uasset" 468
"../../../Engine/Content/EditorMaterials/MatineeGroups/MAT_Groups_Move.uasset" 469
"../../../Engine/Content/EditorMaterials/MatineeGroups/MAT_Groups_Slomo.uasset" 470
"../../../Engine/Content/EditorMaterials/MatineeGroups/MAT_ColorTrack.uasset" 471
"../../../Engine/Content/EditorMaterials/MAT_Groups_Toggle.uasset" 472
"../../../Engine/Content/EditorMaterials/MatineeGroups/MAT_Groups_AudioMaster.uasset" 473
"../../../Engine/Content/EditorMaterials/MatineeGroups/MAT_Groups_Sound.uasset" 474
"../../../Engine/Content/EditorMaterials/MatineeGroups/MAT_Groups_Vector.uasset" 475
"../../../Engine/Content/EditorMaterials/MAT_Groups_Visibility.uasset" 476
"../../../Engine/Content/EngineResources/DefaultTextureCube.uasset" 477
"../../../Engine/Content/EngineSounds/Master.uasset" 478
"../../../Engine/Content/EngineSounds/Music.uasset" 479
"../../../Engine/Content/EngineSounds/SFX.uasset" 480
"../../../Engine/Content/EngineSounds/Normal_Attack.uasset" 481
"../../../Engine/Content/EngineSounds/Special_Attack_PSM.uasset" 482
"../../../Engine/Content/EngineSounds/Duck_Normal_Attack_MixMod.uasset" 483
"../../../Engine/Content/EngineSounds/Voice.uasset" 484
"../../../Engine/Content/EngineMeshes/Cylinder.uasset" 485
"../../../Engine/Content/EngineMaterials/DefaultMaterial.uasset" 486
"../../../Engine/Content/EngineTireTypes/DefaultTireType.uasset" 487
"D:/CyclistVR/Intermediate/AssetRegistryCache/2657c409.bin" 488
"D:/CyclistVR/Intermediate/AssetRegistryCache/866581fd.bin" 489
"D:/CyclistVR/Intermediate/AssetRegistryCache/8c0e1344.bin" 490
"../../../Engine/Content/Editor/Slate/Fonts/FontAwesome.ttf" 491
"../../../Engine/Content/Editor/Slate/Fonts/DroidSansMono.ttf" 492
"../../../Engine/Content/Editor/Slate/Fonts/Roboto-BoldCondensed.ttf" 493
"../../../Engine/Content/Editor/Slate/Fonts/Roboto-Black.ttf" 494
"../../../Engine/Content/Editor/Slate/Fonts/Roboto-Italic.ttf" 495
"../../../Engine/Content/Editor/Slate/Fonts/Roboto-BoldCondensedItalic.ttf" 496
"../../../Engine/Content/EditorMeshes/Camera/SM_CraneRig_Base.uasset" 497
"../../../Engine/Content/EditorMaterials/Camera/MI_CineMat_Rig.uasset" 498
"../../../Engine/Content/EditorMaterials/Camera/CineMat.uasset" 499
"../../../Engine/Content/EditorMeshes/Camera/SM_CraneRig_Arm.uasset" 500
"../../../Engine/Content/EditorMeshes/Camera/SM_CraneRig_Mount.uasset" 501
"../../../Engine/Content/EditorMeshes/Camera/SM_CraneRig_Body.uasset" 502
"../../../Engine/Content/EditorMeshes/Camera/SM_RailRig_Track.uasset" 503
"../../../Engine/Content/EditorMeshes/Camera/SM_RailRig_Mount.uasset" 504
"..\..\..\Engine\Content\Internationalization\icudt53l\coll\ucadata.icu" 505
"..\..\..\Engine\Content\Internationalization\icudt53l\nfc.nrm" 506
"..\..\..\Engine\Content\Internationalization\icudt53l\coll\en.res" 507
"..\..\..\Engine\Content\Internationalization\icudt53l\coll\root.res" 508
"../../../Engine/Content/VREditor/TransformGizmo/TransformGizmoMaterial.uasset" 509
"../../../Engine/Content/VREditor/LaserPointer/VR_LaserPower_01.uasset" 510
"../../../Engine/Content/VREditor/TransformGizmo/TranslucentTransformGizmoMaterial.uasset" 511
"../../../Engine/Content/VREditor/TransformGizmo/TranslationHandle.uasset" 512
"../../../Engine/Content/VREditor/TransformGizmo/PlaneTranslationHandle.uasset" 513
"../../../Engine/Content/VREditor/TransformGizmo/RotationHandle.uasset" 514
"../../../Engine/Content/VREditor/TransformGizmo/StretchingHandle.uasset" 515
"../../../Engine/Content/VREditor/TransformGizmo/BoundingBoxCorner.uasset" 516
"../../../Engine/Content/VREditor/TransformGizmo/BoundingBoxEdge.uasset" 517
"../../../Engine/Content/VREditor/TransformGizmo/UniformScaleHandle.uasset" 518
"../../../Engine/Content/VREditor/Fonts/VRTextMaterial.uasset" 519
"../../../Engine/Content/VREditor/Fonts/VRText_RobotoLarge.uasset" 520
"../../../Engine/Content/VREditor/FloatingText/LineSegmentCylinder.uasset" 521
"../../../Engine/Content/VREditor/FloatingText/LineMaterial.uasset" 522
"../../../Engine/Content/VREditor/FloatingText/JointSphere.uasset" 523
"../../../Engine/Content/VREditor/Fonts/TranslucentVRTextMaterial.uasset" 524
"../../../Engine/Content/VREditor/UI/SM_ContentWindow_01.uasset" 525
"../../../Engine/Content/VREditor/UI/M_ContentWindow.uasset" 526
"../../../Engine/Content/VREditor/Devices/Vive/UE4_Logo.uasset" 527
"../../../Engine/Content/VREditor/UI/SelectionBarMesh.uasset" 528
"../../../Engine/Content/VREditor/UI/CloseButtonMesh.uasset" 529
"../../../Engine/Content/Tutorial/Basics/LevelEditorAttract.uasset" 530
"../../../Engine/Content/Tutorial/Basics/LevelEditorOverview.uasset" 531
"../../../Engine/Content/Tutorial/Basics/TutorialAssets/icon_tab_Levels_40x.uasset" 532
"../../../Engine/Content/Tutorial/SubEditors/MaterialEditorTutorial.uasset" 533
"../../../Engine/Content/Tutorial/Mobile/SettingUpAndroidTutorial.uasset" 534
"../../../Engine/Content/Tutorial/Mobile/TutorialAssets/android_Icon.uasset" 535
"../../../Engine/Content/Tutorial/ContentIntroCurve.uasset" 536
"../../../Engine/Plugins/2D/Paper2D/Content/MaskedUnlitSpriteMaterial.uasset" 537
"../../../Engine/Plugins/2D/Paper2D/Content/DefaultSpriteMaterial.uasset" 538
"../../../Engine/Plugins/2D/Paper2D/Content/DummySpriteTexture.uasset" 539
"../../../Engine/Plugins/2D/Paper2D/Content/PlaceholderTextures/DummySpriteTexture.uasset" 540
"../../../Engine/Plugins/2D/Paper2D/Content/OpaqueUnlitSpriteMaterial.uasset" 541
"../../../Engine/Plugins/2D/Paper2D/Content/DefaultPaperTerrainMaterial.uasset" 542
"../../../Engine/Plugins/2D/Paper2D/Content/DummySprite.uasset" 543
"C:/Users/Aluno/AppData/Local/UnrealEngine/4.12/Saved/Config/Windows/SourceControlSettings.ini" 544
"D:/CyclistVR/Intermediate/Config/CoalescedSourceConfigs/SourceControlSettings.ini" 545
"D:/CyclistVR/Saved/Config/Windows/SourceControlSettings.ini" 546
"../../../Engine/Content/EngineMaterials/RemoveSurfaceMaterial.uasset" 547
"../../../Engine/Content/EngineDebugMaterials/DebugMeshMaterial.uasset" 548
"../../../Engine/Content/EngineMaterials/M_InvalidLightmapSettings.uasset" 549
"../../../Engine/Content/EngineMaterials/InvalidLightmapSettings.uasset" 550
"../../../Engine/Content/EditorMaterials/GizmoMaterial.uasset" 551
"../../../Engine/Content/EngineMaterials/Good64x64TilingNoiseHighFreq.uasset" 552
"../../../Engine/Content/EngineMaterials/DefaultBokeh.uasset" 553
"../../../Engine/Content/EngineMaterials/PreintegratedSkinBRDF.uasset" 554
"../../../Engine/Content/EngineMaterials/MiniFont.uasset" 555
"../../../Engine/Content/EngineMaterials/WeightMapPlaceholderTexture.uasset" 556
"../../../Engine/Content/EngineMaterials/DefaultWhiteGrid.uasset" 557
"../../../Engine/Content/EngineMaterials/DefaultPhysicalMaterial.uasset" 558
"../../../Engine/Content/EngineFonts/RobotoTiny.uasset" 559
"D:/CyclistVR/Saved/Config/Windows/InternationalizationExport.ini" 560
"D:/CyclistVR/Intermediate/Config/CoalescedSourceConfigs/InternationalizationExport.ini" 561
"D:/CyclistVR/Saved/Config/Windows/TranslationPickerSettings.ini" 562
"D:/CyclistVR/Intermediate/Config/CoalescedSourceConfigs/TranslationPickerSettings.ini" 563
"../../../Engine/Content/EditorSounds/Notifications/CompileStart_Cue.uasset" 564
"../../../Engine/Content/EditorSounds/Notifications/CompileSuccess.uasset" 565
"../../../Engine/Content/EditorSounds/Notifications/CompileSuccess_Cue.uasset" 566
"../../../Engine/Content/EditorSounds/Notifications/CompileFailed_Cue.uasset" 567
"../../../Engine/Content/EditorSounds/Notifications/CompileFailed.uasset" 568
"../../../Engine/Content/BasicShapes/Cube.uasset" 569
"../../../Engine/Content/BasicShapes/Sphere.uasset" 570
"../../../Engine/Content/BasicShapes/Cylinder.uasset" 571
"../../../Engine/Content/BasicShapes/Cone.uasset" 572
"D:/CyclistVR/Intermediate/CachedAssetRegistry.bin" 573
"D:/CyclistVR/Content/anim/breakdance_1990.uasset" 574
"D:/CyclistVR/Content/anim/breakdance_1990_Anim_mixamo_com.uasset" 575
"D:/CyclistVR/Content/anim/breakdance_1990_Anim_Take_001.uasset" 576
"D:/CyclistVR/Content/anim/breakdance_1990_PhysicsAsset.uasset" 577
"D:/CyclistVR/Content/anim/breakdance_1990_Skeleton.uasset" 578
"D:/CyclistVR/Content/anim/eyes_lambert.uasset" 579
"D:/CyclistVR/Content/anim/goblin_diffuse.uasset" 580
"D:/CyclistVR/Content/anim/goblin_normal.uasset" 581
"D:/CyclistVR/Content/anim/goblin_specular.uasset" 582
"D:/CyclistVR/Content/anim/phong1.uasset" 583
"D:/CyclistVR/Saved/Autosaves/Game/breakdance_1990_Auto1.uasset" 584
"D:/CyclistVR/Saved/Autosaves/Game/breakdance_1990_PhysicsAsset_Auto1.uasset" 585
"D:/CyclistVR/Saved/Autosaves/Game/breakdance_1990_Skeleton_Auto1.uasset" 586
"D:/CyclistVR/Saved/Autosaves/Game/eyes_lambert_Auto1.uasset" 587
"D:/CyclistVR/Saved/Autosaves/Game/goblin_diffuse_Auto1.uasset" 588
"D:/CyclistVR/Saved/Autosaves/Game/goblin_normal_Auto1.uasset" 589
"D:/CyclistVR/Saved/Autosaves/Game/goblin_specular_Auto1.uasset" 590
"D:/CyclistVR/Saved/Autosaves/Game/Main_Auto1.umap" 591
"D:/CyclistVR/Saved/Autosaves/Game/Main_Auto2.umap" 592
"D:/CyclistVR/Saved/Autosaves/Game/phong1_Auto1.uasset" 593
"D:/CyclistVR/Saved/Autosaves/Game/UEDPCMain.umap" 594
"D:/CyclistVR/Saved/Autosaves/Game/anim/breakdance_1990_Anim_Take_001_Auto2.uasset" 595
"D:/CyclistVR/Saved/Autosaves/Game/anim/breakdance_1990_Auto2.uasset" 596
"D:/CyclistVR/Saved/Autosaves/Game/anim/breakdance_1990_PhysicsAsset_Auto2.uasset" 597
"D:/CyclistVR/Saved/Autosaves/Game/anim/breakdance_1990_Skeleton_Auto2.uasset" 598
"D:/CyclistVR/Saved/Autosaves/Game/anim/eyes_lambert_Auto2.uasset" 599
"D:/CyclistVR/Saved/Autosaves/Game/anim/goblin_diffuse_Auto2.uasset" 600
"D:/CyclistVR/Saved/Autosaves/Game/anim/goblin_normal_Auto2.uasset" 601
"D:/CyclistVR/Saved/Autosaves/Game/anim/goblin_specular_Auto2.uasset" 602
"D:/CyclistVR/Saved/Autosaves/Game/anim/phong1_Auto2.uasset" 603
"D:/CyclistVR/Saved/Autosaves/Temp/UEDPCUntitled_1.umap" 604
"D:/CyclistVR/Saved/Cooked/Android_ATC/CyclistVR/CookedIniVersion.txt" 605
"../../../Engine/Config/HTML5/HTML5Engine.ini" 606
"../../../Engine/Content/MobileResources/HUD/VirtualJoystick_Thumb.uasset" 607
"D:/CyclistVR/Content/Main.umap" 608
"../../../Engine/Content/EngineSky/BP_Sky_Sphere.uasset" 609
"../../../Engine/Content/EditorBlueprintResources/StandardMacros.uasset" 610
"../../../Engine/Content/EngineSky/C_Sky_Cloud_Color.uasset" 611
"../../../Engine/Content/EngineSky/C_Sky_Horizon_Color.uasset" 612
"../../../Engine/Content/EngineSky/C_Sky_Zenith_Color.uasset" 613
"../../../Engine/Content/EngineSky/M_Sky_Panning_Clouds2.uasset" 614
"../../../Engine/Content/EngineSky/T_Sky_Blue.uasset" 615
"../../../Engine/Content/EngineSky/T_Sky_Clouds_M.uasset" 616
"../../../Engine/Content/EngineSky/T_Sky_Stars.uasset" 617
"../../../Engine/Content/EngineSky/SM_SkySphere.uasset" 618
"../../../Engine/Content/BasicShapes/BasicShapeMaterial.uasset" 619
"../../../Engine/Content/MapTemplates/SM_Template_Map_Floor.uasset" 620
"../../../Engine/Content/Maps/Entry.umap" 621
"../../../Engine/Content/EngineMaterials/DefaultNormal.uasset" 622
"../../../Engine/Content/EditorResources/BSPVertex.uasset" 623
"../../../Engine/Content/EngineDebugMaterials/GeomMaterial.uasset" 624
"../../../Engine/Content/EngineDebugMaterials/BoneWeightMaterial.uasset" 625
"../../../Engine/Content/EngineDebugMaterials/HeatmapGradient.uasset" 626
"../../../Engine/Content/EditorMaterials/PhAT_JointLimitMaterial.uasset" 627
"../../../Engine/Content/EditorMaterials/PreviewShadowIndicatorMaterial.uasset" 628
"../../../Engine/Content/EditorMaterials/PreviewShadowIndicator.uasset" 629
"../../../Engine/Content/EngineMaterials/EditorBrushMaterial.uasset" 630
"../../../Engine/Content/EditorMeshes/ColorCalibrator/SM_ColorCalibrator.uasset" 631
"../../../Engine/Content/EditorMeshes/ColorCalibrator/M_ChromeBall.uasset" 632
"../../../Engine/Content/EditorMeshes/ColorCalibrator/M_ClearCoat.uasset" 633
"../../../Engine/Content/EditorMeshes/ColorCalibrator/M_ClearCoatBlack.uasset" 634
"../../../Engine/Content/EditorMeshes/ColorCalibrator/M_ColorGrid.uasset" 635
"../../../Engine/Content/EditorMeshes/ColorCalibrator/T_ColorGrid.uasset" 636
"../../../Engine/Content/EditorMeshes/ColorCalibrator/M_GreyBall.uasset" 637
"../../../Engine/Content/Tutorial/BlueprintTutorials/TutorialAssets/Blueprint_64x.uasset" 638
"../../../Engine/Content/Tutorial/SubEditors/TutorialAssets/icon_Editor_Preferences_General_40x.uasset" 639
"../../../Engine/Content/Tutorial/Paper2D/TutorialAssets/Paper2DSprite_TutorialIcon.uasset" 640
"../../../Engine/Content/Tutorial/SubEditors/TutorialAssets/icon_ShowSkeletalMeshes_40x.uasset" 641
"../../../Engine/Content/Tutorial/Landscape/TutorialAssets/Landscape.uasset" 642
"../../../Engine/Content/Tutorial/Foliage/TutorialAssets/Foliage.uasset" 643
"../../../Engine/Content/Tutorial/SubEditors/StaticMeshEditorTutorial.uasset" 644
"../../../Engine/Content/EngineMeshes/Cube.uasset" 645
"../../../Engine/Content/Tutorial/BlueprintTutorials/BlueprintEditorTutorial.uasset" 646
"../../../Engine/Content/Tutorial/BlueprintTutorials/BlueprintMacroLibrariesEditorOverview.uasset" 647
"../../../Engine/Content/Tutorial/BlueprintTutorials/TutorialAssets/BlueprintMacroLibrary_64x.uasset" 648
"../../../Engine/Content/Tutorial/BlueprintTutorials/TutorialAssets/Tutorial_BP_MacroLib.uasset" 649
"../../../Engine/Content/Tutorial/BlueprintTutorials/BlueprintInterfacesEditorOverview.uasset" 650
"../../../Engine/Content/Tutorial/BlueprintTutorials/TutorialAssets/BlueprintInterface_64x.uasset" 651
"../../../Engine/Content/Tutorial/BlueprintTutorials/TutorialAssets/Tutorial_BP_Interface.uasset" 652
"../../../Engine/Content/Tutorial/BlueprintTutorials/LevelBlueprintEditorOverview.uasset" 653
"../../../Engine/Content/Tutorial/SubEditors/DestructibleMeshEditorTutorial.uasset" 654
"../../../Engine/Content/Tutorial/SubEditors/TutorialAssets/Tutorial_DM.uasset" 655
"../../../Engine/Content/EditorMeshes/EditorCube.uasset" 656
"../../../Engine/Content/Tutorial/SubEditors/ParticleSystemEditorTutorial.uasset" 657
"../../../Engine/Content/Tutorial/SubEditors/TutorialAssets/TutorialParticleSystem.uasset" 658
"../../../Engine/Content/Tutorial/SubEditors/TutorialAssets/M_smoke_subUV_blackbody.uasset" 659
"../../../Engine/Content/Tutorial/SubEditors/TutorialAssets/T_SmokeSubUV_8X8.uasset" 660
"../../../Engine/Content/Tutorial/SubEditors/TutorialAssets/T_soft_smoke.uasset" 661
"../../../Engine/Content/Tutorial/SubEditors/PersonaAnimEditorWalkThrough.uasset" 662
"../../../Engine/Content/Tutorial/SubEditors/TutorialAssets/Character/NewBlendSpace1D.uasset" 663
"../../../Engine/Content/Tutorial/SubEditors/TutorialAssets/Character/Tutorial_Idle.uasset" 664
"../../../Engine/Content/Tutorial/SubEditors/TutorialAssets/Character/TutorialTPP_Skeleton.uasset" 665
"../../../Engine/Content/Tutorial/SubEditors/TutorialAssets/Character/Tutorial_Walk_Fwd.uasset" 666
"../../../Engine/Content/Tutorial/SubEditors/TutorialAssets/Character/TutorialTPP.uasset" 667
"../../../Engine/Content/Tutorial/SubEditors/TutorialAssets/Character/TutorialTPP_Mat.uasset" 668
"../../../Engine/Content/Tutorial/SubEditors/TutorialAssets/Character/TutorialTPP_PhysicsAsset.uasset" 669
"../../../Engine/Content/Tutorial/SubEditors/PersonaAnimBlueprintEditorWalkthrough.uasset" 670
"../../../Engine/Content/Tutorial/SubEditors/TutorialAssets/Character/TutorialTPP_AnimBlueprint.uasset" 671
"../../../Engine/Content/Tutorial/SubEditors/TutorialAssets/Character/TutorialCharacter.uasset" 672
"../../../Engine/Content/Tutorial/Paper2D/SpriteEditorTutorial.uasset" 673
"../../../Engine/Content/Tutorial/Paper2D/FlipbookEditorTutorial.uasset" 674
"../../../Engine/Content/Tutorial/Paper2D/TutorialAssets/Paper2DFlipbook_TutorialIcon.uasset" 675
"../../../Engine/Content/Tutorial/Landscape/Landscape_Manage_Mode.uasset" 676
"../../../Engine/Content/Tutorial/Landscape/Landscape_Sculpt_Mode.uasset" 677
"../../../Engine/Content/Tutorial/Landscape/Landscape_Painting_Mode.uasset" 678
"../../../Engine/Content/Tutorial/Landscape/LandscapeWalkThrough.uasset" 679
"../../../Engine/Content/Tutorial/Foliage/Foliage_Intro_Tutorial.uasset" 680
"../../../Engine/Content/Tutorial/Foliage/Foliage_Using_The_Tool_Tutorial.uasset" 681
"../../../Engine/Content/Tutorial/Foliage/Foliage_Settings_Tutorial.uasset" 682
"../../../Engine/Content/Tutorial/SubEditors/TutorialAssets/TutorialMaterial.uasset" 683
"C:/Users/Aluno/AppData/Local/UnrealEngine/Common/DerivedDataCache/3/7/9/TEXTURE_814DCC3DC72143F49509781513CB9855_BGRA8_2303080240B4FBC995EC43ABAA9A8C6__FF67176A68B6CAB831A7F4C31766F94B348FF9C3.udd" 684
"C:/Users/Aluno/AppData/Local/UnrealEngine/Common/DerivedDataCache/3/1/8/TEXTURE_814DCC3DC72143F49509781513CB9855_BGRA8_5216118D4EACC7D4064ADCBA89F7720__4776B6E2E6502A15BA73B7522CDBB3F8E50002AD.udd" 685
"C:/Users/Aluno/AppData/Local/UnrealEngine/Common/DerivedDataCache/2/8/1/TEXTURE_814DCC3DC72143F49509781513CB9855_BGRA8_5216118D4EACC7D4064ADCBA89F7720__66F5A912C12ECCBFC7828C141D8C68C1A07C0A15.udd" 686
"C:/Users/Aluno/AppData/Local/UnrealEngine/Common/DerivedDataCache/3/8/5/TEXTURE_814DCC3DC72143F49509781513CB9855_AUTOATC_C45F0F7D439FAD52041B1EBC5A8A1__2C2CA4AF81D73D7638D45ED750A88B92250BEAF1.udd" 687
"C:/Users/Aluno/AppData/Local/UnrealEngine/Common/DerivedDataCache/4/9/5/TEXTURE_814DCC3DC72143F49509781513CB9855_ATC_RGBA_I_565E0359430950FA252A118AF8__E91955A32D956CF097CA90708E9A5C1F622B1DA1.udd" 688
"C:/Users/Aluno/AppData/Local/UnrealEngine/Common/DerivedDataCache/3/4/8/TEXTURE_814DCC3DC72143F49509781513CB9855_AUTOATC_FDD461EC4EDF5F99C659709B7A42E__1A15C7753BDA661E5F90ECD3F9B0CFF8D5BDD6D8.udd" 689
"C:/Users/Aluno/AppData/Local/UnrealEngine/Common/DerivedDataCache/2/4/8/TEXTURE_814DCC3DC72143F49509781513CB9855_AUTOATC_FDD461EC4EDF5F99C659709B7A42E__8849E33D432BDAA5323D2B4190BF6CCE7BCD1B0A.udd" 690
"C:/Users/Aluno/AppData/Local/UnrealEngine/Common/DerivedDataCache/3/5/4/TEXTURE_814DCC3DC72143F49509781513CB9855_ATC_RGBA_I_565E0359430950FA252A118AF8__9E3D6E501E251D71A136EEE9E3E74C5EF923A41C.udd" 691
"C:/Users/Aluno/AppData/Local/UnrealEngine/Common/DerivedDataCache/5/0/6/TEXTURE_814DCC3DC72143F49509781513CB9855_ATC_RGBA_I_565E0359430950FA252A118AF8__62DE63F8BD864BC61325BCE3F2287F65798D06A7.udd" 692
"C:/Users/Aluno/AppData/Local/UnrealEngine/Common/DerivedDataCache/6/5/5/TEXTURE_814DCC3DC72143F49509781513CB9855_AUTOATC_FDD461EC4EDF5F99C659709B7A42E__068689C5F5EA16A94221412DA9998873EA684D57.udd" 693
"C:/Users/Aluno/AppData/Local/UnrealEngine/Common/DerivedDataCache/5/2/8/TEXTURE_814DCC3DC72143F49509781513CB9855_AUTOATC_B21C1AFF42ACD5ADC8C382B3A090A__978B3064023B92286DD098D5CDD67E01DFFFF94C.udd" 694
"C:/Users/Aluno/AppData/Local/UnrealEngine/Common/DerivedDataCache/1/6/0/TEXTURE_814DCC3DC72143F49509781513CB9855_AUTOATC_FDD461EC4EDF5F99C659709B7A42E__D4D0C865D2B74A1EF0BE43664A9917511B6D1C74.udd" 695
"C:/Users/Aluno/AppData/Local/UnrealEngine/Common/DerivedDataCache/2/8/1/TEXTURE_814DCC3DC72143F49509781513CB9855_AUTOATC_B21C1AFF42ACD5ADC8C382B3A090A__B66A4562EF0A156ABB397F79F31B26BB79FCF8FB.udd" 696
"C:/Users/Aluno/AppData/Local/UnrealEngine/Common/DerivedDataCache/1/7/5/TEXTURE_814DCC3DC72143F49509781513CB9855_AUTOATC_B21C1AFF42ACD5ADC8C382B3A090A__3E0585B49E7842FE6C7CE0ABC97D1F906C94D846.udd" 697
"C:/Users/Aluno/AppData/Local/UnrealEngine/Common/DerivedDataCache/6/8/8/TEXTURE_814DCC3DC72143F49509781513CB9855_AUTOATC_B21C1AFF42ACD5ADC8C382B3A090A__668A2AA32EB4EEC50DE756CB3D5982909CA7F99F.udd" 698
"C:/Users/Aluno/AppData/Local/UnrealEngine/Common/DerivedDataCache/3/8/5/TEXTURE_814DCC3DC72143F49509781513CB9855_ATC_RGB_15564967414184874DBCB89C44D59__F010304FD8469BB20DEE9830272C54F4AE682076.udd" 699
"C:/Users/Aluno/AppData/Local/UnrealEngine/Common/DerivedDataCache/8/6/3/TEXTURE_814DCC3DC72143F49509781513CB9855_ATC_RGB_15564967414184874DBCB89C44D59__A3F7AB64962378FFD47850828E3997F3A81EE927.udd" 700
"C:/Users/Aluno/AppData/Local/UnrealEngine/Common/DerivedDataCache/4/8/7/TEXTURE_814DCC3DC72143F49509781513CB9855_AUTOATC_B21C1AFF42ACD5ADC8C382B3A090A__F2B37D9EE0C1262C4ADFE41FBAEE66AEA8A2AC0D.udd" 701
"C:/Users/Aluno/AppData/Local/UnrealEngine/Common/DerivedDataCache/2/1/5/TEXTURE_814DCC3DC72143F49509781513CB9855_AUTOATC_09053A42486F57C671A2B9B0F6272__38AB48CB237975A8E17D8A9EAC1DF7B53BD0F4D5.udd" 702
"C:/Users/Aluno/AppData/Local/UnrealEngine/Common/DerivedDataCache/9/3/5/TEXTURE_814DCC3DC72143F49509781513CB9855_AUTOATC_B07BB94C4024838454154883B7876__7449CA5294E92BB29963C31E2C8E3483CA20C968.udd" 703
"C:/Users/Aluno/AppData/Local/UnrealEngine/Common/DerivedDataCache/1/9/6/TEXTURE_814DCC3DC72143F49509781513CB9855_BGRA8_B19E8D43472CA8B277E8CCA8993996A__878CA4B0813C95120A256C74CF1AC98FA54BEF64.udd" 704
"C:/Users/Aluno/AppData/Local/UnrealEngine/Common/DerivedDataCache/8/0/9/TEXTURE_814DCC3DC72143F49509781513CB9855_BGRA8_056A03A5436F9F05D7AA329082E3874__52EE13A1FAED255C5BAD5F0F0CD6CB5732F1FD7D.udd" 705
"C:/Users/Aluno/AppData/Local/UnrealEngine/Common/DerivedDataCache/8/0/2/TEXTURE_814DCC3DC72143F49509781513CB9855_AUTOATC_55809E694EE7DB292235CC917A5C5__B7DBC7A796EDA8FE132A711709E988726C73CCD0.udd" 706
"..\..\..\Engine\Content\Internationalization\icudt53l\zoneinfo64.res" 707
"C:/Users/Aluno/AppData/Local/UnrealEngine/Common/DerivedDataCache/4/4/9/TEXTURE_814DCC3DC72143F49509781513CB9855_AUTOATC_7BC0404946D77A8C093A10AE0677E__312395BFAD6BD6690CDAE74CCF1AE6790A7990F2.udd" 708
"C:/Users/Aluno/AppData/Local/UnrealEngine/Common/DerivedDataCache/0/4/0/TEXTURE_814DCC3DC72143F49509781513CB9855_AUTOATC_7BC0404946D77A8C093A10AE0677E__CE18F5818FC967B41CBB6518A9653813A5AF5E6E.udd" 709
"C:/Users/Aluno/AppData/Local/UnrealEngine/Common/DerivedDataCache/7/9/8/TEXTURE_814DCC3DC72143F49509781513CB9855_AUTOATC_55809E694EE7DB292235CC917A5C5__03022EBD7CCBDB7CE9606964E18B83B362C8CF55.udd" 710
"C:/Users/Aluno/AppData/Local/UnrealEngine/Common/DerivedDataCache/2/5/6/TEXTURE_814DCC3DC72143F49509781513CB9855_AUTOATC_55809E694EE7DB292235CC917A5C5__3E6B3742AF81245B1EB6A8D05555682FB7C4D4CC.udd" 711
"C:/Users/Aluno/AppData/Local/UnrealEngine/Common/DerivedDataCache/0/1/3/TEXTURE_814DCC3DC72143F49509781513CB9855_G8_C13BD2BB45C48968C13E6F8322E0CF1A_0__A856BDB1C74F641C3E5A497386077ABA922667E4.udd" 712
"C:/Users/Aluno/AppData/Local/UnrealEngine/Common/DerivedDataCache/5/9/6/TEXTURE_814DCC3DC72143F49509781513CB9855_BGRA8_D0FECEC94BB5E3DA0C23C4AB41A933F__8F9DB62806B4C14D8538F690E769D615317FCDE6.udd" 713
"C:/Users/Aluno/AppData/Local/UnrealEngine/Common/DerivedDataCache/3/5/9/TEXTURE_814DCC3DC72143F49509781513CB9855_BGRA8_D0FECEC94BB5E3DA0C23C4AB41A933F__0FAFFDBB32ED72F358A7388C9AB6FE8088A36D2F.udd" 714
"C:/Users/Aluno/AppData/Local/UnrealEngine/Common/DerivedDataCache/5/1/3/TEXTURE_814DCC3DC72143F49509781513CB9855_BGRA8_C6F046E346DE53E9987E70930FC6D31__2BC58C7103301983DEFA01C3C389866FD917AABF.udd" 715
"C:/Users/Aluno/AppData/Local/UnrealEngine/Common/DerivedDataCache/1/0/7/TEXTURE_814DCC3DC72143F49509781513CB9855_BGRA8_D0FECEC94BB5E3DA0C23C4AB41A933F__0192091683E28B4FA9F5BFB80F26E676346450A0.udd" 716
"C:/Users/Aluno/AppData/Local/UnrealEngine/Common/DerivedDataCache/6/1/2/TEXTURE_814DCC3DC72143F49509781513CB9855_AUTOATC_3D7D3365419CADDBF5E531B12CF16__16521BC3211F3C9F19DBDBCDAC30C3684AE1C498.udd" 717
"C:/Users/Aluno/AppData/Local/UnrealEngine/Common/DerivedDataCache/2/5/1/TEXTURE_814DCC3DC72143F49509781513CB9855_AUTOATC_3CAC1F094FB87A98E53D7D8A24643__5F0578CAA574573DE7795E40E5D3357492BF031C.udd" 718
"C:/Users/Aluno/AppData/Local/UnrealEngine/Common/DerivedDataCache/7/8/3/TEXTURE_814DCC3DC72143F49509781513CB9855_AUTOATC_1EC0B18B47E75959952584B5D8D9E__7247CB91417527C9C1B93C7E59FC98AE8538B7D6.udd" 719
"C:/Users/Aluno/AppData/Local/UnrealEngine/Common/DerivedDataCache/8/9/7/TEXTURE_814DCC3DC72143F49509781513CB9855_AUTOATC_33CBEF834D7D60ED9D58E5940B7B2__93A02E0AB538492CB316BA24D55F1799656AFB62.udd" 720
"C:/Users/Aluno/AppData/Local/UnrealEngine/Common/DerivedDataCache/3/3/6/TEXTURE_814DCC3DC72143F49509781513CB9855_AUTOATC_CBF5B13548AB62E6A9ADA387D1FEB__05F80FCB42A3BD3EED7F0CD1E6F9E48C0A18DFB9.udd" 721
"C:/Users/Aluno/AppData/Local/UnrealEngine/Common/DerivedDataCache/7/9/8/TEXTURE_814DCC3DC72143F49509781513CB9855_AUTOATC_E38B68B34F759D23C6E5CD925E4D1__518F234192505130A07C97AA6CAFED7FB241DC62.udd" 722
"C:/Users/Aluno/AppData/Local/UnrealEngine/Common/DerivedDataCache/0/3/8/TEXTURE_814DCC3DC72143F49509781513CB9855_AUTOATC_E55F8197440DD2855E7F4D9816C88__BF6E7E1ABC61F78D7274EA822DC5EFF28696C435.udd" 723
"C:/Users/Aluno/AppData/Local/UnrealEngine/Common/DerivedDataCache/7/7/4/TEXTURE_814DCC3DC72143F49509781513CB9855_AUTOATC_A6C0C4B74D09BE1A7E2C31B7CA775__1C197984D84692B7ECE78010F29841DEA5959465.udd" 724
"C:/Users/Aluno/AppData/Local/UnrealEngine/Common/DerivedDataCache/2/0/9/TEXTURE_814DCC3DC72143F49509781513CB9855_AUTOATC_7D98C11E41884B4A67A497A07B028__C18427732E4CC3E93B47F9F3A84F20361BAF1C47.udd" 725
"C:/Users/Aluno/AppData/Local/UnrealEngine/Common/DerivedDataCache/1/5/6/TEXTURE_814DCC3DC72143F49509781513CB9855_AUTOATC_74A80EB64112E46096AE17A812C2E__6FCF7110344D89ACE430E4282192A293F0E461F5.udd" 726
"C:/Users/Aluno/AppData/Local/UnrealEngine/Common/DerivedDataCache/6/0/3/TEXTURE_814DCC3DC72143F49509781513CB9855_AUTOATC_264ABDF14257816FFA9477A6F6A19__7B6A2D2ADBEAB0C7AEEF041346BA7D7F5E33D70D.udd" 727
"C:/Users/Aluno/AppData/Local/UnrealEngine/Common/DerivedDataCache/6/6/3/TEXTURE_814DCC3DC72143F49509781513CB9855_AUTOATC_C55865344733442FBAD7D29E0B657__FDA6A2E26544E25B1E01F32D8D7698FA130D0923.udd" 728
"C:/Users/Aluno/AppData/Local/UnrealEngine/Common/DerivedDataCache/7/0/2/TEXTURE_814DCC3DC72143F49509781513CB9855_AUTOATC_025102BB43BBEAC3F075788919382__03327277EC037E0F7C6AB4D65479BB8830C66041.udd" 729
"C:/Users/Aluno/AppData/Local/UnrealEngine/Common/DerivedDataCache/0/7/2/TEXTURE_814DCC3DC72143F49509781513CB9855_ATC_RGB_C349D2FA2A30FC1134357D3272F2D__8FD1CBEFE32371BDD22144200409267B715B1676.udd" 730
"C:/Users/Aluno/AppData/Local/UnrealEngine/Common/DerivedDataCache/7/5/6/TEXTURE_814DCC3DC72143F49509781513CB9855_AUTOATC_6A6029554EC6CEDCFFC9E0836D465__5E25FF8FBD5E04B9C91E4D2B041EBD125C8EA31D.udd" 731
"C:/Users/Aluno/AppData/Local/UnrealEngine/Common/DerivedDataCache/6/7/5/TEXTURE_814DCC3DC72143F49509781513CB9855_AUTOATC_FCC2E3624ECEAC189015CEAD2B2D9__F391F23ED31768745FA1D870ED96E6FD4CC7323B.udd" 732
"C:/Users/Aluno/AppData/Local/UnrealEngine/Common/DerivedDataCache/6/3/2/TEXTURE_814DCC3DC72143F49509781513CB9855_AUTOATC_FCC2E3624ECEAC189015CEAD2B2D9__AFA87817AABE355F7A753D740A18C636F135B21A.udd" 733
"C:/Users/Aluno/AppData/Local/UnrealEngine/Common/DerivedDataCache/1/1/9/TEXTURE_814DCC3DC72143F49509781513CB9855_AUTOATC_FCC2E3624ECEAC189015CEAD2B2D9__A4AA80A8F9E5DD52811784D4F87E65264809EA1C.udd" 734
"C:/Users/Aluno/AppData/Local/UnrealEngine/Common/DerivedDataCache/1/7/3/TEXTURE_814DCC3DC72143F49509781513CB9855_AUTOATC_FCC2E3624ECEAC189015CEAD2B2D9__84482A0CB897C67CA7A8043E3CBB394A66598E97.udd" 735
"C:/Users/Aluno/AppData/Local/UnrealEngine/Common/DerivedDataCache/7/5/4/TEXTURE_814DCC3DC72143F49509781513CB9855_AUTOATC_C39FA6E1430A3372261C0A90A569A__5D6B377846BFD7C30174B047105914E224D07548.udd" 736
"C:/Users/Aluno/AppData/Local/UnrealEngine/Common/DerivedDataCache/3/2/1/TEXTURE_814DCC3DC72143F49509781513CB9855_G8_001F44A84F16871A324A52A5F4204698_0__65DAE9540D527BA6F6CF3B820941BAF10C7A00D9.udd" 737
"C:/Users/Aluno/AppData/Local/UnrealEngine/Common/DerivedDataCache/6/2/6/TEXTURE_814DCC3DC72143F49509781513CB9855_BGRA8_2140CA5B4637C285519D6D91BA9973B__42CF69DB21C149F8C8271914F4141A7EA80E9870.udd" 738
"C:/Users/Aluno/AppData/Local/UnrealEngine/Common/DerivedDataCache/5/3/4/TEXTURE_814DCC3DC72143F49509781513CB9855_BGRA8_D3CEBA6D46C9A259115E97AB0F4C15D__D48CF3D72478D4898EA5113CA76D953D7794E8EB.udd" 739
"C:/Users/Aluno/AppData/Local/UnrealEngine/Common/DerivedDataCache/6/7/0/TEXTURE_814DCC3DC72143F49509781513CB9855_AUTOATC_584A79B6465982423406428F0D776__8873C13AEEAF35C3DFC10745A1288863C65A5936.udd" 740
"C:/Users/Aluno/AppData/Local/UnrealEngine/Common/DerivedDataCache/2/1/5/TEXTURE_814DCC3DC72143F49509781513CB9855_AUTOATC_C39FA6E1430A3372261C0A90A569A__FD87BE5EA7C94F7C2652D375FA916AF771735B1B.udd" 741
"C:/Users/Aluno/AppData/Local/UnrealEngine/Common/DerivedDataCache/2/0/8/TEXTURE_814DCC3DC72143F49509781513CB9855_AUTOATC_584A79B6465982423406428F0D776__6C02FB4A8459DB08988BCF9D0C3D43B573148440.udd" 742
"C:/Users/Aluno/AppData/Local/UnrealEngine/Common/DerivedDataCache/9/5/2/TEXTURE_814DCC3DC72143F49509781513CB9855_AUTOATC_C39FA6E1430A3372261C0A90A569A__9C404723D0455F5AE372EE66A2C9BCD41B082839.udd" 743
"C:/Users/Aluno/AppData/Local/UnrealEngine/Common/DerivedDataCache/5/1/7/TEXTURE_814DCC3DC72143F49509781513CB9855_AUTOATC_5075C5404C9665C57F66B49F2C5D8__047AF4909420F71037BA48C4D46AC44D797C6593.udd" 744
"C:/Users/Aluno/AppData/Local/UnrealEngine/Common/DerivedDataCache/9/8/7/TEXTURE_814DCC3DC72143F49509781513CB9855_AUTOATC_C39FA6E1430A3372261C0A90A569A__1A9C7CF08D5390E4B05531102114C42811141010.udd" 745
"C:/Users/Aluno/AppData/Local/UnrealEngine/Common/DerivedDataCache/5/3/4/TEXTURE_814DCC3DC72143F49509781513CB9855_AUTOATC_5075C5404C9665C57F66B49F2C5D8__C10F07F6B25DB9BA2A52F0619BDDFCB25C1F142F.udd" 746
"C:/Users/Aluno/AppData/Local/UnrealEngine/Common/DerivedDataCache/3/5/9/TEXTURE_814DCC3DC72143F49509781513CB9855_AUTOATC_5075C5404C9665C57F66B49F2C5D8__F9A6DADF4962E1103CE62F81265FD681D2B2D219.udd" 747
"C:/Users/Aluno/AppData/Local/UnrealEngine/Common/DerivedDataCache/6/2/5/TEXTURE_814DCC3DC72143F49509781513CB9855_AUTOATC_C39FA6E1430A3372261C0A90A569A__9F462E7449E90EE21818220653FFDF9744517CFC.udd" 748
"C:/Users/Aluno/AppData/Local/UnrealEngine/Common/DerivedDataCache/6/8/9/TEXTURE_814DCC3DC72143F49509781513CB9855_AUTOATC_5075C5404C9665C57F66B49F2C5D8__2C4F5C5F4CE710B092006082F2BC17D984BFDB5B.udd" 749
"C:/Users/Aluno/AppData/Local/UnrealEngine/Common/DerivedDataCache/2/2/6/TEXTURE_814DCC3DC72143F49509781513CB9855_G8_1C2B54F74EBDC3C23B1A0B85D55D159C_0__2E2A404ABA0B1D38FA0F8DFA476C0ECE606A40A4.udd" 750
"C:/Users/Aluno/AppData/Local/UnrealEngine/Common/DerivedDataCache/4/7/9/TEXTURE_814DCC3DC72143F49509781513CB9855_BGRA8_52C2D2044F80407BBABA8CB2BA04F4F__FDB37FDECA0F67A24577A4436B3C2D9D715FD7D7.udd" 751
"C:/Users/Aluno/AppData/Local/UnrealEngine/Common/DerivedDataCache/4/3/1/TEXTURE_814DCC3DC72143F49509781513CB9855_AUTOATC_B1F6A23D46761DA1743FBE984F9E8__BA38D96B2B2D0E9540EF17EA7ED4269AA480C577.udd" 752
"C:/Users/Aluno/AppData/Local/UnrealEngine/Common/DerivedDataCache/9/6/6/TEXTURE_814DCC3DC72143F49509781513CB9855_BGRA8_9B0249994A9B1B14D96CD7BB7A90FB3__2A18DC3AB953CB11B5A51E842996745AAD44A376.udd" 753
"C:/Users/Aluno/AppData/Local/UnrealEngine/Common/DerivedDataCache/2/9/2/TEXTURE_814DCC3DC72143F49509781513CB9855_BGRA8_A28EC0C4486158C85466808599E49A4__1FF86D5F10DF5DA41E6C385F79D34A8F73D47BF5.udd" 754
"C:/Users/Aluno/AppData/Local/UnrealEngine/Common/DerivedDataCache/0/7/8/TEXTURE_814DCC3DC72143F49509781513CB9855_AUTOATC_95D01D314436990422EF30A4E4FA2__390F78DF374C39E9E0855E3A067A5952DA4F7F88.udd" 755
"C:/Users/Aluno/AppData/Local/UnrealEngine/Common/DerivedDataCache/2/6/3/TEXTURE_814DCC3DC72143F49509781513CB9855_AUTOATC_95D01D314436990422EF30A4E4FA2__8F9E827D1BEEC0DF1D92612297E1EC346D26FC24.udd" 756
"C:/Users/Aluno/AppData/Local/UnrealEngine/Common/DerivedDataCache/2/1/4/TEXTURE_814DCC3DC72143F49509781513CB9855_AUTOATC_448D83D64D92F14E184FE88142360__73CD3E7C60CDBB71F0F929E9060C2945502A91CC.udd" 757
"C:/Users/Aluno/AppData/Local/UnrealEngine/Common/DerivedDataCache/0/6/6/TEXTURE_814DCC3DC72143F49509781513CB9855_G8_017E72834BC6A481B9D2E7B57B15158A_0__795B37AA31B7CA81DD71B75F5245AE668B61FB0B.udd" 758
"C:/Users/Aluno/AppData/Local/UnrealEngine/Common/DerivedDataCache/5/1/1/TEXTURE_814DCC3DC72143F49509781513CB9855_AUTOATC_448D83D64D92F14E184FE88142360__4D33C6745FF9D872F41455381C26C873AF80B1DB.udd" 759
"C:/Users/Aluno/AppData/Local/UnrealEngine/Common/DerivedDataCache/1/9/2/TEXTURE_814DCC3DC72143F49509781513CB9855_G8_017E72834BC6A481B9D2E7B57B15158A_0__5A7547AAA9ECD61A0652042C7F2D255FA159612C.udd" 760
"C:/Users/Aluno/AppData/Local/UnrealEngine/Common/DerivedDataCache/9/7/7/TEXTURE_814DCC3DC72143F49509781513CB9855_AUTOATC_448D83D64D92F14E184FE88142360__FF9E1173CAE867D35A1084C4927293CD2AFA00E8.udd" 761
"C:/Users/Aluno/AppData/Local/UnrealEngine/Common/DerivedDataCache/4/0/1/TEXTURE_814DCC3DC72143F49509781513CB9855_G8_017E72834BC6A481B9D2E7B57B15158A_0__809C05BF7D54D95E76E9B7AFEC7BF80F33A0EE25.udd" 762
"C:/Users/Aluno/AppData/Local/UnrealEngine/Common/DerivedDataCache/3/2/6/TEXTURE_814DCC3DC72143F49509781513CB9855_AUTOATC_448D83D64D92F14E184FE88142360__1BA70EE35ABDB986E183D5AC8337D16DB8725A38.udd" 763
"C:/Users/Aluno/AppData/Local/UnrealEngine/Common/DerivedDataCache/7/9/3/TEXTURE_814DCC3DC72143F49509781513CB9855_AUTOATC_448D83D64D92F14E184FE88142360__C83FC10EB4F9FF2F13D8454C50D8C85581F50B2E.udd" 764
"C:/Users/Aluno/AppData/Local/UnrealEngine/Common/DerivedDataCache/3/9/5/TEXTURE_814DCC3DC72143F49509781513CB9855_G8_017E72834BC6A481B9D2E7B57B15158A_0__A72CC90F41B785A461BB7C4B4E1E78C407F08EDF.udd" 765
"C:/Users/Aluno/AppData/Local/UnrealEngine/Common/DerivedDataCache/5/0/7/TEXTURE_814DCC3DC72143F49509781513CB9855_G8_017E72834BC6A481B9D2E7B57B15158A_0__2D8DBB3B6CD1CF3FA4F8B46C1638A02CA76B7F0D.udd" 766
"C:/Users/Aluno/AppData/Local/UnrealEngine/Common/DerivedDataCache/7/8/6/TEXTURE_814DCC3DC72143F49509781513CB9855_AUTOATC_448D83D64D92F14E184FE88142360__12B831FC3A37B6194C1D21215D34AF0AA7A3DA05.udd" 767
"C:/Users/Aluno/AppData/Local/UnrealEngine/Common/DerivedDataCache/0/5/3/TEXTURE_814DCC3DC72143F49509781513CB9855_AUTOATC_52640BB9425F976C53CF3FA787E7A__EC73863191FD8FBAE9EBFC6783875F2DA1C0011B.udd" 768
"C:/Users/Aluno/AppData/Local/UnrealEngine/Common/DerivedDataCache/8/1/7/TEXTURE_814DCC3DC72143F49509781513CB9855_G8_017E72834BC6A481B9D2E7B57B15158A_0__2D4008767E306F2A0B61CCF0E87F1A7CDC6B7849.udd" 769
"C:/Users/Aluno/AppData/Local/UnrealEngine/Common/DerivedDataCache/6/1/6/TEXTURE_814DCC3DC72143F49509781513CB9855_AUTOATC_52640BB9425F976C53CF3FA787E7A__517E3E8240A6C35947D936325E48869BC6B78064.udd" 770
"C:/Users/Aluno/AppData/Local/UnrealEngine/Common/DerivedDataCache/1/2/8/TEXTURE_814DCC3DC72143F49509781513CB9855_ATC_RGBA_I_122003924E39A572EF68B5BAC8__75E30F16B9C8516521380A41A83F99B38070FE8E.udd" 771
"C:/Users/Aluno/AppData/Local/UnrealEngine/Common/DerivedDataCache/9/2/5/TEXTURE_814DCC3DC72143F49509781513CB9855_AUTOATC_52640BB9425F976C53CF3FA787E7A__3FECCB4F18B821FE228BF3896E975D73A7D7CAD3.udd" 772
"C:/Users/Aluno/AppData/Local/UnrealEngine/Common/DerivedDataCache/7/4/8/TEXTURE_814DCC3DC72143F49509781513CB9855_AUTOATC_52640BB9425F976C53CF3FA787E7A__2AA8E62837DC0C689DF18FDD81D6A832F1DBDA19.udd" 773
"C:/Users/Aluno/AppData/Local/UnrealEngine/Common/DerivedDataCache/8/9/0/TEXTURE_814DCC3DC72143F49509781513CB9855_AUTOATC_6A00F1654C244F95E8B15E9A15BE5__B3953AB75C0C5480AAFDB8117BAB30BC69617376.udd" 774
"C:/Users/Aluno/AppData/Local/UnrealEngine/Common/DerivedDataCache/2/6/2/TEXTURE_814DCC3DC72143F49509781513CB9855_BGRA8_300F91D746B84377794E1FA74622CC3__2073FDC26C5DBF30C2FB036D844C862F26A2F643.udd" 775
"C:/Users/Aluno/AppData/Local/UnrealEngine/Common/DerivedDataCache/2/9/2/TEXTURE_814DCC3DC72143F49509781513CB9855_ATC_RGBA_I_122003924E39A572EF68B5BAC8__7C5097AC429CEE61893F36B6E1E1154D09AB62BA.udd" 776
"C:/Users/Aluno/AppData/Local/UnrealEngine/Common/DerivedDataCache/5/9/2/TEXTURE_814DCC3DC72143F49509781513CB9855_BGRA8_300F91D746B84377794E1FA74622CC3__9F605741DC6FBB382FA6D1D4D44DE97500E66E80.udd" 777
"C:/Users/Aluno/AppData/Local/UnrealEngine/Common/DerivedDataCache/1/3/3/TEXTURE_814DCC3DC72143F49509781513CB9855_BGRA8_300F91D746B84377794E1FA74622CC3__215679D37B32B731D166A2C5BC282D079163F18C.udd" 778
"C:/Users/Aluno/AppData/Local/UnrealEngine/Common/DerivedDataCache/2/9/9/TEXTURE_814DCC3DC72143F49509781513CB9855_BGRA8_300F91D746B84377794E1FA74622CC3__D37F66297C91D3F89DE52480ABFD1F6D2C9E8415.udd" 779
"C:/Users/Aluno/AppData/Local/UnrealEngine/Common/DerivedDataCache/9/8/2/TEXTURE_814DCC3DC72143F49509781513CB9855_G8_EFCCE016429008D9D6575CB3A2DF598A_0__F949E4B3D838BDCB34985AA09A06B8738A445AB5.udd" 780
"C:/Users/Aluno/AppData/Local/UnrealEngine/Common/DerivedDataCache/6/0/9/TEXTURE_814DCC3DC72143F49509781513CB9855_ATC_RGBA_I_122003924E39A572EF68B5BAC8__2C627E9B884E828833B6545167ABBEE151B40C03.udd" 781
"C:/Users/Aluno/AppData/Local/UnrealEngine/Common/DerivedDataCache/4/2/1/TEXTURE_814DCC3DC72143F49509781513CB9855_G8_EFCCE016429008D9D6575CB3A2DF598A_0__8945277941692C5A22D79C1A7D9B477B8846D045.udd" 782
"C:/Users/Aluno/AppData/Local/UnrealEngine/Common/DerivedDataCache/3/8/5/TEXTURE_814DCC3DC72143F49509781513CB9855_G8_EFCCE016429008D9D6575CB3A2DF598A_0__D2A687F2C18FB52AE2E1EEDB04C9C77170CD0FC3.udd" 783
"C:/Users/Aluno/AppData/Local/UnrealEngine/Common/DerivedDataCache/6/5/0/TEXTURE_814DCC3DC72143F49509781513CB9855_ATC_RGBA_I_122003924E39A572EF68B5BAC8__62A26CA70F78735D530955E9ED23B1BAFBAA4BD1.udd" 784
"C:/Users/Aluno/AppData/Local/UnrealEngine/Common/DerivedDataCache/0/6/8/TEXTURE_814DCC3DC72143F49509781513CB9855_ATC_RGBA_I_122003924E39A572EF68B5BAC8__E247CB29C069C692E844E8D48A5E191549214332.udd" 785
"C:/Users/Aluno/AppData/Local/UnrealEngine/Common/DerivedDataCache/9/3/2/TEXTURE_814DCC3DC72143F49509781513CB9855_G8_EFCCE016429008D9D6575CB3A2DF598A_0__6C2CA7981AAE3BB88E80EDB6A8D74338EC182B8A.udd" 786
"C:/Users/Aluno/AppData/Local/UnrealEngine/Common/DerivedDataCache/1/1/5/TEXTURE_814DCC3DC72143F49509781513CB9855_AUTOATC_A5E28525480F8268BF36ABA7EBDFC__64B18C8ED951FEC7AA07696A63BD377CD0118DD4.udd" 787
"C:/Users/Aluno/AppData/Local/UnrealEngine/Common/DerivedDataCache/0/3/8/TEXTURE_814DCC3DC72143F49509781513CB9855_BGRA8_72107D3F4110EAEF3BE5D5841EFE141__EBFABFC50FA425319A0ADC765708F5FF2CC0430C.udd" 788
"C:/Users/Aluno/AppData/Local/UnrealEngine/Common/DerivedDataCache/5/8/4/TEXTURE_814DCC3DC72143F49509781513CB9855_BGRA8_4963A1D64E358284C2A151B90C2ACE2__0877A119ECF8D290E51A42A8C457FAB4635C4CE5.udd" 789
"C:/Users/Aluno/AppData/Local/UnrealEngine/Common/DerivedDataCache/0/1/6/TEXTURE_814DCC3DC72143F49509781513CB9855_AUTOATC_A5E28525480F8268BF36ABA7EBDFC__938405DA6EB938CCB6103D9CEBE63F16C0D7FE56.udd" 790
"C:/Users/Aluno/AppData/Local/UnrealEngine/Common/DerivedDataCache/9/3/6/TEXTURE_814DCC3DC72143F49509781513CB9855_AUTOATC_A5E28525480F8268BF36ABA7EBDFC__8338DD9E77907E48B4A180F79A7021997B586CD4.udd" 791
"C:/Users/Aluno/AppData/Local/UnrealEngine/Common/DerivedDataCache/1/1/5/TEXTURE_814DCC3DC72143F49509781513CB9855_AUTOATC_A5E28525480F8268BF36ABA7EBDFC__002AFB62963243CE93D6A11ED19A652B38450150.udd" 792
"C:/Users/Aluno/AppData/Local/UnrealEngine/Common/DerivedDataCache/7/4/9/TEXTURE_814DCC3DC72143F49509781513CB9855_BGRA8_8F68DA7846EE5B1FF2DDDC9433F817A__9FDFF1F38E2A447698C25ADA8828C9B7E78C264B.udd" 793
"C:/Users/Aluno/AppData/Local/UnrealEngine/Common/DerivedDataCache/7/6/3/TEXTURE_814DCC3DC72143F49509781513CB9855_BGRA8_D07216FC40952418CFE0E28778D79B2__89B7DC46CA82953BBE8057421208BB96E5C619A9.udd" 794
"C:/Users/Aluno/AppData/Local/UnrealEngine/Common/DerivedDataCache/0/5/7/TEXTURE_814DCC3DC72143F49509781513CB9855_BGRA8_0334AFB24D2E5AA9081F9BAFF9F95EE__ED95787AC12E31E95E769FBE5E7BFB4D77C53CB8.udd" 795
"C:/Users/Aluno/AppData/Local/UnrealEngine/Common/DerivedDataCache/9/3/5/TEXTURE_814DCC3DC72143F49509781513CB9855_BGRA8_8A9D9D2A48FA9339997AE79343CFD87__6E53AEB85A1CEED333B46798B5D732E0DB5F7973.udd" 796
"C:/Users/Aluno/AppData/Local/UnrealEngine/Common/DerivedDataCache/2/5/9/TEXTURE_814DCC3DC72143F49509781513CB9855_BGRA8_4957CBA74161F467DABFBE98D2CA62A__E14509477DFD3EB2EB2DB6FA164EBF60B21B7043.udd" 797
"C:/Users/Aluno/AppData/Local/UnrealEngine/Common/DerivedDataCache/0/1/7/TEXTURE_814DCC3DC72143F49509781513CB9855_BGRA8_70FBE2144E9E03B3586828844F8F9E3__AAD3CE188F72F692D5AA9967E2CA3DEDA43A777F.udd" 798
"C:/Users/Aluno/AppData/Local/UnrealEngine/Common/DerivedDataCache/3/7/4/TEXTURE_814DCC3DC72143F49509781513CB9855_ATC_RGB_A1C52E6A43A1109B0752B4B5980EA__4D2AAE3CD7FE29CE47320186110BA51B3350CA55.udd" 799
"C:/Users/Aluno/AppData/Local/UnrealEngine/Common/DerivedDataCache/4/7/6/TEXTURE_814DCC3DC72143F49509781513CB9855_AUTOATC_3648AA2A4A658DE90371B081D8DC7__F17AAA52C7D792867362E9DD74C54D0FBE0FED85.udd" 800
"C:/Users/Aluno/AppData/Local/UnrealEngine/Common/DerivedDataCache/5/6/2/TEXTURE_814DCC3DC72143F49509781513CB9855_ATC_RGB_A1C52E6A43A1109B0752B4B5980EA__15D5BA2230A579723C21C36597360C360AB1EA08.udd" 801
"C:/Users/Aluno/AppData/Local/UnrealEngine/Common/DerivedDataCache/1/1/7/TEXTURE_814DCC3DC72143F49509781513CB9855_ATC_RGB_A1C52E6A43A1109B0752B4B5980EA__F96A850711F3DF5D9F97F7EF0E8138029688FEE0.udd" 802
"C:/Users/Aluno/AppData/Local/UnrealEngine/Common/DerivedDataCache/8/8/9/TEXTURE_814DCC3DC72143F49509781513CB9855_ATC_RGB_A1C52E6A43A1109B0752B4B5980EA__5FCC50A1197C760C6C9953CD00B4280F23DD22C9.udd" 803
"C:/Users/Aluno/AppData/Local/UnrealEngine/Common/DerivedDataCache/1/5/3/TEXTURE_814DCC3DC72143F49509781513CB9855_AUTOATC_3648AA2A4A658DE90371B081D8DC7__4FFBFC4D2B624E8770593EAD5D92FBB60EA46F34.udd" 804
"C:/Users/Aluno/AppData/Local/UnrealEngine/Common/DerivedDataCache/8/1/2/TEXTURE_814DCC3DC72143F49509781513CB9855_AUTOATC_3648AA2A4A658DE90371B081D8DC7__26AAF29A6A14FB5F7892D2D869BF93A227180C5A.udd" 805
"C:/Users/Aluno/AppData/Local/UnrealEngine/Common/DerivedDataCache/2/6/8/TEXTURE_814DCC3DC72143F49509781513CB9855_AUTOATC_91A201FE4781221C42DEDE91696E4__8726FDE4A56050E561FEF5C3E5BD4BBC58D8E951.udd" 806
"C:/Users/Aluno/AppData/Local/UnrealEngine/Common/DerivedDataCache/0/5/2/TEXTURE_814DCC3DC72143F49509781513CB9855_AUTOATC_3648AA2A4A658DE90371B081D8DC7__9C7B6BC55F0DD5595EBB192259994F6C5520BB06.udd" 807
"C:/Users/Aluno/AppData/Local/UnrealEngine/Common/DerivedDataCache/1/7/3/TEXTURE_814DCC3DC72143F49509781513CB9855_AUTOATC_91A201FE4781221C42DEDE91696E4__C5B84B170C97B9222CE3386D249904BB890BB5C2.udd" 808
"C:/Users/Aluno/AppData/Local/UnrealEngine/Common/DerivedDataCache/8/8/4/TEXTURE_814DCC3DC72143F49509781513CB9855_AUTOATC_91A201FE4781221C42DEDE91696E4__CAEF7F0342B82E3E8534ABAF23B1D07DD6B01C55.udd" 809
"C:/Users/Aluno/AppData/Local/UnrealEngine/Common/DerivedDataCache/6/0/6/TEXTURE_814DCC3DC72143F49509781513CB9855_AUTOATC_3648AA2A4A658DE90371B081D8DC7__63928A990BB723F0E85535BE7F5051E6C78D250B.udd" 810
"C:/Users/Aluno/AppData/Local/UnrealEngine/Common/DerivedDataCache/5/6/5/TEXTURE_814DCC3DC72143F49509781513CB9855_AUTOATC_91A201FE4781221C42DEDE91696E4__DBFA2CE04EDCB836236C72845B4D314D0C363E4F.udd" 811
"C:/Users/Aluno/AppData/Local/UnrealEngine/Common/DerivedDataCache/8/3/9/TEXTURE_814DCC3DC72143F49509781513CB9855_BGRA8_BCE8FE5741A00FEBD2B9A5B20374AA1__4410B99AB8D8E546A8817042EF75F318D48732CD.udd" 812
"C:/Users/Aluno/AppData/Local/UnrealEngine/Common/DerivedDataCache/2/2/3/ANIMSEQ_A9288501F8C6460B80E9E07AD56FB59C_1_0_8963E6B343054330F5AEFB84A76AA37B6__BD6A9C67E0F55CD4FE2A0A31E76BD518268290D2.udd" 813
"D:/CyclistVR/Content/phong1.uasset" 814
"D:/CyclistVR/Content/goblin_diffuse.uasset" 815
"D:/CyclistVR/Content/goblin_normal.uasset" 816
"D:/CyclistVR/Content/goblin_specular.uasset" 817
"C:/Users/Aluno/AppData/Local/Temp/UnrealShaderWorkingDir/0B260F48417B9EBD2E1A82B42981C3A3/2/WorkerOutputOnly.out" 818
"C:/Users/Aluno/AppData/Local/Temp/UnrealShaderWorkingDir/0B260F48417B9EBD2E1A82B42981C3A3/1/WorkerOutputOnly.out" 819
"../../../Engine/Content/MobileResources/HUD/T_Castle_ThumbstickInner.uasset" 820
"C:/Users/Aluno/AppData/Local/UnrealEngine/Common/DerivedDataCache/7/0/6/TEXTURE_814DCC3DC72143F49509781513CB9855_BGRA8_A4535AA24BB699361857049E2A844B2__33DC436FC8699D1B1039C88C7BD1A5C66D1E258A.udd" 821
"C:/Users/Aluno/AppData/Local/UnrealEngine/Common/DerivedDataCache/1/5/5/TEXTURE_814DCC3DC72143F49509781513CB9855_ATC_RGBA_I_95FE44BC4C3AF942427110AA6A__A5BBC79F6DF02AD436A4F9DDC66710BEE8D4D1CE.udd" 822
"C:/Users/Aluno/AppData/Local/UnrealEngine/Common/DerivedDataCache/9/7/3/TEXTURE_814DCC3DC72143F49509781513CB9855_ATC_RGBA_I_CF42979D4C189447D5D7398920__C85476A4907624DCD238F9A6B36A9A271016253C.udd" 823
"C:/Users/Aluno/AppData/Local/UnrealEngine/Common/DerivedDataCache/6/0/6/TEXTURE_814DCC3DC72143F49509781513CB9855_BGRA8_FEB885274856E350932B72921DDDDFD__5F0F36A6D6499DB500E06D9B75B9A0565206D537.udd" 824
"../../../Engine/Content/EditorResources/EmptyActor.uasset" 825
"../../../Engine/Content/MobileResources/HUD/MobileHUDButton2_off.uasset" 826
"C:/Users/Aluno/AppData/Local/UnrealEngine/Common/DerivedDataCache/0/7/4/TEXTURE_814DCC3DC72143F49509781513CB9855_AUTOATC_D5542AFE4886708885DF42B1BE8F6__46C9209AE7901AC2C8FB2EE16345CE237DF21108.udd" 827
"C:/Users/Aluno/AppData/Local/UnrealEngine/Common/DerivedDataCache/3/4/4/TEXTURE_814DCC3DC72143F49509781513CB9855_AUTOATC_D5542AFE4886708885DF42B1BE8F6__3381A5200C030C60960900D5BF728A220F2C8099.udd" 828
"C:/Users/Aluno/AppData/Local/UnrealEngine/Common/DerivedDataCache/2/3/7/TEXTURE_814DCC3DC72143F49509781513CB9855_BGRA8_9E839E0E4933277AAB67FB869C14F9A__6C60276B70B9624A2973ABC8BB661D66EB844E8D.udd" 829
"C:/Users/Aluno/AppData/Local/UnrealEngine/Common/DerivedDataCache/5/7/5/TEXTURE_814DCC3DC72143F49509781513CB9855_BGRA8_9E839E0E4933277AAB67FB869C14F9A__7BC1922C2E345D1ABB0D1BC46468CD9FFCA2B7A5.udd" 830
"C:/Users/Aluno/AppData/Local/UnrealEngine/Common/DerivedDataCache/7/9/7/TEXTURE_814DCC3DC72143F49509781513CB9855_BGRA8_9E839E0E4933277AAB67FB869C14F9A__E5BDE673A03B9A061D3CB540CC12BEAC0CAC6739.udd" 831
"../../../Engine/Content/MobileResources/T_MobileMenu2.uasset" 832
"C:/Users/Aluno/AppData/Local/UnrealEngine/Common/DerivedDataCache/1/8/2/TEXTURE_814DCC3DC72143F49509781513CB9855_AUTOATC_9F8FBEF84A1997E30FD384955E3D8__A7A11E8A0527954C636620E24A4869670C4C9692.udd" 833
"C:/Users/Aluno/AppData/Local/UnrealEngine/Common/DerivedDataCache/3/5/6/TEXTURE_814DCC3DC72143F49509781513CB9855_AUTOATC_9F8FBEF84A1997E30FD384955E3D8__CEB0B5428FBBEE612BF9D7E35A070E03A8567E99.udd" 834
"C:/Users/Aluno/AppData/Local/UnrealEngine/Common/DerivedDataCache/0/5/1/TEXTURE_814DCC3DC72143F49509781513CB9855_AUTOATC_9F8FBEF84A1997E30FD384955E3D8__5B5A62714245553FB374FADCC8A099AF6868D570.udd" 835
"C:/Users/Aluno/AppData/Local/UnrealEngine/Common/DerivedDataCache/8/0/3/TEXTURE_814DCC3DC72143F49509781513CB9855_AUTOATC_9F8FBEF84A1997E30FD384955E3D8__C9FC98250FFF7DD1B7C0B8D3189352C9A0A13071.udd" 836
"../../../Engine/Content/MobileResources/HUD/MobileHUDDirectionPad3.uasset" 837
"C:/Users/Aluno/AppData/Local/UnrealEngine/Common/DerivedDataCache/8/3/1/TEXTURE_814DCC3DC72143F49509781513CB9855_AUTOATC_C9D41DBE4C754F8B430E7DBADCD48__FB857BF8D3172AD2CCBF2B86BD4873CE1106E649.udd" 838
"C:/Users/Aluno/AppData/Local/UnrealEngine/Common/DerivedDataCache/4/2/6/TEXTURE_814DCC3DC72143F49509781513CB9855_AUTOATC_C9D41DBE4C754F8B430E7DBADCD48__DD7C3819136DF4700C8360055BE2CE6649762665.udd" 839
"C:/Users/Aluno/AppData/Local/UnrealEngine/Common/DerivedDataCache/6/2/2/TEXTURE_814DCC3DC72143F49509781513CB9855_AUTOATC_C9D41DBE4C754F8B430E7DBADCD48__345049DBF44072E7E1E74CD0A37491497A65FE9B.udd" 840
"C:/Users/Aluno/AppData/Local/Temp/UnrealShaderWorkingDir/0B260F48417B9EBD2E1A82B42981C3A3/0/WorkerOutputOnly.out" 841
"../../../Engine/Content/MobileResources/HUD/AnalogHat.uasset" 842
"C:/Users/Aluno/AppData/Local/UnrealEngine/Common/DerivedDataCache/1/3/6/TEXTURE_814DCC3DC72143F49509781513CB9855_AUTOATC_2E1EE3B14D43A62B84881B8F5AAD2__984EAC3A0C881B203BA14B85AFB77BEDF52E3C07.udd" 843
"../../../Engine/Content/MobileResources/T_MobileControls_texture.uasset" 844
"C:/Users/Aluno/AppData/Local/UnrealEngine/Common/DerivedDataCache/4/8/5/TEXTURE_814DCC3DC72143F49509781513CB9855_AUTOATC_119D9D384F916FB5612DEB85B0124__AE1B210898C880EF6A60FC09ECEACED44C9E06D4.udd" 845
"C:/Users/Aluno/AppData/Local/UnrealEngine/Common/DerivedDataCache/6/8/1/TEXTURE_814DCC3DC72143F49509781513CB9855_AUTOATC_119D9D384F916FB5612DEB85B0124__293A5B43EED00A008530DDDDE5E9CA2C4CC5C789.udd" 846
"C:/Users/Aluno/AppData/Local/UnrealEngine/Common/DerivedDataCache/8/9/5/TEXTURE_814DCC3DC72143F49509781513CB9855_AUTOATC_119D9D384F916FB5612DEB85B0124__918379E64E60197DE40EA67BFC59F69CEB3E7591.udd" 847
"C:/Users/Aluno/AppData/Local/UnrealEngine/Common/DerivedDataCache/7/1/3/TEXTURE_814DCC3DC72143F49509781513CB9855_AUTOATC_119D9D384F916FB5612DEB85B0124__C67758F72073C0C0565EF107C666B1DA5741DD43.udd" 848
"../../../Engine/Content/MobileResources/HUD/MobileHUDButton1_on.uasset" 849
"C:/Users/Aluno/AppData/Local/UnrealEngine/Common/DerivedDataCache/5/3/2/TEXTURE_814DCC3DC72143F49509781513CB9855_AUTOATC_7BBBF743419EE004ACC16E9959BCC__2272F544B4A841EEE0D38509167851958F32CE15.udd" 850
"C:/Users/Aluno/AppData/Local/UnrealEngine/Common/DerivedDataCache/1/8/0/ANIMSEQ_A9288501F8C6460B80E9E07AD56FB59C_1_0_E0924F3944BFAC2EC5C1F0B6B8C522356__9C054A6ACB4F44CC554F0E927C6A3B11F5ACD1DE.udd" 851
"D:/CyclistVR/Content/breakdance_1990.uasset" 852
"D:/CyclistVR/Content/eyes_lambert.uasset" 853
"D:/CyclistVR/Content/breakdance_1990_PhysicsAsset.uasset" 854
"D:/CyclistVR/Content/breakdance_1990_Skeleton.uasset" 855
"../../../Engine/Content/MobileResources/HUD/VirtualJoystick_Background.uasset" 856
"C:/Users/Aluno/AppData/Local/UnrealEngine/Common/DerivedDataCache/5/4/8/TEXTURE_814DCC3DC72143F49509781513CB9855_BGRA8_BD2910D742B4B4778E3374B97767851__F910B2E0445BFA5900D0CD3EC9C80B5608789FD4.udd" 857
"../../../Engine/Content/MobileResources/HUD/T_Castle_ThumbstickOutter.uasset" 858
"C:/Users/Aluno/AppData/Local/UnrealEngine/Common/DerivedDataCache/8/9/1/TEXTURE_814DCC3DC72143F49509781513CB9855_BGRA8_9F5B2DF1453DB1272733529F5E95869__4EB2A0ED4F34B3CC6C624508CD3BBE64BBA526A0.udd" 859
"../../../Engine/Content/MobileResources/HUD/MobileHUDDirectionPad2.uasset" 860
"C:/Users/Aluno/AppData/Local/UnrealEngine/Common/DerivedDataCache/4/9/3/TEXTURE_814DCC3DC72143F49509781513CB9855_AUTOATC_F562DDF94D8D885AE92078A9DD770__F7352B963361AFCF7DF00D912C20B793131A138B.udd" 861
"C:/Users/Aluno/AppData/Local/UnrealEngine/Common/DerivedDataCache/8/2/4/TEXTURE_814DCC3DC72143F49509781513CB9855_AUTOATC_F562DDF94D8D885AE92078A9DD770__11BD8C246C02974EDB9380CF2DEF9921F1364599.udd" 862
"C:/Users/Aluno/AppData/Local/UnrealEngine/Common/DerivedDataCache/6/2/0/TEXTURE_814DCC3DC72143F49509781513CB9855_AUTOATC_F562DDF94D8D885AE92078A9DD770__47E1EC314D444328D23F064A42178F991DA79728.udd" 863
"../../../Engine/Content/MobileResources/HUD/MobileHUDButton3.uasset" 864
"C:/Users/Aluno/AppData/Local/UnrealEngine/Common/DerivedDataCache/9/0/1/TEXTURE_814DCC3DC72143F49509781513CB9855_AUTOATC_C49FDA8C4EFE04B87EBA5CB5A57D2__845ECAC0D4519A6CB05ED2193BDA71E6D68B61A6.udd" 865
"../../../Engine/Content/MobileResources/HUD/MobileHUDButtonFire.uasset" 866
"C:/Users/Aluno/AppData/Local/UnrealEngine/Common/DerivedDataCache/1/1/6/TEXTURE_814DCC3DC72143F49509781513CB9855_AUTOATC_C200B7694C3FE53EBCE97592F5F41__7AA1656C7256026AEB378FF81BC7D24622144484.udd" 867
"../../../Engine/Content/MobileResources/HUD/DefaultVirtualJoysticks.uasset" 868
"../../../Engine/Content/MobileResources/HUD/LeftVirtualJoystickOnly.uasset" 869
"../../../Engine/Content/MobileResources/HUD/MobileHUDDirectionStick.uasset" 870
"C:/Users/Aluno/AppData/Local/UnrealEngine/Common/DerivedDataCache/5/4/2/TEXTURE_814DCC3DC72143F49509781513CB9855_AUTOATC_8EDAF7A54E378800FEB2178634331__E1BC38A377BBE5EF62EDB335C147A71AC6BBF0E2.udd" 871
"../../../Engine/Content/MobileResources/HUD/MobileHUDButton1_off.uasset" 872
"C:/Users/Aluno/AppData/Local/UnrealEngine/Common/DerivedDataCache/4/9/7/TEXTURE_814DCC3DC72143F49509781513CB9855_AUTOATC_5FF2868842E6DED8A4C0CB8217190__4E78750D15C9CC32B7E3175DBA577204D2251A3C.udd" 873
"../../../Engine/Content/MobileResources/HUD/MobileHUDDirectionPad.uasset" 874
"C:/Users/Aluno/AppData/Local/UnrealEngine/Common/DerivedDataCache/9/7/5/TEXTURE_814DCC3DC72143F49509781513CB9855_AUTOATC_3F3B1DD44FE006226A690596DBDDE__75E7B4103158031049F1F9E5241BF7E956957FAF.udd" 875
"C:/Users/Aluno/AppData/Local/UnrealEngine/Common/DerivedDataCache/9/3/6/TEXTURE_814DCC3DC72143F49509781513CB9855_AUTOATC_3F3B1DD44FE006226A690596DBDDE__C301347467F4F4D3B5CB1D34A3F8B9D2D3BF3882.udd" 876
"../../../Engine/Content/MobileResources/HUD/MobileHUDButton2_on.uasset" 877
"C:/Users/Aluno/AppData/Local/UnrealEngine/Common/DerivedDataCache/6/8/1/TEXTURE_814DCC3DC72143F49509781513CB9855_AUTOATC_80A9E59646847B4846ED6DAF42DFE__46D2230161C51E565B9D69C4B621C3EC6CB34D1E.udd" 878
"C:/Users/Aluno/AppData/Local/UnrealEngine/Common/DerivedDataCache/7/1/8/TEXTURE_814DCC3DC72143F49509781513CB9855_AUTOATC_80A9E59646847B4846ED6DAF42DFE__CFB299C3923AB03E573BEAB51E12C151909A10DA.udd" 879
"D:/CyclistVR/Saved/Collections/PackagesRemovedFromChunk0.collection" 880
