"D:/CyclistVR/CyclistVR.uproject" 1
"../../../Engine/Plugins/2D/Paper2D/Paper2D.uplugin" 2
"../../../Engine/Plugins/Blendables/LightPropagationVolume/LightPropagationVolume.uplugin" 3
"../../../Engine/Plugins/Developer/BlankPlugin/BlankPlugin.uplugin" 4
"../../../Engine/Plugins/Developer/CodeLiteSourceCodeAccess/CodeLiteSourceCodeAccess.uplugin" 5
"../../../Engine/Plugins/Developer/GitSourceControl/GitSourceControl.uplugin" 6
"../../../Engine/Plugins/Developer/KDevelopSourceCodeAccess/KDevelopSourceCodeAccess.uplugin" 7
"../../../Engine/Plugins/Developer/NullSourceCodeAccess/NullSourceCodeAccess.uplugin" 8
"../../../Engine/Plugins/Developer/OneSkyLocalizationService/OneSkyLocalizationService.uplugin" 9
"../../../Engine/Plugins/Developer/PerforceSourceControl/PerforceSourceControl.uplugin" 10
"../../../Engine/Plugins/Developer/SubversionSourceControl/SubversionSourceControl.uplugin" 11
"../../../Engine/Plugins/Developer/UObjectPlugin/UObjectPlugin.uplugin" 12
"../../../Engine/Plugins/Developer/VisualStudioSourceCodeAccess/VisualStudioSourceCodeAccess.uplugin" 13
"../../../Engine/Plugins/Developer/XCodeSourceCodeAccess/XCodeSourceCodeAccess.uplugin" 14
"../../../Engine/Plugins/Editor/EpicSurvey/EpicSurvey.uplugin" 15
"../../../Engine/Plugins/Editor/MacGraphicsSwitching/MacGraphicsSwitching.uplugin" 16
"../../../Engine/Plugins/Editor/PluginBrowser/PluginBrowser.uplugin" 17
"../../../Engine/Plugins/Editor/SpeedTreeImporter/SpeedTreeImporter.uplugin" 18
"../../../Engine/Plugins/Editor/SuperSearchEditor/SuperSearchEditor.uplugin" 19
"../../../Engine/Plugins/Experimental/BlueprintStats/BlueprintStats.uplugin" 20
"../../../Engine/Plugins/Experimental/CharacterAI/CharacterAI.uplugin" 21
"../../../Engine/Plugins/Experimental/CodeEditor/CodeEditor.uplugin" 22
"../../../Engine/Plugins/Experimental/CodeView/CodeView.uplugin" 23
"../../../Engine/Plugins/Experimental/HTML5Networking/HTML5Networking.uplugin" 24
"../../../Engine/Plugins/Experimental/LiveEditor/LiveEditor.uplugin" 25
"../../../Engine/Plugins/Experimental/OSVR/OSVR.uplugin" 26
"../../../Engine/Plugins/Experimental/Phya/Phya.uplugin" 27
"../../../Engine/Plugins/Experimental/SignificanceManager/SignificanceManager.uplugin" 28
"../../../Engine/Plugins/Experimental/SimpleHMD/SimpleHMD.uplugin" 29
"../../../Engine/Plugins/Experimental/StereoPanorama/StereoPanorama.uplugin" 30
"../../../Engine/Plugins/Experimental/StructBox/StructBox.uplugin" 31
"../../../Engine/Plugins/Media/AndroidMedia/AndroidMedia.uplugin" 32
"../../../Engine/Plugins/Media/AvfMedia/AvfMedia.uplugin" 33
"../../../Engine/Plugins/Media/MediaPlayerEditor/MediaPlayerEditor.uplugin" 34
"../../../Engine/Plugins/Media/WmfMedia/WmfMedia.uplugin" 35
"../../../Engine/Plugins/Messaging/MessagingDebugger/MessagingDebugger.uplugin" 36
"../../../Engine/Plugins/Messaging/UdpMessaging/UdpMessaging.uplugin" 37
"../../../Engine/Plugins/MovieScene/LevelSequenceEditor/LevelSequenceEditor.uplugin" 38
"../../../Engine/Plugins/MovieScene/MatineeToLevelSequence/MatineeToLevelSequence.uplugin" 39
"../../../Engine/Plugins/NetcodeUnitTest/NetcodeUnitTest/NetcodeUnitTest.uplugin" 40
"../../../Engine/Plugins/NetcodeUnitTest/NUTUnrealEngine4/NUTUnrealEngine4.uplugin" 41
"../../../Engine/Plugins/Runtime/Advertising/IOSTapJoy/IOSTapJoy.uplugin" 42
"../../../Engine/Plugins/Runtime/Analytics/AnalyticsBlueprintLibrary/AnalyticsBlueprintLibrary.uplugin" 43
"../../../Engine/Plugins/Runtime/Analytics/AnalyticsMulticast/AnalyticsMulticast.uplugin" 44
"../../../Engine/Plugins/Runtime/Analytics/Apsalar/Apsalar.uplugin" 45
"../../../Engine/Plugins/Runtime/Analytics/FileLogging/FileLogging.uplugin" 46
"../../../Engine/Plugins/Runtime/Analytics/Flurry/Flurry.uplugin" 47
"../../../Engine/Plugins/Runtime/AndroidDeviceProfileSelector/AndroidDeviceProfileSelector.uplugin" 48
"../../../Engine/Plugins/Runtime/AndroidMoviePlayer/AndroidMoviePlayer.uplugin" 49
"../../../Engine/Plugins/Runtime/AppleMoviePlayer/AppleMoviePlayer.uplugin" 50
"../../../Engine/Plugins/Runtime/ArchVisCharacter/ArchVisCharacter.uplugin" 51
"../../../Engine/Plugins/Runtime/CableComponent/CableComponent.uplugin" 52
"../../../Engine/Plugins/Runtime/CustomMeshComponent/CustomMeshComponent.uplugin" 53
"../../../Engine/Plugins/Runtime/ExampleDeviceProfileSelector/ExampleDeviceProfileSelector.uplugin" 54
"../../../Engine/Plugins/Runtime/GearVR/GearVR.uplugin" 55
"../../../Engine/Plugins/Runtime/GoogleVR/GoogleVRController/GoogleVRController.uplugin" 56
"../../../Engine/Plugins/Runtime/GoogleVR/GoogleVRHMD/GoogleVRHMD.uplugin" 57
"../../../Engine/Plugins/Runtime/IOSDeviceProfileSelector/IOSDeviceProfileSelector.uplugin" 58
"../../../Engine/Plugins/Runtime/LeapMotion/LeapMotion.uplugin" 59
"../../../Engine/Plugins/Runtime/LinuxDeviceProfileSelector/LinuxDeviceProfileSelector.uplugin" 60
"../../../Engine/Plugins/Runtime/LiveEditorListenServer/LiveEditorListenServer.uplugin" 61
"../../../Engine/Plugins/Runtime/OculusAudio/OculusAudio.uplugin" 62
"../../../Engine/Plugins/Runtime/OculusInput/OculusInput.uplugin" 63
"../../../Engine/Plugins/Runtime/OculusLibrary/OculusLibrary.uplugin" 64
"../../../Engine/Plugins/Runtime/OculusRift/OculusRift.uplugin" 65
"../../../Engine/Plugins/Runtime/PacketHandlers/CompressionComponents/Oodle/Oodle.uplugin" 66
"../../../Engine/Plugins/Runtime/ProceduralMeshComponent/ProceduralMeshComponent.uplugin" 67
"../../../Engine/Plugins/Runtime/SoundMod/SoundMod.uplugin" 68
"../../../Engine/Plugins/Runtime/SoundVisualizations/SoundVisualizations.uplugin" 69
"../../../Engine/Plugins/Runtime/Steam/SteamController/SteamController.uplugin" 70
"../../../Engine/Plugins/Runtime/Steam/SteamVR/SteamVR.uplugin" 71
"../../../Engine/Plugins/Runtime/WebBrowserWidget/WebBrowserWidget.uplugin" 72
"../../../Engine/Plugins/Runtime/WindowsDeviceProfileSelector/WindowsDeviceProfileSelector.uplugin" 73
"../../../Engine/Plugins/Runtime/WindowsMoviePlayer/WindowsMoviePlayer.uplugin" 74
"../../../Engine/Plugins/ScriptPlugin/ScriptPlugin.uplugin" 75
"../../../Engine/Plugins/Slate/SlateRemote/SlateRemote.uplugin" 76
"..\..\..\Engine\Content\Internationalization\icudt53l\cnvalias.icu" 77
"..\..\..\Engine\Content\Internationalization\icudt53l\res_index.res" 78
"..\..\..\Engine\Content\Internationalization\icudt53l\en_US_POSIX.res" 79
"..\..\..\Engine\Content\Internationalization\icudt53l\pool.res" 80
"..\..\..\Engine\Content\Internationalization\icudt53l\en_US.res" 81
"..\..\..\Engine\Content\Internationalization\icudt53l\en.res" 82
"..\..\..\Engine\Content\Internationalization\icudt53l\root.res" 83
"..\..\..\Engine\Content\Internationalization\icudt53l\lang\pt.res" 84
"..\..\..\Engine\Content\Internationalization\icudt53l\lang\pool.res" 85
"..\..\..\Engine\Content\Internationalization\icudt53l\lang\root.res" 86
"..\..\..\Engine\Content\Internationalization\icudt53l\region\pt.res" 87
"..\..\..\Engine\Content\Internationalization\icudt53l\region\pool.res" 88
"..\..\..\Engine\Content\Internationalization\icudt53l\region\root.res" 89
"..\..\..\Engine\Content\Internationalization\icudt53l\lang\en.res" 90
"..\..\..\Engine\Content\Internationalization\icudt53l\region\en.res" 91
"..\..\..\Engine\Content\Internationalization\icudt53l\pt_BR.res" 92
"..\..\..\Engine\Content\Internationalization\icudt53l\pt.res" 93
"C:/Users/Aluno/AppData/Local/UnrealEngine/4.12/Saved/Config/Windows/Manifest.ini" 94
"../../../Engine/Config/Base.ini" 95
"../../../Engine/Config/BaseEngine.ini" 96
"D:/CyclistVR/Config/DefaultEngine.ini" 97
"../../../Engine/Config/Windows/WindowsEngine.ini" 98
"C:/Users/Aluno/AppData/Local/Unreal Engine/Engine/Config/UserEngine.ini" 99
"D:/CyclistVR/Saved/Config/Windows/Engine.ini" 100
"D:/CyclistVR/Intermediate/Config/CoalescedSourceConfigs/Engine.ini" 101
"../../../Engine/Config/BaseGame.ini" 102
"D:/CyclistVR/Config/DefaultGame.ini" 103
"D:/CyclistVR/Saved/Config/Windows/Game.ini" 104
"D:/CyclistVR/Intermediate/Config/CoalescedSourceConfigs/Game.ini" 105
"../../../Engine/Config/BaseInput.ini" 106
"D:/CyclistVR/Config/DefaultInput.ini" 107
"D:/CyclistVR/Saved/Config/Windows/Input.ini" 108
"D:/CyclistVR/Intermediate/Config/CoalescedSourceConfigs/Input.ini" 109
"../../../Engine/Config/BaseEditor.ini" 110
"D:/CyclistVR/Config/DefaultEditor.ini" 111
"D:/CyclistVR/Saved/Config/Windows/Editor.ini" 112
"D:/CyclistVR/Intermediate/Config/CoalescedSourceConfigs/Editor.ini" 113
"../../../Engine/Config/BaseEditorPerProjectUserSettings.ini" 114
"D:/CyclistVR/Saved/Config/Windows/EditorPerProjectUserSettings.ini" 115
"D:/CyclistVR/Intermediate/Config/CoalescedSourceConfigs/EditorPerProjectUserSettings.ini" 116
"../../../Engine/Config/BaseEditorSettings.ini" 117
"C:/Users/Aluno/AppData/Local/UnrealEngine/4.12/Saved/Config/Windows/EditorSettings.ini" 118
"D:/CyclistVR/Intermediate/Config/CoalescedSourceConfigs/EditorSettings.ini" 119
"../../../Engine/Config/BaseEditorLayout.ini" 120
"C:/Users/Aluno/AppData/Local/UnrealEngine/4.12/Saved/Config/Windows/EditorLayout.ini" 121
"D:/CyclistVR/Intermediate/Config/CoalescedSourceConfigs/EditorLayout.ini" 122
"../../../Engine/Config/BaseEditorKeyBindings.ini" 123
"C:/Users/Aluno/AppData/Local/UnrealEngine/4.12/Saved/Config/Windows/EditorKeyBindings.ini" 124
"D:/CyclistVR/Intermediate/Config/CoalescedSourceConfigs/EditorKeyBindings.ini" 125
"../../../Engine/Config/BaseCompat.ini" 126
"D:/CyclistVR/Saved/Config/Windows/Compat.ini" 127
"D:/CyclistVR/Intermediate/Config/CoalescedSourceConfigs/Compat.ini" 128
"../../../Engine/Config/BaseLightmass.ini" 129
"D:/CyclistVR/Saved/Config/Windows/Lightmass.ini" 130
"D:/CyclistVR/Intermediate/Config/CoalescedSourceConfigs/Lightmass.ini" 131
"../../../Engine/Config/BaseScalability.ini" 132
"D:/CyclistVR/Saved/Config/Windows/Scalability.ini" 133
"D:/CyclistVR/Intermediate/Config/CoalescedSourceConfigs/Scalability.ini" 134
"../../../Engine/Config/BaseHardware.ini" 135
"D:/CyclistVR/Saved/Config/Windows/Hardware.ini" 136
"D:/CyclistVR/Intermediate/Config/CoalescedSourceConfigs/Hardware.ini" 137
"D:/CyclistVR/Saved/Config/Windows/GameUserSettings.ini" 138
"D:/CyclistVR/Intermediate/Config/CoalescedSourceConfigs/GameUserSettings.ini" 139
"../../../Engine/Config/BaseDeviceProfiles.ini" 140
"D:/CyclistVR/Saved/Config/Windows/DeviceProfiles.ini" 141
"D:/CyclistVR/Intermediate/Config/CoalescedSourceConfigs/DeviceProfiles.ini" 142
"../../../Engine/Config/ConsoleVariables.ini" 143
"..\..\..\Engine\Content\Internationalization\icudt53l\ar.res" 144
"..\..\..\Engine\Content\Internationalization\icudt53l\lang\ar.res" 145
"..\..\..\Engine\Content\Internationalization\icudt53l\es.res" 146
"..\..\..\Engine\Content\Internationalization\icudt53l\lang\es.res" 147
"..\..\..\Engine\Content\Internationalization\icudt53l\ja.res" 148
"..\..\..\Engine\Content\Internationalization\icudt53l\lang\ja.res" 149
"..\..\..\Engine\Content\Internationalization\icudt53l\ko.res" 150
"..\..\..\Engine\Content\Internationalization\icudt53l\lang\ko.res" 151
"..\..\..\Engine\Content\Internationalization\icudt53l\zh_CN.res" 152
"..\..\..\Engine\Content\Internationalization\icudt53l\zh_Hans_CN.res" 153
"..\..\..\Engine\Content\Internationalization\icudt53l\zh_Hans.res" 154
"..\..\..\Engine\Content\Internationalization\icudt53l\zh.res" 155
"..\..\..\Engine\Content\Internationalization\icudt53l\lang\zh_CN.res" 156
"..\..\..\Engine\Content\Internationalization\icudt53l\lang\zh_Hans_CN.res" 157
"..\..\..\Engine\Content\Internationalization\icudt53l\lang\zh_Hans.res" 158
"..\..\..\Engine\Content\Internationalization\icudt53l\lang\zh.res" 159
"..\..\..\Engine\Content\Internationalization\icudt53l\region\zh_CN.res" 160
"..\..\..\Engine\Content\Internationalization\icudt53l\region\zh_Hans_CN.res" 161
"..\..\..\Engine\Content\Internationalization\icudt53l\region\zh_Hans.res" 162
"..\..\..\Engine\Content\Internationalization\icudt53l\region\zh.res" 163
"C:/Program Files (x86)/Epic Games/4.12/Engine/Content/Localization/Engine/en/Engine.locres" 164
"C:/Program Files (x86)/Epic Games/4.12/Engine/Content/Localization/Editor/en/Editor.locres" 165
"C:/Program Files (x86)/Epic Games/4.12/Engine/Content/Localization/EditorTutorials/en/EditorTutorials.locres" 166
"C:/Program Files (x86)/Epic Games/4.12/Engine/Content/Localization/Keywords/en/Keywords.locres" 167
"C:/Program Files (x86)/Epic Games/4.12/Engine/Content/Localization/Category/en/Category.locres" 168
"C:/Program Files (x86)/Epic Games/4.12/Engine/Content/Localization/ToolTips/en/ToolTips.locres" 169
"C:/Program Files (x86)/Epic Games/4.12/Engine/Content/Localization/PropertyNames/en/PropertyNames.locres" 170
"../../../Engine/Content/Slate/Fonts/Roboto-Regular.ttf" 171
"../../../Engine/Content/Slate/Fonts/DroidSansMono.ttf" 172
"../../../Engine/Content/Slate/Fonts/Roboto-Bold.ttf" 173
"../../../Engine/Content/Slate/Fonts/Roboto-Light.ttf" 174
"C:/Program Files (x86)/Epic Games/4.12/Engine/Binaries/Win64/../../../Engine/Shaders/VectorFieldVisualizationVertexFactory.usf" 175
"C:/Program Files (x86)/Epic Games/4.12/Engine/Binaries/Win64/../../../Engine/Shaders/VertexFactoryCommon.usf" 176
"C:/Program Files (x86)/Epic Games/4.12/Engine/Binaries/Win64/../../../Engine/Shaders/Common.usf" 177
"C:/Program Files (x86)/Epic Games/4.12/Engine/Binaries/Win64/../../../Engine/Shaders/MetalCommon.usf" 178
"C:/Program Files (x86)/Epic Games/4.12/Engine/Binaries/Win64/../../../Engine/Shaders/VulkanCommon.usf" 179
"C:/Program Files (x86)/Epic Games/4.12/Engine/Binaries/Win64/../../../Engine/Shaders/ShaderVersion.usf" 180
"C:/Program Files (x86)/Epic Games/4.12/Engine/Binaries/Win64/../../../Engine/Shaders/CommonViewUniformBuffer.usf" 181
"C:/Program Files (x86)/Epic Games/4.12/Engine/Binaries/Win64/../../../Engine/Shaders/InstancedStereo.usf" 182
"C:/Program Files (x86)/Epic Games/4.12/Engine/Binaries/Win64/../../../Engine/Shaders/Definitions.usf" 183
"C:/Program Files (x86)/Epic Games/4.12/Engine/Binaries/Win64/../../../Engine/Shaders/Random.usf" 184
"C:/Program Files (x86)/Epic Games/4.12/Engine/Binaries/Win64/../../../Engine/Shaders/ParticleSpriteVertexFactory.usf" 185
"C:/Program Files (x86)/Epic Games/4.12/Engine/Binaries/Win64/../../../Engine/Shaders/ParticleVertexFactoryCommon.usf" 186
"C:/Program Files (x86)/Epic Games/4.12/Engine/Binaries/Win64/../../../Engine/Shaders/ParticleGPUSpriteVertexFactory.usf" 187
"C:/Program Files (x86)/Epic Games/4.12/Engine/Binaries/Win64/../../../Engine/Shaders/ParticleBeamTrailVertexFactory.usf" 188
"C:/Program Files (x86)/Epic Games/4.12/Engine/Binaries/Win64/../../../Engine/Shaders/MeshParticleVertexFactory.usf" 189
"C:/Program Files (x86)/Epic Games/4.12/Engine/Binaries/Win64/../../../Engine/Shaders/LocalVertexFactory.usf" 190
"C:/Program Files (x86)/Epic Games/4.12/Engine/Binaries/Win64/../../../Engine/Shaders/LocalVertexFactoryCommon.usf" 191
"C:/Program Files (x86)/Epic Games/4.12/Engine/Binaries/Win64/../../../Engine/Shaders/GpuSkinCommon.usf" 192
"C:/Program Files (x86)/Epic Games/4.12/Engine/Binaries/Win64/../../../Engine/Shaders/GpuSkinVertexFactory.usf" 193
"C:/Program Files (x86)/Epic Games/4.12/Engine/Binaries/Win64/../../../Engine/Shaders/LandscapeVertexFactory.usf" 194
"C:/Program Files (x86)/Epic Games/4.12/Engine/Binaries/Win64/../../../Engine/Shaders/SlateElementPixelShader.usf" 195
"C:/Program Files (x86)/Epic Games/4.12/Engine/Binaries/Win64/../../../Engine/Shaders/GammaCorrectionCommon.usf" 196
"C:/Program Files (x86)/Epic Games/4.12/Engine/Binaries/Win64/../../../Engine/Shaders/SlateShaderCommon.usf" 197
"C:/Program Files (x86)/Epic Games/4.12/Engine/Binaries/Win64/../../../Engine/Shaders/MaterialTemplate.usf" 198
"C:/Program Files (x86)/Epic Games/4.12/Engine/Binaries/Win64/../../../Engine/Shaders/DepthOfFieldCommon.usf" 199
"C:/Program Files (x86)/Epic Games/4.12/Engine/Binaries/Win64/../../../Engine/Shaders/CircleDOFCommon.usf" 200
"C:/Program Files (x86)/Epic Games/4.12/Engine/Binaries/Win64/../../../Engine/Shaders/GlobalDistanceFieldShared.usf" 201
"C:/Program Files (x86)/Epic Games/4.12/Engine/Binaries/Win64/../../../Engine/Shaders/SpeedTreeCommon.usf" 202
"C:/Program Files (x86)/Epic Games/4.12/Engine/Binaries/Win64/../../../Engine/Shaders/MinMaterialTexCoords.usf" 203
"C:/Program Files (x86)/Epic Games/4.12/Engine/Binaries/Win64/../../../Engine/Shaders/AtmosphereCommon.usf" 204
"C:/Program Files (x86)/Epic Games/4.12/Engine/Binaries/Win64/../../../Engine/Shaders/PaniniProjection.usf" 205
"C:/Program Files (x86)/Epic Games/4.12/Engine/Binaries/Win64/../../../Engine/Shaders/EyeAdaptationCommon.usf" 206
"C:/Program Files (x86)/Epic Games/4.12/Engine/Binaries/Win64/../../../Engine/Shaders/PostProcessCommon.usf" 207
"C:/Program Files (x86)/Epic Games/4.12/Engine/Binaries/Win64/../../../Engine/Shaders/DeferredShadingCommon.usf" 208
"C:/Program Files (x86)/Epic Games/4.12/Engine/Binaries/Win64/../../../Engine/Shaders/LightAccumulator.usf" 209
"C:/Program Files (x86)/Epic Games/4.12/Engine/Binaries/Win64/../../../Engine/Shaders/SlateVertexShader.usf" 210
"C:/Program Files (x86)/Epic Games/4.12/Engine/Binaries/Win64/../../../Engine/Shaders/VectorFieldCompositeShaders.usf" 211
"C:/Program Files (x86)/Epic Games/4.12/Engine/Binaries/Win64/../../../Engine/Shaders/UpdateTextureShaders.usf" 212
"C:/Program Files (x86)/Epic Games/4.12/Engine/Binaries/Win64/../../../Engine/Shaders/SimpleElementColorChannelMaskPixelShader.usf" 213
"C:/Program Files (x86)/Epic Games/4.12/Engine/Binaries/Win64/../../../Engine/Shaders/SimpleElementPixelShader.usf" 214
"C:/Program Files (x86)/Epic Games/4.12/Engine/Binaries/Win64/../../../Engine/Shaders/ColorUtils.usf" 215
"C:/Program Files (x86)/Epic Games/4.12/Engine/Binaries/Win64/../../../Engine/Shaders/IESLightProfilesCommon.usf" 216
"C:/Program Files (x86)/Epic Games/4.12/Engine/Binaries/Win64/../../../Engine/Shaders/SimpleElementHitProxyPixelShader.usf" 217
"C:/Program Files (x86)/Epic Games/4.12/Engine/Binaries/Win64/../../../Engine/Shaders/SimpleElementVertexShader.usf" 218
"C:/Program Files (x86)/Epic Games/4.12/Engine/Binaries/Win64/../../../Engine/Shaders/ScreenVertexShader.usf" 219
"C:/Program Files (x86)/Epic Games/4.12/Engine/Binaries/Win64/../../../Engine/Shaders/ScreenPixelShader.usf" 220
"C:/Program Files (x86)/Epic Games/4.12/Engine/Binaries/Win64/../../../Engine/Shaders/ParticleSortKeyGen.usf" 221
"C:/Program Files (x86)/Epic Games/4.12/Engine/Binaries/Win64/../../../Engine/Shaders/ParticleBoundsShader.usf" 222
"C:/Program Files (x86)/Epic Games/4.12/Engine/Binaries/Win64/../../../Engine/Shaders/ParticleSimVisualizeShader.usf" 223
"C:/Program Files (x86)/Epic Games/4.12/Engine/Binaries/Win64/../../../Engine/Shaders/ParticleInjectionShader.usf" 224
"C:/Program Files (x86)/Epic Games/4.12/Engine/Binaries/Win64/../../../Engine/Shaders/ParticleSimulationShader.usf" 225
"C:/Program Files (x86)/Epic Games/4.12/Engine/Binaries/Win64/../../../Engine/Shaders/ParticleCurveInjectionShader.usf" 226
"C:/Program Files (x86)/Epic Games/4.12/Engine/Binaries/Win64/../../../Engine/Shaders/RadixSortShaders.usf" 227
"C:/Program Files (x86)/Epic Games/4.12/Engine/Binaries/Win64/../../../Engine/Shaders/RecomputeTangentsPerVertexPass.usf" 228
"C:/Program Files (x86)/Epic Games/4.12/Engine/Binaries/Win64/../../../Engine/Shaders/RecomputeTangentsCommon.usf" 229
"C:/Program Files (x86)/Epic Games/4.12/Engine/Binaries/Win64/../../../Engine/Shaders/RecomputeTangentsPerTrianglePass.usf" 230
"C:/Program Files (x86)/Epic Games/4.12/Engine/Binaries/Win64/../../../Engine/Shaders/FastMath.usf" 231
"C:/Program Files (x86)/Epic Games/4.12/Engine/Binaries/Win64/../../../Engine/Shaders/GpuSkinCacheComputeShader.usf" 232
"C:/Program Files (x86)/Epic Games/4.12/Engine/Binaries/Win64/../../../Engine/Shaders/NullPixelShader.usf" 233
"C:/Program Files (x86)/Epic Games/4.12/Engine/Binaries/Win64/../../../Engine/Shaders/LandscapeGrassWeight.usf" 234
"C:/Program Files (x86)/Epic Games/4.12/Engine/Binaries/Win64/../../../Engine/Shaders/SimpleElementTexture2DPreviewPixelShader.usf" 235
"C:/Program Files (x86)/Epic Games/4.12/Engine/Binaries/Win64/../../../Engine/Shaders/SimpleElementNormalMapPixelShader.usf" 236
"C:/Program Files (x86)/Epic Games/4.12/Engine/Binaries/Win64/../../../Engine/Shaders/meshpaintdilatepixelshader.usf" 237
"C:/Program Files (x86)/Epic Games/4.12/Engine/Binaries/Win64/../../../Engine/Shaders/meshpaintdilatevertexshader.usf" 238
"C:/Program Files (x86)/Epic Games/4.12/Engine/Binaries/Win64/../../../Engine/Shaders/MeshPaintPixelShader.usf" 239
"C:/Program Files (x86)/Epic Games/4.12/Engine/Binaries/Win64/../../../Engine/Shaders/MeshPaintVertexShader.usf" 240
"C:/Program Files (x86)/Epic Games/4.12/Engine/Binaries/Win64/../../../Engine/Shaders/VertexDensityShader.usf" 241
"C:/Program Files (x86)/Epic Games/4.12/Engine/Binaries/Win64/../../../Engine/Shaders/VelocityShader.usf" 242
"C:/Program Files (x86)/Epic Games/4.12/Engine/Binaries/Win64/../../../Engine/Shaders/VelocityCommon.usf" 243
"C:/Program Files (x86)/Epic Games/4.12/Engine/Binaries/Win64/../../../Engine/Shaders/Tessellation.usf" 244
"C:/Program Files (x86)/Epic Games/4.12/Engine/Binaries/Win64/../../../Engine/Shaders/FlatTessellation.usf" 245
"C:/Program Files (x86)/Epic Games/4.12/Engine/Binaries/Win64/../../../Engine/Shaders/PNTriangles.usf" 246
"C:/Program Files (x86)/Epic Games/4.12/Engine/Binaries/Win64/../../../Engine/Shaders/TranslucentLightingShaders.usf" 247
"C:/Program Files (x86)/Epic Games/4.12/Engine/Binaries/Win64/../../../Engine/Shaders/SHCommon.usf" 248
"C:/Program Files (x86)/Epic Games/4.12/Engine/Binaries/Win64/../../../Engine/Shaders/ShadowProjectionCommon.usf" 249
"C:/Program Files (x86)/Epic Games/4.12/Engine/Binaries/Win64/../../../Engine/Shaders/CubemapCommon.usf" 250
"C:/Program Files (x86)/Epic Games/4.12/Engine/Binaries/Win64/../../../Engine/Shaders/TranslucentLightInjectionShaders.usf" 251
"C:/Program Files (x86)/Epic Games/4.12/Engine/Binaries/Win64/../../../Engine/Shaders/DynamicLightingCommon.usf" 252
"C:/Program Files (x86)/Epic Games/4.12/Engine/Binaries/Win64/../../../Engine/Shaders/LightFunctionCommon.usf" 253
"C:/Program Files (x86)/Epic Games/4.12/Engine/Binaries/Win64/../../../Engine/Shaders/TranslucentShadowDepthShaders.usf" 254
"C:/Program Files (x86)/Epic Games/4.12/Engine/Binaries/Win64/../../../Engine/Shaders/ShadowDepthCommon.usf" 255
"C:/Program Files (x86)/Epic Games/4.12/Engine/Binaries/Win64/../../../Engine/Shaders/TiledDeferredLightShaders.usf" 256
"C:/Program Files (x86)/Epic Games/4.12/Engine/Binaries/Win64/../../../Engine/Shaders/DeferredLightingCommon.usf" 257
"C:/Program Files (x86)/Epic Games/4.12/Engine/Binaries/Win64/../../../Engine/Shaders/BRDF.usf" 258
"C:/Program Files (x86)/Epic Games/4.12/Engine/Binaries/Win64/../../../Engine/Shaders/MonteCarlo.usf" 259
"C:/Program Files (x86)/Epic Games/4.12/Engine/Binaries/Win64/../../../Engine/Shaders/ShadingModels.usf" 260
"C:/Program Files (x86)/Epic Games/4.12/Engine/Binaries/Win64/../../../Engine/Shaders/SurfelTree.usf" 261
"C:/Program Files (x86)/Epic Games/4.12/Engine/Binaries/Win64/../../../Engine/Shaders/DistanceFieldLightingShared.usf" 262
"C:/Program Files (x86)/Epic Games/4.12/Engine/Binaries/Win64/../../../Engine/Shaders/SurfelMaterialShared.usf" 263
"C:/Program Files (x86)/Epic Games/4.12/Engine/Binaries/Win64/../../../Engine/Shaders/DistanceFieldAOShared.usf" 264
"C:/Program Files (x86)/Epic Games/4.12/Engine/Binaries/Win64/../../../Engine/Shaders/ShadowProjectionPixelShader.usf" 265
"C:/Program Files (x86)/Epic Games/4.12/Engine/Binaries/Win64/../../../Engine/Shaders/ShadowFilteringCommon.usf" 266
"C:/Program Files (x86)/Epic Games/4.12/Engine/Binaries/Win64/../../../Engine/Shaders/ShadowProjectionVertexShader.usf" 267
"C:/Program Files (x86)/Epic Games/4.12/Engine/Binaries/Win64/../../../Engine/Shaders/ShadowDepthPixelShader.usf" 268
"C:/Program Files (x86)/Epic Games/4.12/Engine/Binaries/Win64/../../../Engine/Shaders/LPVWriteVplCommon.usf" 269
"C:/Program Files (x86)/Epic Games/4.12/Engine/Binaries/Win64/../../../Engine/Shaders/LPVWriteCommon.usf" 270
"C:/Program Files (x86)/Epic Games/4.12/Engine/Binaries/Win64/../../../Engine/Shaders/LPVCommon.usf" 271
"C:/Program Files (x86)/Epic Games/4.12/Engine/Binaries/Win64/../../../Engine/Shaders/ShadowDepthVertexShader.usf" 272
"C:/Program Files (x86)/Epic Games/4.12/Engine/Binaries/Win64/../../../Engine/Shaders/QuadComplexityAccumulatePixelShader.usf" 273
"C:/Program Files (x86)/Epic Games/4.12/Engine/Binaries/Win64/../../../Engine/Shaders/QuadOverdraw.usf" 274
"C:/Program Files (x86)/Epic Games/4.12/Engine/Binaries/Win64/../../../Engine/Shaders/DebugViewModeCommon.usf" 275
"C:/Program Files (x86)/Epic Games/4.12/Engine/Binaries/Win64/../../../Engine/Shaders/ShaderComplexityAccumulatePixelShader.usf" 276
"C:/Program Files (x86)/Epic Games/4.12/Engine/Binaries/Win64/../../../Engine/Shaders/HZBOcclusion.usf" 277
"C:/Program Files (x86)/Epic Games/4.12/Engine/Binaries/Win64/../../../Engine/Shaders/OcclusionQueryVertexShader.usf" 278
"C:/Program Files (x86)/Epic Games/4.12/Engine/Binaries/Win64/../../../Engine/Shaders/HitProxyPixelShader.usf" 279
"C:/Program Files (x86)/Epic Games/4.12/Engine/Binaries/Win64/../../../Engine/Shaders/HitProxyVertexShader.usf" 280
"C:/Program Files (x86)/Epic Games/4.12/Engine/Binaries/Win64/../../../Engine/Shaders/ReflectionEnvironmentShaders.usf" 281
"C:/Program Files (x86)/Epic Games/4.12/Engine/Binaries/Win64/../../../Engine/Shaders/ReflectionEnvironmentShared.usf" 282
"C:/Program Files (x86)/Epic Games/4.12/Engine/Binaries/Win64/../../../Engine/Shaders/SkyLightingShared.usf" 283
"C:/Program Files (x86)/Epic Games/4.12/Engine/Binaries/Win64/../../../Engine/Shaders/ReflectionEnvironmentComputeShaders.usf" 284
"C:/Program Files (x86)/Epic Games/4.12/Engine/Binaries/Win64/../../../Engine/Shaders/PrimitiveDistanceAccuracyPixelShader.usf" 285
"C:/Program Files (x86)/Epic Games/4.12/Engine/Binaries/Win64/../../../Engine/Shaders/PreCullTriangles.usf" 286
"C:/Program Files (x86)/Epic Games/4.12/Engine/Binaries/Win64/../../../Engine/Shaders/VisualizeTexture.usf" 287
"C:/Program Files (x86)/Epic Games/4.12/Engine/Binaries/Win64/../../../Engine/Shaders/VisualizeShadingModels.usf" 288
"C:/Program Files (x86)/Epic Games/4.12/Engine/Binaries/Win64/../../../Engine/Shaders/PostProcessHistogramCommon.usf" 289
"C:/Program Files (x86)/Epic Games/4.12/Engine/Binaries/Win64/../../../Engine/Shaders/ScreenSpaceReflections.usf" 290
"C:/Program Files (x86)/Epic Games/4.12/Engine/Binaries/Win64/../../../Engine/Shaders/ScreenSpaceRayCast.usf" 291
"C:/Program Files (x86)/Epic Games/4.12/Engine/Binaries/Win64/../../../Engine/Shaders/FilterVertexShader.usf" 292
"C:/Program Files (x86)/Epic Games/4.12/Engine/Binaries/Win64/../../../Engine/Shaders/FilterPixelShader.usf" 293
"C:/Program Files (x86)/Epic Games/4.12/Engine/Binaries/Win64/../../../Engine/Shaders/PostProcessVisualizeHDR.usf" 294
"C:/Program Files (x86)/Epic Games/4.12/Engine/Binaries/Win64/../../../Engine/Shaders/TonemapCommon.usf" 295
"C:/Program Files (x86)/Epic Games/4.12/Engine/Binaries/Win64/../../../Engine/Shaders/ACES.usf" 296
"C:/Program Files (x86)/Epic Games/4.12/Engine/Binaries/Win64/../../../Engine/Shaders/MiniFontCommon.usf" 297
"C:/Program Files (x86)/Epic Games/4.12/Engine/Binaries/Win64/../../../Engine/Shaders/ShaderComplexityApplyPixelShader.usf" 298
"C:/Program Files (x86)/Epic Games/4.12/Engine/Binaries/Win64/../../../Engine/Shaders/PostProcessVisualizeBuffer.usf" 299
"C:/Program Files (x86)/Epic Games/4.12/Engine/Binaries/Win64/../../../Engine/Shaders/PostProcessUpscale.usf" 300
"C:/Program Files (x86)/Epic Games/4.12/Engine/Binaries/Win64/../../../Engine/Shaders/PostProcessTonemap.usf" 301
"C:/Program Files (x86)/Epic Games/4.12/Engine/Binaries/Win64/../../../Engine/Shaders/PostProcessTestImage.usf" 302
"C:/Program Files (x86)/Epic Games/4.12/Engine/Binaries/Win64/../../../Engine/Shaders/PostProcessTemporalAA.usf" 303
"C:/Program Files (x86)/Epic Games/4.12/Engine/Binaries/Win64/../../../Engine/Shaders/PostProcessTemporalCommon.usf" 304
"C:/Program Files (x86)/Epic Games/4.12/Engine/Binaries/Win64/../../../Engine/Shaders/PostProcessSubsurface.usf" 305
"C:/Program Files (x86)/Epic Games/4.12/Engine/Binaries/Win64/../../../Engine/Shaders/SeparableSSS.usf" 306
"C:/Program Files (x86)/Epic Games/4.12/Engine/Binaries/Win64/../../../Engine/Shaders/PostProcessSelectionOutline.usf" 307
"C:/Program Files (x86)/Epic Games/4.12/Engine/Binaries/Win64/../../../Engine/Shaders/PostProcessNoiseBlur.usf" 308
"C:/Program Files (x86)/Epic Games/4.12/Engine/Binaries/Win64/../../../Engine/Shaders/PostProcessMotionBlur.usf" 309
"C:/Program Files (x86)/Epic Games/4.12/Engine/Binaries/Win64/../../../Engine/Shaders/PostProcessVelocityFlatten.usf" 310
"C:/Program Files (x86)/Epic Games/4.12/Engine/Binaries/Win64/../../../Engine/Shaders/PostProcessMobile.usf" 311
"C:/Program Files (x86)/Epic Games/4.12/Engine/Binaries/Win64/../../../Engine/Shaders/PostProcessMaterialShaders.usf" 312
"C:/Program Files (x86)/Epic Games/4.12/Engine/Binaries/Win64/../../../Engine/Shaders/PostProcessLensFlares.usf" 313
"C:/Program Files (x86)/Epic Games/4.12/Engine/Binaries/Win64/../../../Engine/Shaders/PostProcessLensBlur.usf" 314
"C:/Program Files (x86)/Epic Games/4.12/Engine/Binaries/Win64/../../../Engine/Shaders/PostProcessBloom.usf" 315
"C:/Program Files (x86)/Epic Games/4.12/Engine/Binaries/Win64/../../../Engine/Shaders/PostProcessHMD.usf" 316
"C:/Program Files (x86)/Epic Games/4.12/Engine/Binaries/Win64/../../../Engine/Shaders/PostProcessHistogramReduce.usf" 317
"C:/Program Files (x86)/Epic Games/4.12/Engine/Binaries/Win64/../../../Engine/Shaders/PostProcessHistogram.usf" 318
"C:/Program Files (x86)/Epic Games/4.12/Engine/Binaries/Win64/../../../Engine/Shaders/PostProcessHierarchical.usf" 319
"C:/Program Files (x86)/Epic Games/4.12/Engine/Binaries/Win64/../../../Engine/Shaders/PostProcessGBufferHints.usf" 320
"C:/Program Files (x86)/Epic Games/4.12/Engine/Binaries/Win64/../../../Engine/Shaders/PostProcessEyeAdaptation.usf" 321
"C:/Program Files (x86)/Epic Games/4.12/Engine/Binaries/Win64/../../../Engine/Shaders/PostProcessDownsample.usf" 322
"C:/Program Files (x86)/Epic Games/4.12/Engine/Binaries/Win64/../../../Engine/Shaders/PostProcessDOF.usf" 323
"C:/Program Files (x86)/Epic Games/4.12/Engine/Binaries/Win64/../../../Engine/Shaders/PostProcessCompositeEditorPrimitives.usf" 324
"C:/Program Files (x86)/Epic Games/4.12/Engine/Binaries/Win64/../../../Engine/Shaders/PostProcessCombineLUTs.usf" 325
"C:/Program Files (x86)/Epic Games/4.12/Engine/Binaries/Win64/../../../Engine/Shaders/PostProcessCircleDOF.usf" 326
"C:/Program Files (x86)/Epic Games/4.12/Engine/Binaries/Win64/../../../Engine/Shaders/PostProcessBusyWait.usf" 327
"C:/Program Files (x86)/Epic Games/4.12/Engine/Binaries/Win64/../../../Engine/Shaders/PostProcessPassThrough.usf" 328
"C:/Program Files (x86)/Epic Games/4.12/Engine/Binaries/Win64/../../../Engine/Shaders/PostProcessBokehDOF.usf" 329
"C:/Program Files (x86)/Epic Games/4.12/Engine/Binaries/Win64/../../../Engine/Shaders/SeparateTranslucency.usf" 330
"C:/Program Files (x86)/Epic Games/4.12/Engine/Binaries/Win64/../../../Engine/Shaders/PostProcessVisualizeDOF.usf" 331
"C:/Program Files (x86)/Epic Games/4.12/Engine/Binaries/Win64/../../../Engine/Shaders/FXAAShader.usf" 332
"C:/Program Files (x86)/Epic Games/4.12/Engine/Binaries/Win64/../../../Engine/Shaders/Fxaa3_11.usf" 333
"C:/Program Files (x86)/Epic Games/4.12/Engine/Binaries/Win64/../../../Engine/Shaders/PlanarReflectionShaders.usf" 334
"C:/Program Files (x86)/Epic Games/4.12/Engine/Binaries/Win64/../../../Engine/Shaders/PlanarReflectionShared.usf" 335
"C:/Program Files (x86)/Epic Games/4.12/Engine/Binaries/Win64/../../../Engine/Shaders/MeshTexCoordSizeAccuracyPixelShader.usf" 336
"C:/Program Files (x86)/Epic Games/4.12/Engine/Binaries/Win64/../../../Engine/Shaders/MaterialTexCoordScalesPixelShader.usf" 337
"C:/Program Files (x86)/Epic Games/4.12/Engine/Binaries/Win64/../../../Engine/Shaders/LightShaftShader.usf" 338
"C:/Program Files (x86)/Epic Games/4.12/Engine/Binaries/Win64/../../../Engine/Shaders/StationaryLightOverlapShaders.usf" 339
"C:/Program Files (x86)/Epic Games/4.12/Engine/Binaries/Win64/../../../Engine/Shaders/DeferredLightPixelShaders.usf" 340
"C:/Program Files (x86)/Epic Games/4.12/Engine/Binaries/Win64/../../../Engine/Shaders/DeferredLightVertexShaders.usf" 341
"C:/Program Files (x86)/Epic Games/4.12/Engine/Binaries/Win64/../../../Engine/Shaders/LPVVisualise.usf" 342
"C:/Program Files (x86)/Epic Games/4.12/Engine/Binaries/Win64/../../../Engine/Shaders/LPVGeometryVolumeCommon.usf" 343
"C:/Program Files (x86)/Epic Games/4.12/Engine/Binaries/Win64/../../../Engine/Shaders/LPVDirectLightInject.usf" 344
"C:/Program Files (x86)/Epic Games/4.12/Engine/Binaries/Win64/../../../Engine/Shaders/LPVPropagate.usf" 345
"C:/Program Files (x86)/Epic Games/4.12/Engine/Binaries/Win64/../../../Engine/Shaders/LPVPacking.usf" 346
"C:/Program Files (x86)/Epic Games/4.12/Engine/Binaries/Win64/../../../Engine/Shaders/LPVBuildGeometryVolume.usf" 347
"C:/Program Files (x86)/Epic Games/4.12/Engine/Binaries/Win64/../../../Engine/Shaders/LpvDirectionalOcclusion.usf" 348
"C:/Program Files (x86)/Epic Games/4.12/Engine/Binaries/Win64/../../../Engine/Shaders/LPVInject_AccumulateVplLists.usf" 349
"C:/Program Files (x86)/Epic Games/4.12/Engine/Binaries/Win64/../../../Engine/Shaders/LPVInject_GenerateVplLists.usf" 350
"C:/Program Files (x86)/Epic Games/4.12/Engine/Binaries/Win64/../../../Engine/Shaders/LPVClearLists.usf" 351
"C:/Program Files (x86)/Epic Games/4.12/Engine/Binaries/Win64/../../../Engine/Shaders/LPVClear.usf" 352
"C:/Program Files (x86)/Epic Games/4.12/Engine/Binaries/Win64/../../../Engine/Shaders/LightMapDensityShader.usf" 353
"C:/Program Files (x86)/Epic Games/4.12/Engine/Binaries/Win64/../../../Engine/Shaders/LightFunctionPixelShader.usf" 354
"C:/Program Files (x86)/Epic Games/4.12/Engine/Binaries/Win64/../../../Engine/Shaders/LightFunctionVertexShader.usf" 355
"C:/Program Files (x86)/Epic Games/4.12/Engine/Binaries/Win64/../../../Engine/Shaders/HeightfieldLighting.usf" 356
"C:/Program Files (x86)/Epic Games/4.12/Engine/Binaries/Win64/../../../Engine/Shaders/DistanceFieldShadowingShared.usf" 357
"C:/Program Files (x86)/Epic Games/4.12/Engine/Binaries/Win64/../../../Engine/Shaders/HeightfieldLightingShared.usf" 358
"C:/Program Files (x86)/Epic Games/4.12/Engine/Binaries/Win64/../../../Engine/Shaders/HdrCustomResolveShaders.usf" 359
"C:/Program Files (x86)/Epic Games/4.12/Engine/Binaries/Win64/../../../Engine/Shaders/GPUBenchmark.usf" 360
"C:/Program Files (x86)/Epic Games/4.12/Engine/Binaries/Win64/../../../Engine/Shaders/GlobalDistanceField.usf" 361
"C:/Program Files (x86)/Epic Games/4.12/Engine/Binaries/Win64/../../../Engine/Shaders/GammaCorrection.usf" 362
"C:/Program Files (x86)/Epic Games/4.12/Engine/Binaries/Win64/../../../Engine/Shaders/BasePassForForwardShadingPixelShader.usf" 363
"C:/Program Files (x86)/Epic Games/4.12/Engine/Binaries/Win64/../../../Engine/Shaders/BasePassForForwardShadingCommon.usf" 364
"C:/Program Files (x86)/Epic Games/4.12/Engine/Binaries/Win64/../../../Engine/Shaders/LightmapCommon.usf" 365
"C:/Program Files (x86)/Epic Games/4.12/Engine/Binaries/Win64/../../../Engine/Shaders/BasePassForForwardShadingVertexShader.usf" 366
"C:/Program Files (x86)/Epic Games/4.12/Engine/Binaries/Win64/../../../Engine/Shaders/HeightFogCommon.usf" 367
"C:/Program Files (x86)/Epic Games/4.12/Engine/Binaries/Win64/../../../Engine/Shaders/HeightFogPixelShader.usf" 368
"C:/Program Files (x86)/Epic Games/4.12/Engine/Binaries/Win64/../../../Engine/Shaders/HeightFogVertexShader.usf" 369
"C:/Program Files (x86)/Epic Games/4.12/Engine/Binaries/Win64/../../../Engine/Shaders/DistortAccumulatePS.usf" 370
"C:/Program Files (x86)/Epic Games/4.12/Engine/Binaries/Win64/../../../Engine/Shaders/DistortAccumulateVS.usf" 371
"C:/Program Files (x86)/Epic Games/4.12/Engine/Binaries/Win64/../../../Engine/Shaders/DistortApplyScreenPS.usf" 372
"C:/Program Files (x86)/Epic Games/4.12/Engine/Binaries/Win64/../../../Engine/Shaders/DistanceFieldSurfaceCacheLighting.usf" 373
"C:/Program Files (x86)/Epic Games/4.12/Engine/Binaries/Win64/../../../Engine/Shaders/SkyLighting.usf" 374
"C:/Program Files (x86)/Epic Games/4.12/Engine/Binaries/Win64/../../../Engine/Shaders/DistanceFieldSurfaceCacheLightingCompute.usf" 375
"C:/Program Files (x86)/Epic Games/4.12/Engine/Binaries/Win64/../../../Engine/Shaders/DistanceFieldSpecularOcclusion.usf" 376
"C:/Program Files (x86)/Epic Games/4.12/Engine/Binaries/Win64/../../../Engine/Shaders/DistanceFieldShadowing.usf" 377
"C:/Program Files (x86)/Epic Games/4.12/Engine/Binaries/Win64/../../../Engine/Shaders/DistanceFieldScreenGridLighting.usf" 378
"C:/Program Files (x86)/Epic Games/4.12/Engine/Binaries/Win64/../../../Engine/Shaders/DistanceFieldLightingPost.usf" 379
"C:/Program Files (x86)/Epic Games/4.12/Engine/Binaries/Win64/../../../Engine/Shaders/DistanceFieldGlobalIllumination.usf" 380
"C:/Program Files (x86)/Epic Games/4.12/Engine/Binaries/Win64/../../../Engine/Shaders/DepthOnlyPixelShader.usf" 381
"C:/Program Files (x86)/Epic Games/4.12/Engine/Binaries/Win64/../../../Engine/Shaders/DepthOnlyVertexShader.usf" 382
"C:/Program Files (x86)/Epic Games/4.12/Engine/Binaries/Win64/../../../Engine/Shaders/PositionOnlyDepthVertexShader.usf" 383
"C:/Program Files (x86)/Epic Games/4.12/Engine/Binaries/Win64/../../../Engine/Shaders/DownsampleDepthPixelShader.usf" 384
"C:/Program Files (x86)/Epic Games/4.12/Engine/Binaries/Win64/../../../Engine/Shaders/DitheredTransitionStencil.usf" 385
"C:/Program Files (x86)/Epic Games/4.12/Engine/Binaries/Win64/../../../Engine/Shaders/DeferredDecal.usf" 386
"C:/Program Files (x86)/Epic Games/4.12/Engine/Binaries/Win64/../../../Engine/Shaders/MissingShaderPixelShader.usf" 387
"C:/Program Files (x86)/Epic Games/4.12/Engine/Binaries/Win64/../../../Engine/Shaders/DebugviewModeVertexShader.usf" 388
"C:/Program Files (x86)/Epic Games/4.12/Engine/Binaries/Win64/../../../Engine/Shaders/EvaluateSurfelMaterial.usf" 389
"C:/Program Files (x86)/Epic Games/4.12/Engine/Binaries/Win64/../../../Engine/Shaders/ConvertToUniformMesh.usf" 390
"C:/Program Files (x86)/Epic Games/4.12/Engine/Binaries/Win64/../../../Engine/Shaders/PostProcessLpvIndirect.usf" 391
"C:/Program Files (x86)/Epic Games/4.12/Engine/Binaries/Win64/../../../Engine/Shaders/LPVFinalPass.usf" 392
"C:/Program Files (x86)/Epic Games/4.12/Engine/Binaries/Win64/../../../Engine/Shaders/PostProcessAmbientOcclusion.usf" 393
"C:/Program Files (x86)/Epic Games/4.12/Engine/Binaries/Win64/../../../Engine/Shaders/PostProcessAmbient.usf" 394
"C:/Program Files (x86)/Epic Games/4.12/Engine/Binaries/Win64/../../../Engine/Shaders/CapsuleShadowShaders.usf" 395
"C:/Program Files (x86)/Epic Games/4.12/Engine/Binaries/Win64/../../../Engine/Shaders/BasePassPixelShader.usf" 396
"C:/Program Files (x86)/Epic Games/4.12/Engine/Binaries/Win64/../../../Engine/Shaders/BasePassCommon.usf" 397
"C:/Program Files (x86)/Epic Games/4.12/Engine/Binaries/Win64/../../../Engine/Shaders/ForEachLight.usf" 398
"C:/Program Files (x86)/Epic Games/4.12/Engine/Binaries/Win64/../../../Engine/Shaders/BasePassVertexShader.usf" 399
"C:/Program Files (x86)/Epic Games/4.12/Engine/Binaries/Win64/../../../Engine/Shaders/BasePassVertexCommon.usf" 400
"C:/Program Files (x86)/Epic Games/4.12/Engine/Binaries/Win64/../../../Engine/Shaders/BasePassTessellationShaders.usf" 401
"C:/Program Files (x86)/Epic Games/4.12/Engine/Binaries/Win64/../../../Engine/Shaders/AtmospherePrecomputeInscatter.usf" 402
"C:/Program Files (x86)/Epic Games/4.12/Engine/Binaries/Win64/../../../Engine/Shaders/AtmospherePrecomputeCommon.usf" 403
"C:/Program Files (x86)/Epic Games/4.12/Engine/Binaries/Win64/../../../Engine/Shaders/AtmospherePrecompute.usf" 404
"C:/Program Files (x86)/Epic Games/4.12/Engine/Binaries/Win64/../../../Engine/Shaders/AtmosphericFogShader.usf" 405
"C:/Program Files (x86)/Epic Games/4.12/Engine/Binaries/Win64/../../../Engine/Shaders/ResolveVertexShader.usf" 406
"C:/Program Files (x86)/Epic Games/4.12/Engine/Binaries/Win64/../../../Engine/Shaders/ResolvePixelShader.usf" 407
"C:/Program Files (x86)/Epic Games/4.12/Engine/Binaries/Win64/../../../Engine/Shaders/OneColorShader.usf" 408
"C:/Program Files (x86)/Epic Games/4.12/Engine/Binaries/Win64/../../../Engine/Shaders/MediaShaders.usf" 409
"C:/Program Files (x86)/Epic Games/4.12/Engine/Binaries/Win64/../../../Engine/Shaders/ClearReplacementShaders.usf" 410
"C:/Users/Aluno/AppData/Local/UnrealEngine/4.12/DerivedDataCache/Boot.ddc" 411
"../../../Engine/DerivedDataCache/Compressed.ddp" 412
"../../../Engine/Content/EditorResources/S_Actor.uasset" 413
"../../../Engine/Config/Android/AndroidEngine.ini" 414
"../../../Engine/Config/IOS/IOSEngine.ini" 415
"../../../Engine/Config/Linux/LinuxEngine.ini" 416
"../../../Engine/Content/EngineFonts/Roboto.uasset" 417
"../../../Engine/Content/EngineMaterials/Widget3DPassThrough_Translucent.uasset" 418
"../../../Engine/Content/EngineMaterials/Widget3DPassThrough.uasset" 419
"../../../Engine/Content/Functions/Engine_MaterialFunctions01/Texturing/ScaleUVsByCenter.uasset" 420
"../../../Engine/Content/Functions/Engine_MaterialFunctions02/Utility/BreakOutFloat2Components.uasset" 421
"../../../Engine/Content/Functions/Engine_MaterialFunctions02/ScreenResolution.uasset" 422
"../../../Engine/Content/Functions/Engine_MaterialFunctions02/Texturing/ScreenAlignedUVs.uasset" 423
"../../../Engine/Content/EngineResources/WhiteSquareTexture.uasset" 424
"../../../Engine/Content/Functions/Engine_MaterialFunctions01/Shading/PowerToRoughness.uasset" 425
"../../../Engine/Content/Functions/Engine_MaterialFunctions01/Shading/ConvertFromDiffSpec.uasset" 426
"../../../Engine/Content/EngineMaterials/WorldGridMaterial.uasset" 427
"../../../Engine/Content/Functions/Engine_MaterialFunctions01/Opacity/CameraDepthFade.uasset" 428
"../../../Engine/Content/EngineMaterials/T_Default_Material_Grid_M.uasset" 429
"../../../Engine/Content/EngineMaterials/T_Default_Material_Grid_N.uasset" 430
"../../../Engine/Content/EngineMaterials/DefaultDeferredDecalMaterial.uasset" 431
"../../../Engine/Content/EngineMaterials/DefaultDiffuse.uasset" 432
"../../../Engine/Content/EngineMaterials/DefaultLightFunctionMaterial.uasset" 433
"../../../Engine/Content/EngineMaterials/DefaultPostProcessMaterial.uasset" 434
"../../../Engine/Content/EngineResources/DefaultTexture.uasset" 435
"../../../Engine/Content/EngineMaterials/Widget3DPassThrough_Translucent_OneSided.uasset" 436
"../../../Engine/Content/EngineMaterials/Widget3DPassThrough_Opaque.uasset" 437
"../../../Engine/Content/EngineMaterials/Widget3DPassThrough_Opaque_OneSided.uasset" 438
"../../../Engine/Content/EngineMaterials/Widget3DPassThrough_Masked.uasset" 439
"../../../Engine/Content/EngineMaterials/Widget3DPassThrough_Masked_OneSided.uasset" 440
"D:/CyclistVR/Saved/Config/Windows/TemplateDefs.ini" 441
"D:/CyclistVR/Intermediate/Config/CoalescedSourceConfigs/TemplateDefs.ini" 442
"../../../Engine/Content/EngineResources/AICON-Red.uasset" 443
"../../../Engine/Content/EngineResources/AICON-Green.uasset" 444
"D:/CyclistVR/Saved/Config/Windows/GameplayTags.ini" 445
"D:/CyclistVR/Intermediate/Config/CoalescedSourceConfigs/GameplayTags.ini" 446
"../../../Engine/Content/Maps/Templates/Thumbnails/Default.uasset" 447
"../../../Engine/Content/Maps/Templates/Thumbnails/VR-Basic.uasset" 448
"../../../Engine/Content/EditorMaterials/ParticleSystems/PSysThumbnail_NoImage.uasset" 449
"../../../Engine/Content/EditorMaterials/ParticleSystems/PSysThumbnail_OOD.uasset" 450
"../../../Engine/Content/EditorLandscapeResources/DataLayer.uasset" 451
"../../../Engine/Content/EngineDamageTypes/DmgTypeBP_Environmental.uasset" 452
"..\..\..\Engine\Content\Internationalization\icudt53l\numberingSystems.res" 453
"..\..\..\Engine\Content\Internationalization\icudt53l\curr\supplementalData.res" 454
"..\..\..\Engine\Content\Internationalization\icudt53l\curr\pool.res" 455
"..\..\..\Engine\Content\Internationalization\icudt53l\curr\en.res" 456
"..\..\..\Engine\Content\Internationalization\icudt53l\curr\root.res" 457
"../../../Engine/Content/EngineMeshes/Sphere.uasset" 458
"../../../Engine/Content/EngineFonts/RobotoDistanceField.uasset" 459
"../../../Engine/Content/EngineMaterials/DefaultTextMaterialOpaque.uasset" 460
"../../../Engine/Content/EditorResources/S_Trigger.uasset" 461
"../../../Engine/Content/EngineResources/GradientTexture0.uasset" 462
"../../../Engine/Content/EngineResources/Black.uasset" 463
"../../../Engine/Content/EditorMaterials/MatineeGroups/MAT_Groups_Float.uasset" 464
"../../../Engine/Content/EditorMaterials/MatineeGroups/MAT_Groups_Director.uasset" 465
"../../../Engine/Content/EditorMaterials/MatineeGroups/MAT_Groups_Event.uasset" 466
"../../../Engine/Content/EditorMaterials/MatineeGroups/MAT_Groups_Anim.uasset" 467
"../../../Engine/Content/EditorMaterials/MatineeGroups/MAT_Groups_Fade.uasset" 468
"../../../Engine/Content/EditorMaterials/MatineeGroups/MAT_Groups_Move.uasset" 469
"../../../Engine/Content/EditorMaterials/MatineeGroups/MAT_Groups_Slomo.uasset" 470
"../../../Engine/Content/EditorMaterials/MatineeGroups/MAT_ColorTrack.uasset" 471
"../../../Engine/Content/EditorMaterials/MAT_Groups_Toggle.uasset" 472
"../../../Engine/Content/EditorMaterials/MatineeGroups/MAT_Groups_AudioMaster.uasset" 473
"../../../Engine/Content/EditorMaterials/MatineeGroups/MAT_Groups_Sound.uasset" 474
"../../../Engine/Content/EditorMaterials/MatineeGroups/MAT_Groups_Vector.uasset" 475
"../../../Engine/Content/EditorMaterials/MAT_Groups_Visibility.uasset" 476
"../../../Engine/Content/EngineResources/DefaultTextureCube.uasset" 477
"../../../Engine/Content/EngineSounds/Master.uasset" 478
"../../../Engine/Content/EngineSounds/Music.uasset" 479
"../../../Engine/Content/EngineSounds/SFX.uasset" 480
"../../../Engine/Content/EngineSounds/Normal_Attack.uasset" 481
"../../../Engine/Content/EngineSounds/Special_Attack_PSM.uasset" 482
"../../../Engine/Content/EngineSounds/Duck_Normal_Attack_MixMod.uasset" 483
"../../../Engine/Content/EngineSounds/Voice.uasset" 484
"../../../Engine/Content/EngineMeshes/Cylinder.uasset" 485
"../../../Engine/Content/EngineMaterials/DefaultMaterial.uasset" 486
"../../../Engine/Content/EngineTireTypes/DefaultTireType.uasset" 487
"D:/CyclistVR/Intermediate/AssetRegistryCache/2657c409.bin" 488
"D:/CyclistVR/Intermediate/AssetRegistryCache/866581fd.bin" 489
"D:/CyclistVR/Intermediate/AssetRegistryCache/8c0e1344.bin" 490
"../../../Engine/Content/Editor/Slate/Fonts/FontAwesome.ttf" 491
"../../../Engine/Content/Editor/Slate/Fonts/DroidSansMono.ttf" 492
"../../../Engine/Content/Editor/Slate/Fonts/Roboto-BoldCondensed.ttf" 493
"../../../Engine/Content/Editor/Slate/Fonts/Roboto-Black.ttf" 494
"../../../Engine/Content/Editor/Slate/Fonts/Roboto-Italic.ttf" 495
"../../../Engine/Content/Editor/Slate/Fonts/Roboto-BoldCondensedItalic.ttf" 496
"../../../Engine/Content/EditorMeshes/Camera/SM_CraneRig_Base.uasset" 497
"../../../Engine/Content/EditorMaterials/Camera/MI_CineMat_Rig.uasset" 498
"../../../Engine/Content/EditorMaterials/Camera/CineMat.uasset" 499
"../../../Engine/Content/EditorMeshes/Camera/SM_CraneRig_Arm.uasset" 500
"../../../Engine/Content/EditorMeshes/Camera/SM_CraneRig_Mount.uasset" 501
"../../../Engine/Content/EditorMeshes/Camera/SM_CraneRig_Body.uasset" 502
"../../../Engine/Content/EditorMeshes/Camera/SM_RailRig_Track.uasset" 503
"../../../Engine/Content/EditorMeshes/Camera/SM_RailRig_Mount.uasset" 504
"..\..\..\Engine\Content\Internationalization\icudt53l\coll\ucadata.icu" 505
"..\..\..\Engine\Content\Internationalization\icudt53l\nfc.nrm" 506
"..\..\..\Engine\Content\Internationalization\icudt53l\coll\en.res" 507
"..\..\..\Engine\Content\Internationalization\icudt53l\coll\root.res" 508
"../../../Engine/Content/VREditor/TransformGizmo/TransformGizmoMaterial.uasset" 509
"../../../Engine/Content/VREditor/LaserPointer/VR_LaserPower_01.uasset" 510
"../../../Engine/Content/VREditor/TransformGizmo/TranslucentTransformGizmoMaterial.uasset" 511
"../../../Engine/Content/VREditor/TransformGizmo/TranslationHandle.uasset" 512
"../../../Engine/Content/VREditor/TransformGizmo/PlaneTranslationHandle.uasset" 513
"../../../Engine/Content/VREditor/TransformGizmo/RotationHandle.uasset" 514
"../../../Engine/Content/VREditor/TransformGizmo/StretchingHandle.uasset" 515
"../../../Engine/Content/VREditor/TransformGizmo/BoundingBoxCorner.uasset" 516
"../../../Engine/Content/VREditor/TransformGizmo/BoundingBoxEdge.uasset" 517
"../../../Engine/Content/VREditor/TransformGizmo/UniformScaleHandle.uasset" 518
"../../../Engine/Content/VREditor/Fonts/VRTextMaterial.uasset" 519
"../../../Engine/Content/VREditor/Fonts/VRText_RobotoLarge.uasset" 520
"../../../Engine/Content/VREditor/FloatingText/LineSegmentCylinder.uasset" 521
"../../../Engine/Content/VREditor/FloatingText/LineMaterial.uasset" 522
"../../../Engine/Content/VREditor/FloatingText/JointSphere.uasset" 523
"../../../Engine/Content/VREditor/Fonts/TranslucentVRTextMaterial.uasset" 524
"../../../Engine/Content/VREditor/UI/SM_ContentWindow_01.uasset" 525
"../../../Engine/Content/VREditor/UI/M_ContentWindow.uasset" 526
"../../../Engine/Content/VREditor/Devices/Vive/UE4_Logo.uasset" 527
"../../../Engine/Content/VREditor/UI/SelectionBarMesh.uasset" 528
"../../../Engine/Content/VREditor/UI/CloseButtonMesh.uasset" 529
"../../../Engine/Content/Tutorial/Basics/LevelEditorAttract.uasset" 530
"../../../Engine/Content/Tutorial/Basics/LevelEditorOverview.uasset" 531
"../../../Engine/Content/Tutorial/Basics/TutorialAssets/icon_tab_Levels_40x.uasset" 532
"../../../Engine/Content/Tutorial/SubEditors/MaterialEditorTutorial.uasset" 533
"../../../Engine/Content/Tutorial/Mobile/SettingUpAndroidTutorial.uasset" 534
"../../../Engine/Content/Tutorial/Mobile/TutorialAssets/android_Icon.uasset" 535
"../../../Engine/Content/Tutorial/ContentIntroCurve.uasset" 536
"../../../Engine/Plugins/2D/Paper2D/Content/MaskedUnlitSpriteMaterial.uasset" 537
"../../../Engine/Plugins/2D/Paper2D/Content/DefaultSpriteMaterial.uasset" 538
"../../../Engine/Plugins/2D/Paper2D/Content/DummySpriteTexture.uasset" 539
"../../../Engine/Plugins/2D/Paper2D/Content/PlaceholderTextures/DummySpriteTexture.uasset" 540
"../../../Engine/Plugins/2D/Paper2D/Content/OpaqueUnlitSpriteMaterial.uasset" 541
"../../../Engine/Plugins/2D/Paper2D/Content/DefaultPaperTerrainMaterial.uasset" 542
"../../../Engine/Plugins/2D/Paper2D/Content/DummySprite.uasset" 543
"C:/Users/Aluno/AppData/Local/UnrealEngine/4.12/Saved/Config/Windows/SourceControlSettings.ini" 544
"D:/CyclistVR/Intermediate/Config/CoalescedSourceConfigs/SourceControlSettings.ini" 545
"D:/CyclistVR/Saved/Config/Windows/SourceControlSettings.ini" 546
"../../../Engine/Content/EngineMaterials/RemoveSurfaceMaterial.uasset" 547
"../../../Engine/Content/EngineDebugMaterials/DebugMeshMaterial.uasset" 548
"../../../Engine/Content/EngineMaterials/M_InvalidLightmapSettings.uasset" 549
"../../../Engine/Content/EngineMaterials/InvalidLightmapSettings.uasset" 550
"../../../Engine/Content/EditorMaterials/GizmoMaterial.uasset" 551
"../../../Engine/Content/EngineMaterials/Good64x64TilingNoiseHighFreq.uasset" 552
"../../../Engine/Content/EngineMaterials/DefaultBokeh.uasset" 553
"../../../Engine/Content/EngineMaterials/PreintegratedSkinBRDF.uasset" 554
"../../../Engine/Content/EngineMaterials/MiniFont.uasset" 555
"../../../Engine/Content/EngineMaterials/WeightMapPlaceholderTexture.uasset" 556
"../../../Engine/Content/EngineMaterials/DefaultWhiteGrid.uasset" 557
"../../../Engine/Content/EngineMaterials/DefaultPhysicalMaterial.uasset" 558
"../../../Engine/Content/EngineFonts/RobotoTiny.uasset" 559
"D:/CyclistVR/Saved/Config/Windows/InternationalizationExport.ini" 560
"D:/CyclistVR/Intermediate/Config/CoalescedSourceConfigs/InternationalizationExport.ini" 561
"D:/CyclistVR/Saved/Config/Windows/TranslationPickerSettings.ini" 562
"D:/CyclistVR/Intermediate/Config/CoalescedSourceConfigs/TranslationPickerSettings.ini" 563
"../../../Engine/Content/EditorSounds/Notifications/CompileStart_Cue.uasset" 564
"../../../Engine/Content/EditorSounds/Notifications/CompileSuccess.uasset" 565
"../../../Engine/Content/EditorSounds/Notifications/CompileSuccess_Cue.uasset" 566
"../../../Engine/Content/EditorSounds/Notifications/CompileFailed_Cue.uasset" 567
"../../../Engine/Content/EditorSounds/Notifications/CompileFailed.uasset" 568
"../../../Engine/Content/BasicShapes/Cube.uasset" 569
"../../../Engine/Content/BasicShapes/Sphere.uasset" 570
"../../../Engine/Content/BasicShapes/Cylinder.uasset" 571
"../../../Engine/Content/BasicShapes/Cone.uasset" 572
"D:/CyclistVR/Intermediate/CachedAssetRegistry.bin" 573
"D:/CyclistVR/Content/Main.umap" 574
"D:/CyclistVR/Saved/Autosaves/Game/UEDPCMain.umap" 575
"D:/CyclistVR/Saved/Autosaves/Temp/UEDPCUntitled_1.umap" 576
"D:/CyclistVR/Saved/Cooked/Android_ETC1/CyclistVR/CookedIniVersion.txt" 577
"../../../Engine/Config/HTML5/HTML5Engine.ini" 578
"../../../Engine/Content/MobileResources/HUD/VirtualJoystick_Thumb.uasset" 579
"../../../Engine/Content/EngineSky/BP_Sky_Sphere.uasset" 580
"../../../Engine/Content/EditorBlueprintResources/StandardMacros.uasset" 581
"../../../Engine/Content/EngineSky/C_Sky_Cloud_Color.uasset" 582
"../../../Engine/Content/EngineSky/C_Sky_Horizon_Color.uasset" 583
"../../../Engine/Content/EngineSky/C_Sky_Zenith_Color.uasset" 584
"../../../Engine/Content/EngineSky/M_Sky_Panning_Clouds2.uasset" 585
"../../../Engine/Content/EngineSky/T_Sky_Blue.uasset" 586
"../../../Engine/Content/EngineSky/T_Sky_Clouds_M.uasset" 587
"../../../Engine/Content/EngineSky/T_Sky_Stars.uasset" 588
"../../../Engine/Content/EngineSky/SM_SkySphere.uasset" 589
"../../../Engine/Content/BasicShapes/BasicShapeMaterial.uasset" 590
"../../../Engine/Content/MapTemplates/SM_Template_Map_Floor.uasset" 591
"../../../Engine/Content/Maps/Entry.umap" 592
"../../../Engine/Content/EngineMaterials/DefaultNormal.uasset" 593
"../../../Engine/Content/EditorResources/BSPVertex.uasset" 594
"../../../Engine/Content/EngineDebugMaterials/GeomMaterial.uasset" 595
"../../../Engine/Content/EngineDebugMaterials/BoneWeightMaterial.uasset" 596
"../../../Engine/Content/EngineDebugMaterials/HeatmapGradient.uasset" 597
"../../../Engine/Content/EditorMaterials/PhAT_JointLimitMaterial.uasset" 598
"../../../Engine/Content/EditorMaterials/PreviewShadowIndicatorMaterial.uasset" 599
"../../../Engine/Content/EditorMaterials/PreviewShadowIndicator.uasset" 600
"../../../Engine/Content/EngineMaterials/EditorBrushMaterial.uasset" 601
"../../../Engine/Content/EditorMeshes/ColorCalibrator/SM_ColorCalibrator.uasset" 602
"../../../Engine/Content/EditorMeshes/ColorCalibrator/M_ChromeBall.uasset" 603
"../../../Engine/Content/EditorMeshes/ColorCalibrator/M_ClearCoat.uasset" 604
"../../../Engine/Content/EditorMeshes/ColorCalibrator/M_ClearCoatBlack.uasset" 605
"../../../Engine/Content/EditorMeshes/ColorCalibrator/M_ColorGrid.uasset" 606
"../../../Engine/Content/EditorMeshes/ColorCalibrator/T_ColorGrid.uasset" 607
"../../../Engine/Content/EditorMeshes/ColorCalibrator/M_GreyBall.uasset" 608
"../../../Engine/Content/MobileResources/HUD/DefaultVirtualJoysticks.uasset" 609
"../../../Engine/Content/MobileResources/HUD/VirtualJoystick_Background.uasset" 610
"../../../Engine/Content/Tutorial/BlueprintTutorials/TutorialAssets/Blueprint_64x.uasset" 611
"../../../Engine/Content/Tutorial/SubEditors/TutorialAssets/icon_Editor_Preferences_General_40x.uasset" 612
"../../../Engine/Content/Tutorial/Paper2D/TutorialAssets/Paper2DSprite_TutorialIcon.uasset" 613
"../../../Engine/Content/Tutorial/SubEditors/TutorialAssets/icon_ShowSkeletalMeshes_40x.uasset" 614
"../../../Engine/Content/Tutorial/Landscape/TutorialAssets/Landscape.uasset" 615
"../../../Engine/Content/Tutorial/Foliage/TutorialAssets/Foliage.uasset" 616
"../../../Engine/Content/Tutorial/SubEditors/StaticMeshEditorTutorial.uasset" 617
"../../../Engine/Content/EngineMeshes/Cube.uasset" 618
"../../../Engine/Content/Tutorial/BlueprintTutorials/BlueprintEditorTutorial.uasset" 619
"../../../Engine/Content/Tutorial/BlueprintTutorials/BlueprintMacroLibrariesEditorOverview.uasset" 620
"../../../Engine/Content/Tutorial/BlueprintTutorials/TutorialAssets/BlueprintMacroLibrary_64x.uasset" 621
"../../../Engine/Content/Tutorial/BlueprintTutorials/TutorialAssets/Tutorial_BP_MacroLib.uasset" 622
"../../../Engine/Content/Tutorial/BlueprintTutorials/BlueprintInterfacesEditorOverview.uasset" 623
"../../../Engine/Content/Tutorial/BlueprintTutorials/TutorialAssets/BlueprintInterface_64x.uasset" 624
"../../../Engine/Content/Tutorial/BlueprintTutorials/TutorialAssets/Tutorial_BP_Interface.uasset" 625
"../../../Engine/Content/Tutorial/BlueprintTutorials/LevelBlueprintEditorOverview.uasset" 626
"../../../Engine/Content/Tutorial/SubEditors/DestructibleMeshEditorTutorial.uasset" 627
"../../../Engine/Content/Tutorial/SubEditors/TutorialAssets/Tutorial_DM.uasset" 628
"../../../Engine/Content/EditorMeshes/EditorCube.uasset" 629
"../../../Engine/Content/Tutorial/SubEditors/ParticleSystemEditorTutorial.uasset" 630
"../../../Engine/Content/Tutorial/SubEditors/TutorialAssets/TutorialParticleSystem.uasset" 631
"../../../Engine/Content/Tutorial/SubEditors/TutorialAssets/M_smoke_subUV_blackbody.uasset" 632
"../../../Engine/Content/Tutorial/SubEditors/TutorialAssets/T_SmokeSubUV_8X8.uasset" 633
"../../../Engine/Content/Tutorial/SubEditors/TutorialAssets/T_soft_smoke.uasset" 634
"../../../Engine/Content/Tutorial/SubEditors/PersonaAnimEditorWalkThrough.uasset" 635
"../../../Engine/Content/Tutorial/SubEditors/TutorialAssets/Character/NewBlendSpace1D.uasset" 636
"../../../Engine/Content/Tutorial/SubEditors/TutorialAssets/Character/Tutorial_Idle.uasset" 637
"../../../Engine/Content/Tutorial/SubEditors/TutorialAssets/Character/TutorialTPP_Skeleton.uasset" 638
"../../../Engine/Content/Tutorial/SubEditors/TutorialAssets/Character/Tutorial_Walk_Fwd.uasset" 639
"../../../Engine/Content/Tutorial/SubEditors/TutorialAssets/Character/TutorialTPP.uasset" 640
"../../../Engine/Content/Tutorial/SubEditors/TutorialAssets/Character/TutorialTPP_Mat.uasset" 641
"../../../Engine/Content/Tutorial/SubEditors/TutorialAssets/Character/TutorialTPP_PhysicsAsset.uasset" 642
"../../../Engine/Content/Tutorial/SubEditors/PersonaAnimBlueprintEditorWalkthrough.uasset" 643
"../../../Engine/Content/Tutorial/SubEditors/TutorialAssets/Character/TutorialTPP_AnimBlueprint.uasset" 644
"../../../Engine/Content/Tutorial/SubEditors/TutorialAssets/Character/TutorialCharacter.uasset" 645
"../../../Engine/Content/Tutorial/Paper2D/SpriteEditorTutorial.uasset" 646
"../../../Engine/Content/Tutorial/Paper2D/FlipbookEditorTutorial.uasset" 647
"../../../Engine/Content/Tutorial/Paper2D/TutorialAssets/Paper2DFlipbook_TutorialIcon.uasset" 648
"../../../Engine/Content/Tutorial/Landscape/Landscape_Manage_Mode.uasset" 649
"../../../Engine/Content/Tutorial/Landscape/Landscape_Sculpt_Mode.uasset" 650
"../../../Engine/Content/Tutorial/Landscape/Landscape_Painting_Mode.uasset" 651
"../../../Engine/Content/Tutorial/Landscape/LandscapeWalkThrough.uasset" 652
"../../../Engine/Content/Tutorial/Foliage/Foliage_Intro_Tutorial.uasset" 653
"../../../Engine/Content/Tutorial/Foliage/Foliage_Using_The_Tool_Tutorial.uasset" 654
"../../../Engine/Content/Tutorial/Foliage/Foliage_Settings_Tutorial.uasset" 655
"../../../Engine/Content/Tutorial/SubEditors/TutorialAssets/TutorialMaterial.uasset" 656
"C:/Users/Aluno/AppData/Local/UnrealEngine/Common/DerivedDataCache/3/7/9/TEXTURE_814DCC3DC72143F49509781513CB9855_BGRA8_2303080240B4FBC995EC43ABAA9A8C6__FF67176A68B6CAB831A7F4C31766F94B348FF9C3.udd" 657
"C:/Users/Aluno/AppData/Local/UnrealEngine/Common/DerivedDataCache/3/1/8/TEXTURE_814DCC3DC72143F49509781513CB9855_BGRA8_5216118D4EACC7D4064ADCBA89F7720__4776B6E2E6502A15BA73B7522CDBB3F8E50002AD.udd" 658
"C:/Users/Aluno/AppData/Local/UnrealEngine/Common/DerivedDataCache/2/8/1/TEXTURE_814DCC3DC72143F49509781513CB9855_BGRA8_5216118D4EACC7D4064ADCBA89F7720__66F5A912C12ECCBFC7828C141D8C68C1A07C0A15.udd" 659
"C:/Users/Aluno/AppData/Local/UnrealEngine/Common/DerivedDataCache/7/1/9/TEXTURE_814DCC3DC72143F49509781513CB9855_AUTOETC1_C45F0F7D439FAD52041B1EBC5A8A__798AF936CF7A69F00A434D1828C800C867C82F13.udd" 660
"C:/Users/Aluno/AppData/Local/UnrealEngine/Common/DerivedDataCache/8/3/8/TEXTURE_814DCC3DC72143F49509781513CB9855_AUTOETC1_FDD461EC4EDF5F99C659709B7A42__C8B2C65C1BA487E3720800B582FB10D024F07834.udd" 661
"C:/Users/Aluno/AppData/Local/UnrealEngine/Common/DerivedDataCache/4/0/3/TEXTURE_814DCC3DC72143F49509781513CB9855_AUTOETC1_FDD461EC4EDF5F99C659709B7A42__19EA3428432418391095AD44132692F2B38BD2F4.udd" 662
"C:/Users/Aluno/AppData/Local/UnrealEngine/Common/DerivedDataCache/4/9/2/TEXTURE_814DCC3DC72143F49509781513CB9855_AUTOETC1_565E0359430950FA252A118AF852__47DDF168A03789F62D431F2E0EE2547CB04064DB.udd" 663
"C:/Users/Aluno/AppData/Local/UnrealEngine/Common/DerivedDataCache/0/2/2/TEXTURE_814DCC3DC72143F49509781513CB9855_AUTOETC1_565E0359430950FA252A118AF852__8EC7AA032E4C03BBD00D6F2854B72A30BB196CFA.udd" 664
"C:/Users/Aluno/AppData/Local/UnrealEngine/Common/DerivedDataCache/6/4/7/TEXTURE_814DCC3DC72143F49509781513CB9855_AUTOETC1_FDD461EC4EDF5F99C659709B7A42__6473E285F185AD6E4A8DC9C4F54ECD5C549CDD28.udd" 665
"C:/Users/Aluno/AppData/Local/UnrealEngine/Common/DerivedDataCache/3/0/6/TEXTURE_814DCC3DC72143F49509781513CB9855_AUTOETC1_565E0359430950FA252A118AF852__3CDCC7A028AA2DD31E2654D62E4CB3C7A024ED83.udd" 666
"C:/Users/Aluno/AppData/Local/UnrealEngine/Common/DerivedDataCache/4/4/2/TEXTURE_814DCC3DC72143F49509781513CB9855_AUTOETC1_B21C1AFF42ACD5ADC8C382B3A090__FE138620EF3F7132199B6C9358FC8733461CCB0C.udd" 667
"C:/Users/Aluno/AppData/Local/UnrealEngine/Common/DerivedDataCache/9/4/7/TEXTURE_814DCC3DC72143F49509781513CB9855_AUTOETC1_FDD461EC4EDF5F99C659709B7A42__C76E0181F463119C7FE9FA0FAE20677FF9FCF519.udd" 668
"C:/Users/Aluno/AppData/Local/UnrealEngine/Common/DerivedDataCache/8/4/9/TEXTURE_814DCC3DC72143F49509781513CB9855_ETC1_15564967414184874DBCB89C44D5959C__C5D22850A959C851AFC166610594FEE8099EF51E.udd" 669
"C:/Users/Aluno/AppData/Local/UnrealEngine/Common/DerivedDataCache/1/9/6/TEXTURE_814DCC3DC72143F49509781513CB9855_ETC1_15564967414184874DBCB89C44D5959C__F7EBA6970A8C49D7F25F755C351FD59550255C64.udd" 670
"C:/Users/Aluno/AppData/Local/UnrealEngine/Common/DerivedDataCache/6/6/7/TEXTURE_814DCC3DC72143F49509781513CB9855_AUTOETC1_09053A42486F57C671A2B9B0F627__F613C97CCF19C16E1ABA505EF0F79D3432D8B42E.udd" 671
"C:/Users/Aluno/AppData/Local/UnrealEngine/Common/DerivedDataCache/4/3/7/TEXTURE_814DCC3DC72143F49509781513CB9855_AUTOETC1_B21C1AFF42ACD5ADC8C382B3A090__DD616389E0281B5C6D35A204B06796FA74923C03.udd" 672
"C:/Users/Aluno/AppData/Local/UnrealEngine/Common/DerivedDataCache/4/2/5/TEXTURE_814DCC3DC72143F49509781513CB9855_AUTOETC1_B07BB94C4024838454154883B787__732C88388C05AC238D6E9B9C76CA627331A27C11.udd" 673
"C:/Users/Aluno/AppData/Local/UnrealEngine/Common/DerivedDataCache/8/4/7/TEXTURE_814DCC3DC72143F49509781513CB9855_AUTOETC1_B21C1AFF42ACD5ADC8C382B3A090__B2DD3FCE0DBE846A52552BBC9D618D1EB8CA74F2.udd" 674
"C:/Users/Aluno/AppData/Local/UnrealEngine/Common/DerivedDataCache/1/9/6/TEXTURE_814DCC3DC72143F49509781513CB9855_BGRA8_B19E8D43472CA8B277E8CCA8993996A__878CA4B0813C95120A256C74CF1AC98FA54BEF64.udd" 675
"C:/Users/Aluno/AppData/Local/UnrealEngine/Common/DerivedDataCache/3/7/3/TEXTURE_814DCC3DC72143F49509781513CB9855_AUTOETC1_B21C1AFF42ACD5ADC8C382B3A090__F932CC3263F6B0A91E4550C327626AD1C61B12FC.udd" 676
"..\..\..\Engine\Content\Internationalization\icudt53l\zoneinfo64.res" 677
"C:/Users/Aluno/AppData/Local/UnrealEngine/Common/DerivedDataCache/8/0/9/TEXTURE_814DCC3DC72143F49509781513CB9855_BGRA8_056A03A5436F9F05D7AA329082E3874__52EE13A1FAED255C5BAD5F0F0CD6CB5732F1FD7D.udd" 678
"C:/Users/Aluno/AppData/Local/UnrealEngine/Common/DerivedDataCache/0/8/2/TEXTURE_814DCC3DC72143F49509781513CB9855_AUTOETC1_55809E694EE7DB292235CC917A5C__866375A3C8791C6B560408CC1C611F9974BC4709.udd" 679
"C:/Users/Aluno/AppData/Local/UnrealEngine/Common/DerivedDataCache/4/7/8/TEXTURE_814DCC3DC72143F49509781513CB9855_AUTOETC1_B21C1AFF42ACD5ADC8C382B3A090__F25DAF55059D8AEFAC627E60B71125DA80ADABAF.udd" 680
"C:/Users/Aluno/AppData/Local/UnrealEngine/Common/DerivedDataCache/4/5/6/TEXTURE_814DCC3DC72143F49509781513CB9855_AUTOETC1_7BC0404946D77A8C093A10AE0677__EA1A63256A07470E66DD1CEC02D639FB36B643AA.udd" 681
"C:/Users/Aluno/AppData/Local/UnrealEngine/Common/DerivedDataCache/8/8/0/TEXTURE_814DCC3DC72143F49509781513CB9855_AUTOETC1_55809E694EE7DB292235CC917A5C__A43C4CC1A8A4ABCE657191E54F595FE5BF8635C8.udd" 682
"C:/Users/Aluno/AppData/Local/UnrealEngine/Common/DerivedDataCache/8/5/2/TEXTURE_814DCC3DC72143F49509781513CB9855_AUTOETC1_55809E694EE7DB292235CC917A5C__DB1781E96BEEB2E2DC2F11E74E8BE52CCF4CA586.udd" 683
"C:/Users/Aluno/AppData/Local/UnrealEngine/Common/DerivedDataCache/0/1/5/TEXTURE_814DCC3DC72143F49509781513CB9855_AUTOETC1_7BC0404946D77A8C093A10AE0677__F720D2DD4DF1A9DC3F177249A8D26BA992D50EB2.udd" 684
"C:/Users/Aluno/AppData/Local/UnrealEngine/Common/DerivedDataCache/0/1/3/TEXTURE_814DCC3DC72143F49509781513CB9855_G8_C13BD2BB45C48968C13E6F8322E0CF1A_0__A856BDB1C74F641C3E5A497386077ABA922667E4.udd" 685
"C:/Users/Aluno/AppData/Local/UnrealEngine/Common/DerivedDataCache/5/9/6/TEXTURE_814DCC3DC72143F49509781513CB9855_BGRA8_D0FECEC94BB5E3DA0C23C4AB41A933F__8F9DB62806B4C14D8538F690E769D615317FCDE6.udd" 686
"C:/Users/Aluno/AppData/Local/UnrealEngine/Common/DerivedDataCache/5/1/3/TEXTURE_814DCC3DC72143F49509781513CB9855_BGRA8_C6F046E346DE53E9987E70930FC6D31__2BC58C7103301983DEFA01C3C389866FD917AABF.udd" 687
"C:/Users/Aluno/AppData/Local/UnrealEngine/Common/DerivedDataCache/0/7/6/TEXTURE_814DCC3DC72143F49509781513CB9855_AUTOETC1_1EC0B18B47E75959952584B5D8D9__9343E34A9314EDAB04B0F0CAF828BE4A17D4601A.udd" 688
"C:/Users/Aluno/AppData/Local/UnrealEngine/Common/DerivedDataCache/1/0/7/TEXTURE_814DCC3DC72143F49509781513CB9855_BGRA8_D0FECEC94BB5E3DA0C23C4AB41A933F__0192091683E28B4FA9F5BFB80F26E676346450A0.udd" 689
"C:/Users/Aluno/AppData/Local/UnrealEngine/Common/DerivedDataCache/5/4/5/TEXTURE_814DCC3DC72143F49509781513CB9855_AUTOETC1_3D7D3365419CADDBF5E531B12CF1__894057D0671BB45D47D3BF15A73C9807F5F6E2D1.udd" 690
"C:/Users/Aluno/AppData/Local/UnrealEngine/Common/DerivedDataCache/3/5/9/TEXTURE_814DCC3DC72143F49509781513CB9855_BGRA8_D0FECEC94BB5E3DA0C23C4AB41A933F__0FAFFDBB32ED72F358A7388C9AB6FE8088A36D2F.udd" 691
"C:/Users/Aluno/AppData/Local/UnrealEngine/Common/DerivedDataCache/8/0/0/TEXTURE_814DCC3DC72143F49509781513CB9855_AUTOETC1_3CAC1F094FB87A98E53D7D8A2464__DFB823B46322BE426E236FC40EF1A430261A319C.udd" 692
"C:/Users/Aluno/AppData/Local/UnrealEngine/Common/DerivedDataCache/8/3/4/TEXTURE_814DCC3DC72143F49509781513CB9855_AUTOETC1_33CBEF834D7D60ED9D58E5940B7B__6CBD765EDD909B798E1632CDCC1F7F7EC4098465.udd" 693
"C:/Users/Aluno/AppData/Local/UnrealEngine/Common/DerivedDataCache/0/8/8/TEXTURE_814DCC3DC72143F49509781513CB9855_AUTOETC1_CBF5B13548AB62E6A9ADA387D1FE__D5C65FE7CD58E0880B7E7C9773902F0B4B3F8CC7.udd" 694
"C:/Users/Aluno/AppData/Local/UnrealEngine/Common/DerivedDataCache/1/9/6/TEXTURE_814DCC3DC72143F49509781513CB9855_AUTOETC1_E55F8197440DD2855E7F4D9816C8__A98A555543BFF008376FBD3F3ABBC5E3DBB73474.udd" 695
"C:/Users/Aluno/AppData/Local/UnrealEngine/Common/DerivedDataCache/6/5/3/TEXTURE_814DCC3DC72143F49509781513CB9855_AUTOETC1_E38B68B34F759D23C6E5CD925E4D__7DE75F7A46A3602F5D59148FCE031A70A04B15F2.udd" 696
"C:/Users/Aluno/AppData/Local/UnrealEngine/Common/DerivedDataCache/2/5/9/TEXTURE_814DCC3DC72143F49509781513CB9855_AUTOETC1_A6C0C4B74D09BE1A7E2C31B7CA77__5D84F4C5DC96439230035607C5922EABB0A9DB21.udd" 697
"C:/Users/Aluno/AppData/Local/UnrealEngine/Common/DerivedDataCache/8/1/3/TEXTURE_814DCC3DC72143F49509781513CB9855_AUTOETC1_7D98C11E41884B4A67A497A07B02__44C003669667EF769DC2427B7AF261271ABC4461.udd" 698
"C:/Users/Aluno/AppData/Local/UnrealEngine/Common/DerivedDataCache/3/6/6/TEXTURE_814DCC3DC72143F49509781513CB9855_AUTOETC1_264ABDF14257816FFA9477A6F6A1__C91960ECEDE7998D984FAC89294134AA3A1B2736.udd" 699
"C:/Users/Aluno/AppData/Local/UnrealEngine/Common/DerivedDataCache/6/8/2/TEXTURE_814DCC3DC72143F49509781513CB9855_AUTOETC1_74A80EB64112E46096AE17A812C2__C1196E3B1837234AE954EC81A5EBDAE9B63A5E3E.udd" 700
"C:/Users/Aluno/AppData/Local/UnrealEngine/Common/DerivedDataCache/4/1/6/TEXTURE_814DCC3DC72143F49509781513CB9855_AUTOETC1_025102BB43BBEAC3F07578891938__519D1DA9B5B5428040C0718C8A17CD0B768CA163.udd" 701
"C:/Users/Aluno/AppData/Local/UnrealEngine/Common/DerivedDataCache/4/9/6/TEXTURE_814DCC3DC72143F49509781513CB9855_AUTOETC1_C55865344733442FBAD7D29E0B65__935C29A23C3B74F3C47F549F791EE700684D92E9.udd" 702
"C:/Users/Aluno/AppData/Local/UnrealEngine/Common/DerivedDataCache/8/8/4/TEXTURE_814DCC3DC72143F49509781513CB9855_AUTOETC1_6A6029554EC6CEDCFFC9E0836D46__4B026971A64CEC3581BCA26F4956FF9AB84E845B.udd" 703
"C:/Users/Aluno/AppData/Local/UnrealEngine/Common/DerivedDataCache/4/7/0/TEXTURE_814DCC3DC72143F49509781513CB9855_ETC1_C349D2FA2A30FC1134357D3272F2DC90__4231A3D6757BBDC8CA3D4984667DB578E2D0C097.udd" 704
"C:/Users/Aluno/AppData/Local/UnrealEngine/Common/DerivedDataCache/6/3/5/TEXTURE_814DCC3DC72143F49509781513CB9855_AUTOETC1_FCC2E3624ECEAC189015CEAD2B2D__F57BB1A3CC5D820DF9B2ECA945882E76BA8180BC.udd" 705
"C:/Users/Aluno/AppData/Local/UnrealEngine/Common/DerivedDataCache/7/1/2/TEXTURE_814DCC3DC72143F49509781513CB9855_AUTOETC1_FCC2E3624ECEAC189015CEAD2B2D__527BB4F6A1E738D4CE952983B23B5A172CD1235D.udd" 706
"C:/Users/Aluno/AppData/Local/UnrealEngine/Common/DerivedDataCache/2/7/8/TEXTURE_814DCC3DC72143F49509781513CB9855_AUTOETC1_FCC2E3624ECEAC189015CEAD2B2D__76D94ED3CF4EFECFACA69227F2ECD32E161D0FAE.udd" 707
"C:/Users/Aluno/AppData/Local/UnrealEngine/Common/DerivedDataCache/4/3/6/TEXTURE_814DCC3DC72143F49509781513CB9855_AUTOETC1_FCC2E3624ECEAC189015CEAD2B2D__7C122DADCF5CE5A315B38ACD2BAA1D9034C2EA82.udd" 708
"C:/Users/Aluno/AppData/Local/UnrealEngine/Common/DerivedDataCache/7/7/0/TEXTURE_814DCC3DC72143F49509781513CB9855_AUTOETC1_C39FA6E1430A3372261C0A90A569__5EE9FA5DCF4EF50430ABBB849FECD60F2F249C79.udd" 709
"C:/Users/Aluno/AppData/Local/UnrealEngine/Common/DerivedDataCache/3/2/1/TEXTURE_814DCC3DC72143F49509781513CB9855_G8_001F44A84F16871A324A52A5F4204698_0__65DAE9540D527BA6F6CF3B820941BAF10C7A00D9.udd" 710
"C:/Users/Aluno/AppData/Local/UnrealEngine/Common/DerivedDataCache/6/2/6/TEXTURE_814DCC3DC72143F49509781513CB9855_BGRA8_2140CA5B4637C285519D6D91BA9973B__42CF69DB21C149F8C8271914F4141A7EA80E9870.udd" 711
"C:/Users/Aluno/AppData/Local/UnrealEngine/Common/DerivedDataCache/5/3/4/TEXTURE_814DCC3DC72143F49509781513CB9855_BGRA8_D3CEBA6D46C9A259115E97AB0F4C15D__D48CF3D72478D4898EA5113CA76D953D7794E8EB.udd" 712
"C:/Users/Aluno/AppData/Local/UnrealEngine/Common/DerivedDataCache/2/8/3/TEXTURE_814DCC3DC72143F49509781513CB9855_AUTOETC1_584A79B6465982423406428F0D77__13B45E301D3369C33C1B4FFEAE67BA250077E01E.udd" 713
"C:/Users/Aluno/AppData/Local/UnrealEngine/Common/DerivedDataCache/5/7/4/TEXTURE_814DCC3DC72143F49509781513CB9855_AUTOETC1_C39FA6E1430A3372261C0A90A569__E2AB6654F70C40442F741254FA916F4BC4ECF053.udd" 714
"C:/Users/Aluno/AppData/Local/UnrealEngine/Common/DerivedDataCache/4/0/0/TEXTURE_814DCC3DC72143F49509781513CB9855_AUTOETC1_C39FA6E1430A3372261C0A90A569__8B53596BF3227E5133BAE32F2373126D316146B4.udd" 715
"C:/Users/Aluno/AppData/Local/UnrealEngine/Common/DerivedDataCache/6/4/1/TEXTURE_814DCC3DC72143F49509781513CB9855_AUTOETC1_C39FA6E1430A3372261C0A90A569__917CEEDBE612D8AD21C2084E54790949FB15E324.udd" 716
"C:/Users/Aluno/AppData/Local/UnrealEngine/Common/DerivedDataCache/0/5/6/TEXTURE_814DCC3DC72143F49509781513CB9855_AUTOETC1_C39FA6E1430A3372261C0A90A569__4ED030D5703DA66AF7CE618EE2AB9480A080BCD3.udd" 717
"C:/Users/Aluno/AppData/Local/UnrealEngine/Common/DerivedDataCache/1/2/3/TEXTURE_814DCC3DC72143F49509781513CB9855_AUTOETC1_5075C5404C9665C57F66B49F2C5D__FA6B9CB67A3B9E6CFA8A11F35CCF4CBC103241C7.udd" 718
"C:/Users/Aluno/AppData/Local/UnrealEngine/Common/DerivedDataCache/1/7/7/TEXTURE_814DCC3DC72143F49509781513CB9855_AUTOETC1_584A79B6465982423406428F0D77__BDA2BD6F1B52CCA4931B668FF6FA755A23C6BFE4.udd" 719
"C:/Users/Aluno/AppData/Local/UnrealEngine/Common/DerivedDataCache/8/0/5/TEXTURE_814DCC3DC72143F49509781513CB9855_AUTOETC1_5075C5404C9665C57F66B49F2C5D__2FC8C6DF9CC9CA632BCF8D7740DC5D7543E3C174.udd" 720
"C:/Users/Aluno/AppData/Local/UnrealEngine/Common/DerivedDataCache/3/2/1/TEXTURE_814DCC3DC72143F49509781513CB9855_AUTOETC1_5075C5404C9665C57F66B49F2C5D__25157AE026C48BA8C733E8DFABF17919BA65CA74.udd" 721
"C:/Users/Aluno/AppData/Local/UnrealEngine/Common/DerivedDataCache/2/2/6/TEXTURE_814DCC3DC72143F49509781513CB9855_G8_1C2B54F74EBDC3C23B1A0B85D55D159C_0__2E2A404ABA0B1D38FA0F8DFA476C0ECE606A40A4.udd" 722
"C:/Users/Aluno/AppData/Local/UnrealEngine/Common/DerivedDataCache/2/5/5/TEXTURE_814DCC3DC72143F49509781513CB9855_AUTOETC1_5075C5404C9665C57F66B49F2C5D__1F738BD666421D1FBB0FAF3B6CF4A871631097D3.udd" 723
"C:/Users/Aluno/AppData/Local/UnrealEngine/Common/DerivedDataCache/4/7/9/TEXTURE_814DCC3DC72143F49509781513CB9855_BGRA8_52C2D2044F80407BBABA8CB2BA04F4F__FDB37FDECA0F67A24577A4436B3C2D9D715FD7D7.udd" 724
"C:/Users/Aluno/AppData/Local/UnrealEngine/Common/DerivedDataCache/2/9/2/TEXTURE_814DCC3DC72143F49509781513CB9855_BGRA8_A28EC0C4486158C85466808599E49A4__1FF86D5F10DF5DA41E6C385F79D34A8F73D47BF5.udd" 725
"C:/Users/Aluno/AppData/Local/UnrealEngine/Common/DerivedDataCache/3/3/4/TEXTURE_814DCC3DC72143F49509781513CB9855_AUTOETC1_B1F6A23D46761DA1743FBE984F9E__919788CAE17711C81A985EA6EA2CE2D6BA423C01.udd" 726
"C:/Users/Aluno/AppData/Local/UnrealEngine/Common/DerivedDataCache/0/6/3/TEXTURE_814DCC3DC72143F49509781513CB9855_AUTOETC1_95D01D314436990422EF30A4E4FA__79152891C4F03AED7945D7C7297B1B657AEFDF7E.udd" 727
"C:/Users/Aluno/AppData/Local/UnrealEngine/Common/DerivedDataCache/9/6/6/TEXTURE_814DCC3DC72143F49509781513CB9855_BGRA8_9B0249994A9B1B14D96CD7BB7A90FB3__2A18DC3AB953CB11B5A51E842996745AAD44A376.udd" 728
"C:/Users/Aluno/AppData/Local/UnrealEngine/Common/DerivedDataCache/1/3/4/TEXTURE_814DCC3DC72143F49509781513CB9855_AUTOETC1_95D01D314436990422EF30A4E4FA__07C6306B7F3F45869EE725043A0DD285C551D9A9.udd" 729
"C:/Users/Aluno/AppData/Local/UnrealEngine/Common/DerivedDataCache/0/6/6/TEXTURE_814DCC3DC72143F49509781513CB9855_G8_017E72834BC6A481B9D2E7B57B15158A_0__795B37AA31B7CA81DD71B75F5245AE668B61FB0B.udd" 730
"C:/Users/Aluno/AppData/Local/UnrealEngine/Common/DerivedDataCache/4/7/2/TEXTURE_814DCC3DC72143F49509781513CB9855_AUTOETC1_448D83D64D92F14E184FE8814236__A1319EB74B7D0DCC0303E19E536D131BD85C8BB6.udd" 731
"C:/Users/Aluno/AppData/Local/UnrealEngine/Common/DerivedDataCache/1/9/2/TEXTURE_814DCC3DC72143F49509781513CB9855_G8_017E72834BC6A481B9D2E7B57B15158A_0__5A7547AAA9ECD61A0652042C7F2D255FA159612C.udd" 732
"C:/Users/Aluno/AppData/Local/UnrealEngine/Common/DerivedDataCache/4/0/1/TEXTURE_814DCC3DC72143F49509781513CB9855_G8_017E72834BC6A481B9D2E7B57B15158A_0__809C05BF7D54D95E76E9B7AFEC7BF80F33A0EE25.udd" 733
"C:/Users/Aluno/AppData/Local/UnrealEngine/Common/DerivedDataCache/3/4/6/TEXTURE_814DCC3DC72143F49509781513CB9855_AUTOETC1_448D83D64D92F14E184FE8814236__AFB0BB4826F2083FF4D507562195455DEDFCE373.udd" 734
"C:/Users/Aluno/AppData/Local/UnrealEngine/Common/DerivedDataCache/3/9/5/TEXTURE_814DCC3DC72143F49509781513CB9855_G8_017E72834BC6A481B9D2E7B57B15158A_0__A72CC90F41B785A461BB7C4B4E1E78C407F08EDF.udd" 735
"C:/Users/Aluno/AppData/Local/UnrealEngine/Common/DerivedDataCache/5/0/7/TEXTURE_814DCC3DC72143F49509781513CB9855_G8_017E72834BC6A481B9D2E7B57B15158A_0__2D8DBB3B6CD1CF3FA4F8B46C1638A02CA76B7F0D.udd" 736
"C:/Users/Aluno/AppData/Local/UnrealEngine/Common/DerivedDataCache/8/1/7/TEXTURE_814DCC3DC72143F49509781513CB9855_G8_017E72834BC6A481B9D2E7B57B15158A_0__2D4008767E306F2A0B61CCF0E87F1A7CDC6B7849.udd" 737
"C:/Users/Aluno/AppData/Local/UnrealEngine/Common/DerivedDataCache/5/9/9/TEXTURE_814DCC3DC72143F49509781513CB9855_AUTOETC1_448D83D64D92F14E184FE8814236__9E3288F163DA4C47F0739947487162F78C72C1ED.udd" 738
"C:/Users/Aluno/AppData/Local/UnrealEngine/Common/DerivedDataCache/0/7/5/TEXTURE_814DCC3DC72143F49509781513CB9855_AUTOETC1_52640BB9425F976C53CF3FA787E7__6731AD613568C4C3C16AA60A196D978761B42823.udd" 739
"C:/Users/Aluno/AppData/Local/UnrealEngine/Common/DerivedDataCache/6/8/0/TEXTURE_814DCC3DC72143F49509781513CB9855_AUTOETC1_448D83D64D92F14E184FE8814236__C447CEE45E12679D776AD65BADCA8EAB1C1AD9FB.udd" 740
"C:/Users/Aluno/AppData/Local/UnrealEngine/Common/DerivedDataCache/9/6/8/TEXTURE_814DCC3DC72143F49509781513CB9855_AUTOETC1_448D83D64D92F14E184FE8814236__B871A1118DD12C0E3FD23162DB02B9810B75B363.udd" 741
"C:/Users/Aluno/AppData/Local/UnrealEngine/Common/DerivedDataCache/5/9/3/TEXTURE_814DCC3DC72143F49509781513CB9855_AUTOETC1_52640BB9425F976C53CF3FA787E7__9B0A5091B46417C704ACFC5542FD5E64D781188D.udd" 742
"C:/Users/Aluno/AppData/Local/UnrealEngine/Common/DerivedDataCache/4/0/0/TEXTURE_814DCC3DC72143F49509781513CB9855_AUTOETC1_52640BB9425F976C53CF3FA787E7__704CA6D885E721661C0CD3DA59FCC6A97BEB7BE8.udd" 743
"C:/Users/Aluno/AppData/Local/UnrealEngine/Common/DerivedDataCache/4/4/5/TEXTURE_814DCC3DC72143F49509781513CB9855_AUTOETC1_448D83D64D92F14E184FE8814236__8EB8B20303415C1B65742102EE0D026EC85081B0.udd" 744
"C:/Users/Aluno/AppData/Local/UnrealEngine/Common/DerivedDataCache/8/5/4/TEXTURE_814DCC3DC72143F49509781513CB9855_AUTOETC1_122003924E39A572EF68B5BAC8A9__13325DD553F218247EE660297591AE69DE54CD80.udd" 745
"C:/Users/Aluno/AppData/Local/UnrealEngine/Common/DerivedDataCache/1/6/8/TEXTURE_814DCC3DC72143F49509781513CB9855_AUTOETC1_52640BB9425F976C53CF3FA787E7__0DDB4F5B0BB901FF2C8F551ADE807FB0B84FCED8.udd" 746
"C:/Users/Aluno/AppData/Local/UnrealEngine/Common/DerivedDataCache/9/1/8/TEXTURE_814DCC3DC72143F49509781513CB9855_AUTOETC1_6A00F1654C244F95E8B15E9A15BE__F5E3D553D4448A5C7B95B1C5D7E465B6B18F9903.udd" 747
"C:/Users/Aluno/AppData/Local/UnrealEngine/Common/DerivedDataCache/2/6/2/TEXTURE_814DCC3DC72143F49509781513CB9855_BGRA8_300F91D746B84377794E1FA74622CC3__2073FDC26C5DBF30C2FB036D844C862F26A2F643.udd" 748
"C:/Users/Aluno/AppData/Local/UnrealEngine/Common/DerivedDataCache/2/1/4/TEXTURE_814DCC3DC72143F49509781513CB9855_AUTOETC1_122003924E39A572EF68B5BAC8A9__48693624F0E1891D0EE02E5E6C92C5D18B943A57.udd" 749
"C:/Users/Aluno/AppData/Local/UnrealEngine/Common/DerivedDataCache/5/9/2/TEXTURE_814DCC3DC72143F49509781513CB9855_BGRA8_300F91D746B84377794E1FA74622CC3__9F605741DC6FBB382FA6D1D4D44DE97500E66E80.udd" 750
"C:/Users/Aluno/AppData/Local/UnrealEngine/Common/DerivedDataCache/7/7/2/TEXTURE_814DCC3DC72143F49509781513CB9855_AUTOETC1_122003924E39A572EF68B5BAC8A9__C892017FB3DDF0F30211697ACD39E63F080707AB.udd" 751
"C:/Users/Aluno/AppData/Local/UnrealEngine/Common/DerivedDataCache/6/1/4/TEXTURE_814DCC3DC72143F49509781513CB9855_AUTOETC1_122003924E39A572EF68B5BAC8A9__3FA0A83C3E924472AAFB54217E8BF113653DB397.udd" 752
"C:/Users/Aluno/AppData/Local/UnrealEngine/Common/DerivedDataCache/1/3/3/TEXTURE_814DCC3DC72143F49509781513CB9855_BGRA8_300F91D746B84377794E1FA74622CC3__215679D37B32B731D166A2C5BC282D079163F18C.udd" 753
"C:/Users/Aluno/AppData/Local/UnrealEngine/Common/DerivedDataCache/2/9/9/TEXTURE_814DCC3DC72143F49509781513CB9855_BGRA8_300F91D746B84377794E1FA74622CC3__D37F66297C91D3F89DE52480ABFD1F6D2C9E8415.udd" 754
"C:/Users/Aluno/AppData/Local/UnrealEngine/Common/DerivedDataCache/7/1/0/TEXTURE_814DCC3DC72143F49509781513CB9855_AUTOETC1_122003924E39A572EF68B5BAC8A9__007921604EBDFA0C7AB7474413FA9C2BB70991A4.udd" 755
"C:/Users/Aluno/AppData/Local/UnrealEngine/Common/DerivedDataCache/9/8/2/TEXTURE_814DCC3DC72143F49509781513CB9855_G8_EFCCE016429008D9D6575CB3A2DF598A_0__F949E4B3D838BDCB34985AA09A06B8738A445AB5.udd" 756
"C:/Users/Aluno/AppData/Local/UnrealEngine/Common/DerivedDataCache/4/2/1/TEXTURE_814DCC3DC72143F49509781513CB9855_G8_EFCCE016429008D9D6575CB3A2DF598A_0__8945277941692C5A22D79C1A7D9B477B8846D045.udd" 757
"C:/Users/Aluno/AppData/Local/UnrealEngine/Common/DerivedDataCache/3/8/5/TEXTURE_814DCC3DC72143F49509781513CB9855_G8_EFCCE016429008D9D6575CB3A2DF598A_0__D2A687F2C18FB52AE2E1EEDB04C9C77170CD0FC3.udd" 758
"C:/Users/Aluno/AppData/Local/UnrealEngine/Common/DerivedDataCache/9/3/2/TEXTURE_814DCC3DC72143F49509781513CB9855_G8_EFCCE016429008D9D6575CB3A2DF598A_0__6C2CA7981AAE3BB88E80EDB6A8D74338EC182B8A.udd" 759
"C:/Users/Aluno/AppData/Local/UnrealEngine/Common/DerivedDataCache/0/3/8/TEXTURE_814DCC3DC72143F49509781513CB9855_BGRA8_72107D3F4110EAEF3BE5D5841EFE141__EBFABFC50FA425319A0ADC765708F5FF2CC0430C.udd" 760
"C:/Users/Aluno/AppData/Local/UnrealEngine/Common/DerivedDataCache/5/8/4/TEXTURE_814DCC3DC72143F49509781513CB9855_BGRA8_4963A1D64E358284C2A151B90C2ACE2__0877A119ECF8D290E51A42A8C457FAB4635C4CE5.udd" 761
"C:/Users/Aluno/AppData/Local/UnrealEngine/Common/DerivedDataCache/7/4/9/TEXTURE_814DCC3DC72143F49509781513CB9855_BGRA8_8F68DA7846EE5B1FF2DDDC9433F817A__9FDFF1F38E2A447698C25ADA8828C9B7E78C264B.udd" 762
"C:/Users/Aluno/AppData/Local/UnrealEngine/Common/DerivedDataCache/7/6/3/TEXTURE_814DCC3DC72143F49509781513CB9855_BGRA8_D07216FC40952418CFE0E28778D79B2__89B7DC46CA82953BBE8057421208BB96E5C619A9.udd" 763
"C:/Users/Aluno/AppData/Local/UnrealEngine/Common/DerivedDataCache/0/5/7/TEXTURE_814DCC3DC72143F49509781513CB9855_BGRA8_0334AFB24D2E5AA9081F9BAFF9F95EE__ED95787AC12E31E95E769FBE5E7BFB4D77C53CB8.udd" 764
"C:/Users/Aluno/AppData/Local/UnrealEngine/Common/DerivedDataCache/9/3/5/TEXTURE_814DCC3DC72143F49509781513CB9855_BGRA8_8A9D9D2A48FA9339997AE79343CFD87__6E53AEB85A1CEED333B46798B5D732E0DB5F7973.udd" 765
"C:/Users/Aluno/AppData/Local/UnrealEngine/Common/DerivedDataCache/2/5/9/TEXTURE_814DCC3DC72143F49509781513CB9855_BGRA8_4957CBA74161F467DABFBE98D2CA62A__E14509477DFD3EB2EB2DB6FA164EBF60B21B7043.udd" 766
"C:/Users/Aluno/AppData/Local/UnrealEngine/Common/DerivedDataCache/0/1/7/TEXTURE_814DCC3DC72143F49509781513CB9855_BGRA8_70FBE2144E9E03B3586828844F8F9E3__AAD3CE188F72F692D5AA9967E2CA3DEDA43A777F.udd" 767
"C:/Users/Aluno/AppData/Local/UnrealEngine/Common/DerivedDataCache/8/3/9/TEXTURE_814DCC3DC72143F49509781513CB9855_BGRA8_BCE8FE5741A00FEBD2B9A5B20374AA1__4410B99AB8D8E546A8817042EF75F318D48732CD.udd" 768
"../../../Engine/Content/MobileResources/HUD/MobileHUDButton1_on.uasset" 769
"C:/Users/Aluno/AppData/Local/UnrealEngine/Common/DerivedDataCache/1/4/4/TEXTURE_814DCC3DC72143F49509781513CB9855_AUTOETC1_7BBBF743419EE004ACC16E9959BC__850B8551A27DDAF3FD4308855DAD15A21F3332BA.udd" 770
"../../../Engine/Content/MobileResources/HUD/MobileHUDDirectionPad.uasset" 771
"C:/Users/Aluno/AppData/Local/UnrealEngine/Common/DerivedDataCache/4/6/0/TEXTURE_814DCC3DC72143F49509781513CB9855_AUTOETC1_3F3B1DD44FE006226A690596DBDD__66F5AE46C8F2E764F5080AFDBC85172E38F50134.udd" 772
"C:/Users/Aluno/AppData/Local/UnrealEngine/Common/DerivedDataCache/8/7/6/TEXTURE_814DCC3DC72143F49509781513CB9855_AUTOETC1_3F3B1DD44FE006226A690596DBDD__22B532777E5D02E8EED5226F60AAE28B8C4FCD52.udd" 773
"../../../Engine/Content/MobileResources/HUD/MobileHUDDirectionStick.uasset" 774
"C:/Users/Aluno/AppData/Local/UnrealEngine/Common/DerivedDataCache/3/5/3/TEXTURE_814DCC3DC72143F49509781513CB9855_AUTOETC1_8EDAF7A54E378800FEB217863433__CF961769FF928EEADFD63FE3788070AC2503EA81.udd" 775
"../../../Engine/Content/MobileResources/T_MobileControls_texture.uasset" 776
"C:/Users/Aluno/AppData/Local/UnrealEngine/Common/DerivedDataCache/7/1/1/TEXTURE_814DCC3DC72143F49509781513CB9855_AUTOETC1_119D9D384F916FB5612DEB85B012__F70CE0BF99C3875DF12576A76693DBE123267F4F.udd" 777
"C:/Users/Aluno/AppData/Local/UnrealEngine/Common/DerivedDataCache/8/8/7/TEXTURE_814DCC3DC72143F49509781513CB9855_AUTOETC1_119D9D384F916FB5612DEB85B012__95D25CF6FD26984769B743186AB1479ECBEA4B78.udd" 778
"C:/Users/Aluno/AppData/Local/UnrealEngine/Common/DerivedDataCache/1/0/5/TEXTURE_814DCC3DC72143F49509781513CB9855_AUTOETC1_119D9D384F916FB5612DEB85B012__E41DCDAC7622973FEEBF50035A2C3C0FDF03B18C.udd" 779
"C:/Users/Aluno/AppData/Local/UnrealEngine/Common/DerivedDataCache/6/7/2/TEXTURE_814DCC3DC72143F49509781513CB9855_AUTOETC1_119D9D384F916FB5612DEB85B012__51E9A59B699BD636C2EF33F09BEBF1D2EAEFB259.udd" 780
"../../../Engine/Content/MobileResources/T_MobileMenu2.uasset" 781
"C:/Users/Aluno/AppData/Local/UnrealEngine/Common/DerivedDataCache/4/7/7/TEXTURE_814DCC3DC72143F49509781513CB9855_AUTOETC1_9F8FBEF84A1997E30FD384955E3D__6A408E1CDF5C92BC25E0CF0FB5311C00E0ECAD1E.udd" 782
"C:/Users/Aluno/AppData/Local/UnrealEngine/Common/DerivedDataCache/2/2/1/TEXTURE_814DCC3DC72143F49509781513CB9855_AUTOETC1_9F8FBEF84A1997E30FD384955E3D__972FDFAA7168419231780096EBA544B3058A4CE5.udd" 783
"C:/Users/Aluno/AppData/Local/UnrealEngine/Common/DerivedDataCache/8/0/4/TEXTURE_814DCC3DC72143F49509781513CB9855_AUTOETC1_9F8FBEF84A1997E30FD384955E3D__7B5BBC5F4C8A2D31195DA1BA1E6ABD488583F44F.udd" 784
"C:/Users/Aluno/AppData/Local/UnrealEngine/Common/DerivedDataCache/2/8/5/TEXTURE_814DCC3DC72143F49509781513CB9855_AUTOETC1_9F8FBEF84A1997E30FD384955E3D__660E5ADE3E286524E73EE0B62E47CA618AB37F96.udd" 785
"../../../Engine/Content/MobileResources/HUD/MobileHUDButton1_off.uasset" 786
"C:/Users/Aluno/AppData/Local/UnrealEngine/Common/DerivedDataCache/2/1/2/TEXTURE_814DCC3DC72143F49509781513CB9855_AUTOETC1_5FF2868842E6DED8A4C0CB821719__5B6E2AE7BE2273D3DFD996FF168947D01E0954E3.udd" 787
"C:/Users/Aluno/AppData/Local/UnrealEngine/Common/DerivedDataCache/6/9/7/TEXTURE_814DCC3DC72143F49509781513CB9855_AUTOETC1_CF42979D4C189447D5D739892053__942C7826C74BFBC6900D0E17E344E60952021791.udd" 788
"C:/Users/Aluno/AppData/Local/UnrealEngine/Common/DerivedDataCache/7/5/8/TEXTURE_814DCC3DC72143F49509781513CB9855_AUTOETC1_95FE44BC4C3AF942427110AA6A3E__433CE6F431F784A18C58B564426EDDBCE46C85F7.udd" 789
"C:/Users/Aluno/AppData/Local/UnrealEngine/Common/DerivedDataCache/6/0/6/TEXTURE_814DCC3DC72143F49509781513CB9855_BGRA8_FEB885274856E350932B72921DDDDFD__5F0F36A6D6499DB500E06D9B75B9A0565206D537.udd" 790
"../../../Engine/Content/EditorResources/EmptyActor.uasset" 791
"C:/Users/Aluno/AppData/Local/UnrealEngine/Common/DerivedDataCache/2/3/7/TEXTURE_814DCC3DC72143F49509781513CB9855_BGRA8_9E839E0E4933277AAB67FB869C14F9A__6C60276B70B9624A2973ABC8BB661D66EB844E8D.udd" 792
"C:/Users/Aluno/AppData/Local/UnrealEngine/Common/DerivedDataCache/5/7/5/TEXTURE_814DCC3DC72143F49509781513CB9855_BGRA8_9E839E0E4933277AAB67FB869C14F9A__7BC1922C2E345D1ABB0D1BC46468CD9FFCA2B7A5.udd" 793
"C:/Users/Aluno/AppData/Local/UnrealEngine/Common/DerivedDataCache/7/9/7/TEXTURE_814DCC3DC72143F49509781513CB9855_BGRA8_9E839E0E4933277AAB67FB869C14F9A__E5BDE673A03B9A061D3CB540CC12BEAC0CAC6739.udd" 794
"C:/Users/Aluno/AppData/Local/UnrealEngine/Common/DerivedDataCache/5/4/8/TEXTURE_814DCC3DC72143F49509781513CB9855_BGRA8_BD2910D742B4B4778E3374B97767851__F910B2E0445BFA5900D0CD3EC9C80B5608789FD4.udd" 795
"../../../Engine/Content/MobileResources/HUD/MobileHUDButton3.uasset" 796
"C:/Users/Aluno/AppData/Local/UnrealEngine/Common/DerivedDataCache/3/8/8/TEXTURE_814DCC3DC72143F49509781513CB9855_AUTOETC1_C49FDA8C4EFE04B87EBA5CB5A57D__3D9BB883A240F2BBA954D3BDF46B92BDDE31C499.udd" 797
"../../../Engine/Content/MobileResources/HUD/T_Castle_ThumbstickInner.uasset" 798
"C:/Users/Aluno/AppData/Local/UnrealEngine/Common/DerivedDataCache/7/0/6/TEXTURE_814DCC3DC72143F49509781513CB9855_BGRA8_A4535AA24BB699361857049E2A844B2__33DC436FC8699D1B1039C88C7BD1A5C66D1E258A.udd" 799
"../../../Engine/Content/MobileResources/HUD/MobileHUDButton2_off.uasset" 800
"C:/Users/Aluno/AppData/Local/UnrealEngine/Common/DerivedDataCache/6/3/5/TEXTURE_814DCC3DC72143F49509781513CB9855_AUTOETC1_D5542AFE4886708885DF42B1BE8F__2F075057FD006E88F1C937FE7B00E62F4B168B04.udd" 801
"C:/Users/Aluno/AppData/Local/UnrealEngine/Common/DerivedDataCache/8/2/5/TEXTURE_814DCC3DC72143F49509781513CB9855_AUTOETC1_D5542AFE4886708885DF42B1BE8F__5C4869AC40AB2F84EA55D81F727ED360EC265CFF.udd" 802
"../../../Engine/Content/MobileResources/HUD/AnalogHat.uasset" 803
"C:/Users/Aluno/AppData/Local/UnrealEngine/Common/DerivedDataCache/6/8/3/TEXTURE_814DCC3DC72143F49509781513CB9855_AUTOETC1_2E1EE3B14D43A62B84881B8F5AAD__B01E18D73F532638B50DDEDF827FAA1860282136.udd" 804
"../../../Engine/Content/MobileResources/HUD/LeftVirtualJoystickOnly.uasset" 805
"../../../Engine/Content/MobileResources/HUD/T_Castle_ThumbstickOutter.uasset" 806
"C:/Users/Aluno/AppData/Local/UnrealEngine/Common/DerivedDataCache/8/9/1/TEXTURE_814DCC3DC72143F49509781513CB9855_BGRA8_9F5B2DF1453DB1272733529F5E95869__4EB2A0ED4F34B3CC6C624508CD3BBE64BBA526A0.udd" 807
"../../../Engine/Content/MobileResources/HUD/MobileHUDButtonFire.uasset" 808
"C:/Users/Aluno/AppData/Local/UnrealEngine/Common/DerivedDataCache/8/1/3/TEXTURE_814DCC3DC72143F49509781513CB9855_AUTOETC1_C200B7694C3FE53EBCE97592F5F4__C8B33D317BFF80C323CD4B45D509D86A55719B3F.udd" 809
"../../../Engine/Content/MobileResources/HUD/MobileHUDButton2_on.uasset" 810
"C:/Users/Aluno/AppData/Local/UnrealEngine/Common/DerivedDataCache/4/7/6/TEXTURE_814DCC3DC72143F49509781513CB9855_AUTOETC1_80A9E59646847B4846ED6DAF42DF__0C4971E08097B9D18830DF91D757278FB50B2381.udd" 811
"C:/Users/Aluno/AppData/Local/UnrealEngine/Common/DerivedDataCache/2/7/4/TEXTURE_814DCC3DC72143F49509781513CB9855_AUTOETC1_80A9E59646847B4846ED6DAF42DF__A10033056B082BE1C9D7944F9EF35C3D7F782692.udd" 812
"../../../Engine/Content/MobileResources/HUD/MobileHUDDirectionPad2.uasset" 813
"C:/Users/Aluno/AppData/Local/UnrealEngine/Common/DerivedDataCache/0/0/3/TEXTURE_814DCC3DC72143F49509781513CB9855_AUTOETC1_F562DDF94D8D885AE92078A9DD77__856CB919E98933578DFFEC4CFAB62BB14D81E31A.udd" 814
"C:/Users/Aluno/AppData/Local/UnrealEngine/Common/DerivedDataCache/8/7/4/TEXTURE_814DCC3DC72143F49509781513CB9855_AUTOETC1_F562DDF94D8D885AE92078A9DD77__11A02FE239E7A8FCF81B0D5EC9C5F9871569D25D.udd" 815
"C:/Users/Aluno/AppData/Local/UnrealEngine/Common/DerivedDataCache/4/7/5/TEXTURE_814DCC3DC72143F49509781513CB9855_AUTOETC1_F562DDF94D8D885AE92078A9DD77__CFB2C4D30B68C76F3A3646C8D1F261C6851E4430.udd" 816
"../../../Engine/Content/MobileResources/HUD/MobileHUDDirectionPad3.uasset" 817
"C:/Users/Aluno/AppData/Local/UnrealEngine/Common/DerivedDataCache/0/0/3/TEXTURE_814DCC3DC72143F49509781513CB9855_AUTOETC1_C9D41DBE4C754F8B430E7DBADCD4__8EF7BCCA2456BC3B35A7DDB3D88C3A39E1692141.udd" 818
"C:/Users/Aluno/AppData/Local/UnrealEngine/Common/DerivedDataCache/5/0/0/TEXTURE_814DCC3DC72143F49509781513CB9855_AUTOETC1_C9D41DBE4C754F8B430E7DBADCD4__99CAE6AB8BA893DCA5FF4606B17BBE43051E2E6B.udd" 819
"C:/Users/Aluno/AppData/Local/UnrealEngine/Common/DerivedDataCache/0/3/8/TEXTURE_814DCC3DC72143F49509781513CB9855_AUTOETC1_C9D41DBE4C754F8B430E7DBADCD4__5CA27630B88BE371EC408DC97EAACC5AD150314C.udd" 820
"D:/CyclistVR/Saved/Collections/PackagesRemovedFromChunk0.collection" 821
